Log file open, 03/21/17 15:57:38
LogInit:Display: Running engine for game: Templeint
LogPlatformFile: Not using cached read wrapper
LogInit:Display: RandInit(1715554429) SRandInit(1715554429).
LogTaskGraph: Started task graph with 5 named threads and 8 total threads with 1 sets of task threads.
LogStats: Stats thread started at 0.080096
LogInit: Using libcurl 7.47.1
LogInit:  - built for x86_64-pc-win32
LogInit:  - supports SSL with OpenSSL/1.0.2g
LogInit:  - supports HTTP deflate (compression) using libz 1.2.8
LogInit:  - other features:
LogInit:      CURL_VERSION_SSL
LogInit:      CURL_VERSION_LIBZ
LogInit:      CURL_VERSION_IPV6
LogInit:      CURL_VERSION_ASYNCHDNS
LogInit:      CURL_VERSION_LARGEFILE
LogInit:      CURL_VERSION_IDN
LogInit:  CurlRequestOptions (configurable via config and command line):
LogInit:  - bVerifyPeer = false  - Libcurl will NOT verify peer certificate
LogInit:  - bUseHttpProxy = false  - Libcurl will NOT use HTTP proxy
LogInit:  - bDontReuseConnections = false  - Libcurl will reuse connections
LogInit:  - CertBundlePath = nullptr  - Libcurl will use whatever was configured at build time.
LogInit: Build: ++UE4+Release-4.15-CL-3299760
LogInit: Engine Version: 4.15.0-3299760+++UE4+Release-4.15
LogInit: Compatible Engine Version: 4.15.0-3299760+++UE4+Release-4.15
LogInit: Net CL: 3299760
LogDevObjectVersion: Number of dev versions registered: 14
LogDevObjectVersion:   Dev-Blueprints (B0D832E4-1F89-4F0D-ACCF-7EB736FD4AA2): 8
LogDevObjectVersion:   Dev-Build (E1C64328-A22C-4D53-A36C-8E866417BD8C): 0
LogDevObjectVersion:   Dev-Core (375EC13C-06E4-48FB-B500-84F0262A717E): 2
LogDevObjectVersion:   Dev-Editor (E4B068ED-F494-42E9-A231-DA0B2E46BB41): 14
LogDevObjectVersion:   Dev-Framework (CFFC743F-43B0-4480-9391-14DF171D2073): 22
LogDevObjectVersion:   Dev-Mobile (B02B49B5-BB20-44E9-A304-32B752E40360): 0
LogDevObjectVersion:   Dev-Networking (A4E4105C-59A1-49B5-A7C5-40C4547EDFEE): 0
LogDevObjectVersion:   Dev-Online (39C831C9-5AE6-47DC-9A44-9C173E1C8E7C): 0
LogDevObjectVersion:   Dev-Physics (78F01B33-EBEA-4F98-B9B4-84EACCB95AA2): 0
LogDevObjectVersion:   Dev-Platform (6631380F-2D4D-43E0-8009-CF276956A95A): 0
LogDevObjectVersion:   Dev-Rendering (12F88B9F-8875-4AFC-A67C-D90C383ABD29): 12
LogDevObjectVersion:   Dev-Sequencer (7B5AE74C-D270-4C10-A958-57980B212A5A): 3
LogDevObjectVersion:   Dev-VR (D7296918-1DD6-4BDD-9DE2-64A83CC13884): 0
LogDevObjectVersion:   Dev-LoadTimes (C2A15278-BFE7-4AFE-6C17-90FF531DF755): 1
LogInit: Compiled (64-bit): Feb 14 2017 02:04:14
LogInit: Compiled with Visual C++: 19.00.23026.00
LogInit: Build Configuration: Development
LogInit: Branch Name: ++UE4+Release-4.15
LogInit: Command line: -EpicPortal 
LogInit: Base directory: C:/Program Files/Epic Games/UE_4.15/Engine/Binaries/Win64/
LogInit: Installed Engine Build: 1
LogInit: Presizing for max 8388607 objects, including 0 objects not considered by GC, pre-allocating 0 bytes for permanent pool.
LogInit: Object subsystem initialized
[2017.03.21-21.57.38:909][  0]LogInit: Selected Device Profile: [Windows]
[2017.03.21-21.57.38:909][  0]LogInit: Applying CVar settings loaded from the selected device profile: [Windows]
[2017.03.21-21.57.38:920][  0]LogInit: Computer: eae-d-004
[2017.03.21-21.57.38:920][  0]LogInit: User: u0950276
[2017.03.21-21.57.38:920][  0]LogInit: CPU Page size=65536, Cores=4
[2017.03.21-21.57.38:920][  0]LogInit: High frequency timer resolution =3.513590 MHz
[2017.03.21-21.57.38:920][  0]LogMemory: Memory total: Physical=31.9GB (32GB approx)
[2017.03.21-21.57.38:920][  0]LogMemory: Platform Memory Stats for Windows
[2017.03.21-21.57.38:920][  0]LogMemory: Process Physical Memory: 262.42 MB used, 262.42 MB peak
[2017.03.21-21.57.38:920][  0]LogMemory: Process Virtual Memory: 262.74 MB used, 262.74 MB peak
[2017.03.21-21.57.38:920][  0]LogMemory: Physical Memory: 7043.98 MB used,  25600.66 MB free, 32644.64 MB total
[2017.03.21-21.57.38:920][  0]LogMemory: Virtual Memory: 644.46 MB used,  25600.66 MB free, 134217728.00 MB total
[2017.03.21-21.57.38:990][  0]LogTextLocalizationManager: No specific translations for ('en-US') exist, so ('en') translations will be used.
[2017.03.21-21.57.39:553][  0]LogD3D11RHI: D3D11 adapters:
[2017.03.21-21.57.39:579][  0]LogD3D11RHI:    0. 'NVIDIA GeForce GTX 1070' (Feature Level 11_0)
[2017.03.21-21.57.39:579][  0]LogD3D11RHI:       8145/0/16322 MB DedicatedVideo/DedicatedSystem/SharedSystem, Outputs:1, VendorId:0x10de
[2017.03.21-21.57.39:584][  0]LogD3D11RHI:    1. 'Intel(R) HD Graphics 4600' (Feature Level 11_0)
[2017.03.21-21.57.39:584][  0]LogD3D11RHI:       112/0/2048 MB DedicatedVideo/DedicatedSystem/SharedSystem, Outputs:0, VendorId:0x8086
[2017.03.21-21.57.39:584][  0]LogD3D11RHI:    2. 'Microsoft Basic Render Driver' (Feature Level 11_0)
[2017.03.21-21.57.39:584][  0]LogD3D11RHI:       0/0/16322 MB DedicatedVideo/DedicatedSystem/SharedSystem, Outputs:0, VendorId:0x1414
[2017.03.21-21.57.39:584][  0]LogD3D11RHI: Chosen D3D11 Adapter: 0
[2017.03.21-21.57.39:588][  0]LogD3D11RHI: Creating new Direct3DDevice
[2017.03.21-21.57.39:588][  0]LogD3D11RHI:     GPU DeviceId: 0x1b81 (for the marketing name, search the web for "GPU Device Id")
[2017.03.21-21.57.39:588][  0]LogWindows: EnumDisplayDevices:
[2017.03.21-21.57.39:588][  0]LogWindows:    0. 'NVIDIA GeForce GTX 1070' (P:1 D:1)
[2017.03.21-21.57.39:589][  0]LogWindows:    1. 'NVIDIA GeForce GTX 1070' (P:0 D:0)
[2017.03.21-21.57.39:589][  0]LogWindows:    2. 'NVIDIA GeForce GTX 1070' (P:0 D:0)
[2017.03.21-21.57.39:589][  0]LogWindows:    3. 'NVIDIA GeForce GTX 1070' (P:0 D:0)
[2017.03.21-21.57.39:589][  0]LogWindows:    4. 'Intel(R) HD Graphics 4600' (P:0 D:0)
[2017.03.21-21.57.39:589][  0]LogWindows:    5. 'Intel(R) HD Graphics 4600' (P:0 D:0)
[2017.03.21-21.57.39:589][  0]LogWindows:    6. 'Intel(R) HD Graphics 4600' (P:0 D:0)
[2017.03.21-21.57.39:589][  0]LogWindows: DebugString: PrimaryIsNotTheChoosenAdapter PrimaryIsNotTheChoosenAdapter PrimaryIsNotTheChoosenAdapter FoundDriverCount:4 
[2017.03.21-21.57.39:589][  0]LogD3D11RHI:     Adapter Name: NVIDIA GeForce GTX 1070
[2017.03.21-21.57.39:589][  0]LogD3D11RHI:   Driver Version: 376.53 (internal:21.21.13.7653, unified:376.53)
[2017.03.21-21.57.39:589][  0]LogD3D11RHI:      Driver Date: 12-29-2016
[2017.03.21-21.57.39:589][  0]LogRHI: Texture pool is 1361 MB (70% of 1945 MB)
[2017.03.21-21.57.39:600][  0]LogD3D11RHI: Async texture creation enabled
[2017.03.21-21.57.39:610][  0]LogD3D11RHI: GPU Timing Frequency: 1000.000000 (Debug: 2 1)
[2017.03.21-21.57.39:659][  0]LogShaderCompilers: Guid format shader working directory is -1 characters bigger than the processId version (../../../../../../Users/u0950276/Desktop/Templeint/Intermediate/Shaders/WorkingDirectory/5484/).
[2017.03.21-21.57.39:659][  0]LogShaderCompilers: Cleaned the shader compiler working directory 'C:/Users/u0950276/AppData/Local/Temp/UnrealShaderWorkingDir/BCD907B144F1AF5B9B474B916532E801/'.
[2017.03.21-21.57.39:659][  0]LogShaderCompilers:Display: Using Local Shader Compiler.
[2017.03.21-21.57.40:572][  0]LogTemp:Display: Loaded TP AllDesktopTargetPlatform
[2017.03.21-21.57.40:621][  0]LogTemp:Display: Loaded TP MacClientTargetPlatform
[2017.03.21-21.57.40:670][  0]LogTemp:Display: Loaded TP MacNoEditorTargetPlatform
[2017.03.21-21.57.40:715][  0]LogTemp:Display: Loaded TP MacServerTargetPlatform
[2017.03.21-21.57.40:766][  0]LogTemp:Display: Loaded TP MacTargetPlatform
[2017.03.21-21.57.40:811][  0]LogTemp:Display: Loaded TP WindowsClientTargetPlatform
[2017.03.21-21.57.40:855][  0]LogTemp:Display: Loaded TP WindowsNoEditorTargetPlatform
[2017.03.21-21.57.40:904][  0]LogTemp:Display: Loaded TP WindowsServerTargetPlatform
[2017.03.21-21.57.40:943][  0]LogTemp:Display: Loaded TP WindowsTargetPlatform
[2017.03.21-21.57.40:990][  0]LogTemp:Display: Loaded TP AndroidTargetPlatform
[2017.03.21-21.57.41:037][  0]LogTemp:Display: Loaded TP Android_ASTCTargetPlatform
[2017.03.21-21.57.41:080][  0]LogTemp:Display: Loaded TP Android_ATCTargetPlatform
[2017.03.21-21.57.41:127][  0]LogTemp:Display: Loaded TP Android_DXTTargetPlatform
[2017.03.21-21.57.41:171][  0]LogTemp:Display: Loaded TP Android_ETC1TargetPlatform
[2017.03.21-21.57.41:218][  0]LogTemp:Display: Loaded TP Android_ETC2TargetPlatform
[2017.03.21-21.57.41:313][  0]LogTemp:Display: Loaded TP Android_MultiTargetPlatform
[2017.03.21-21.57.41:313][  0]LogTemp:Display: Loaded TP Android_PVRTCTargetPlatform
[2017.03.21-21.57.41:351][  0]LogTemp:Display: Loaded TP HTML5TargetPlatform
[2017.03.21-21.57.41:439][  0]LogTemp:Display: Loaded TP IOSTargetPlatform
[2017.03.21-21.57.41:469][  0]LogTemp:Display: Loaded TP TVOSTargetPlatform
[2017.03.21-21.57.41:516][  0]LogTemp:Display: Loaded TP LinuxClientTargetPlatform
[2017.03.21-21.57.41:559][  0]LogTemp:Display: Loaded TP LinuxNoEditorTargetPlatform
[2017.03.21-21.57.41:606][  0]LogTemp:Display: Loaded TP LinuxServerTargetPlatform
[2017.03.21-21.57.41:655][  0]LogTemp:Display: Loaded TP LinuxTargetPlatform
[2017.03.21-21.57.41:655][  0]LogTargetPlatformManager:Display: Building Assets For Windows
[2017.03.21-21.57.42:027][  0]LogDerivedDataCache:Display: Max Cache Size: 512 MB
[2017.03.21-21.57.42:073][  0]LogDerivedDataCache: Loaded boot cache 0.05s 50MB C:/Users/u0950276/AppData/Local/UnrealEngine/4.15/DerivedDataCache/Boot.ddc.
[2017.03.21-21.57.42:073][  0]LogDerivedDataCache:Display: Loaded Boot cache: C:/Users/u0950276/AppData/Local/UnrealEngine/4.15/DerivedDataCache/Boot.ddc
[2017.03.21-21.57.42:073][  0]LogDerivedDataCache: FDerivedDataBackendGraph:  Pak pak cache file ../../../../../../Users/u0950276/Desktop/Templeint/DerivedDataCache/DDC.ddp not found, will not use a pak cache.
[2017.03.21-21.57.42:073][  0]LogDerivedDataCache: Unable to find inner node Pak for hierarchical cache Hierarchy.
[2017.03.21-21.57.42:073][  0]LogDerivedDataCache: FDerivedDataBackendGraph:  CompressedPak pak cache file ../../../../../../Users/u0950276/Desktop/Templeint/DerivedDataCache/Compressed.ddp not found, will not use a pak cache.
[2017.03.21-21.57.42:073][  0]LogDerivedDataCache: Unable to find inner node CompressedPak for hierarchical cache Hierarchy.
[2017.03.21-21.57.42:091][  0]LogDerivedDataCache:Display: Pak cache opened for reading ../../../Engine/DerivedDataCache/Compressed.ddp.
[2017.03.21-21.57.42:103][  0]LogDerivedDataCache: Using Local data cache path C:/Users/u0950276/AppData/Local/UnrealEngine/Common/DerivedDataCache: Writable
[2017.03.21-21.57.42:110][  0]LogSlate: Using Freetype 2.6.0
[2017.03.21-21.57.42:110][  0]LogSlate: SlateFontCache - WITH_FREETYPE: 1, WITH_HARFBUZZ: 1
[2017.03.21-21.57.42:110][  0]LogSlate: SlateFontCache - WITH_FREETYPE: 1, WITH_HARFBUZZ: 1
[2017.03.21-21.57.42:327][  0]LogInit: Selected Device Profile: [Windows]
[2017.03.21-21.57.42:329][  0]LogContentStreaming: Texture pool size is 0.00 MB
[2017.03.21-21.57.42:507][  0]LogMeshUtilities: Using QuadricMeshReduction for automatic static mesh reduction
[2017.03.21-21.57.42:541][  0]LogSimplygon: Simplygon DLL not present - disabling.
[2017.03.21-21.57.42:579][  0]LogMeshUtilities: Using SimplygonSwarm for distributed automatic mesh merging
[2017.03.21-21.57.42:579][  0]LogMeshUtilities: No automatic skeletal mesh reduction module available
[2017.03.21-21.57.42:579][  0]LogMeshUtilities: No automatic mesh merging module available
[2017.03.21-21.57.43:029][  0]LogNetVersion: GetLocalNetworkVersion: CL: 3299760, ProjectName: templeint, ProjectVersion: , EngineNetworkVersion: 2, GameNetworkVersion: 0, NetworkChecksum: 4162902586
[2017.03.21-21.57.43:072][  0]LogAssetRegistry: FAssetRegistry took 0.0223 seconds to start up
[2017.03.21-21.57.43:119][  0]LogPackageLocalizationCache: Processed 3 localized package path(s) for 2 prioritized culture(s) in 0.027241 seconds
[2017.03.21-21.57.43:124][  0]LogUObjectArray: 32475 objects as part of root set at end of initial load.
[2017.03.21-21.57.43:124][  0]LogUObjectAllocator: 7073368 out of 0 bytes used by permanent object pool.
[2017.03.21-21.57.43:124][  0]LogUObjectArray: CloseDisregardForGC: 0/0 objects in disregard for GC pool
[2017.03.21-21.57.43:177][  0]LogInit: WinSock: version 1.1 (2.2), MaxSocks=32767, MaxUdp=65467
[2017.03.21-21.57.44:656][  0]LogTcpMessaging: Initializing TcpMessaging bridge
[2017.03.21-21.57.44:693][  0]LogUdpMessaging: Initializing bridge on interface 0.0.0.0:0 to multicast group 230.0.0.1:6666.
[2017.03.21-21.57.45:101][  0]LogMaterial: Uniform references updated for custom material expression Custom.
[2017.03.21-21.57.45:409][  0]SourceControl: Info Source control is disabled
[2017.03.21-21.57.45:437][  0]SourceControl: Info Source control is disabled
[2017.03.21-21.57.45:480][  0]SourceControl: Info Source control is disabled
[2017.03.21-21.57.45:530][  0]SourceControl: Info Source control is disabled
[2017.03.21-21.57.46:621][  0]LogEngine: Initializing Engine...
[2017.03.21-21.57.46:622][  0]LogHMD: Failed to initialize OpenVR with code 110
[2017.03.21-21.57.46:807][  0]LogAIModule: Creating AISystem for world Untitled
[2017.03.21-21.57.46:817][  0]LogInit: XAudio2 using 'DELL UZ2315H-4 (NVIDIA High Definition Audio)' : 2 channels at 48 kHz using 16 bits per sample (channel mask 0x3)
[2017.03.21-21.57.46:830][  0]LogInit: FAudioDevice initialized.
[2017.03.21-21.57.46:855][  0]LogDerivedDataCache: Saved boot cache 0.02s 50MB C:/Users/u0950276/AppData/Local/UnrealEngine/4.15/DerivedDataCache/Boot.ddc.
[2017.03.21-21.57.46:862][  0]LogInit: Texture streaming: Enabled
[2017.03.21-21.57.46:949][  0]LogEngineSessionManager: EngineSessionManager initialized
[2017.03.21-21.57.47:023][  0]LogInit: Transaction tracking system initialized
[2017.03.21-21.57.47:324][  0]BlueprintLog: New page: Editor Load
[2017.03.21-21.57.48:108][  0]LocalizationService: Info Localization service is disabled
[2017.03.21-21.57.48:688][  0]LogConsoleResponse:Display: 
[2017.03.21-21.57.48:803][  0]LogCook:Display: Max memory allowance for cook 16384mb min free memory 0mb
[2017.03.21-21.57.48:803][  0]LogCook:Display: Mobile HDR setting 1
[2017.03.21-21.57.49:615][  0]LogFileCache: Scanning file cache for directory 'C:/Users/u0950276/Desktop/Templeint/Content/' took 0.02s
[2017.03.21-21.57.49:652][  0]SourceControl: Info Source control is disabled
[2017.03.21-21.57.49:652][  0]Cmd: MAP LOAD FILE="../../../../../../Users/u0950276/Desktop/Templeint/Content/StarterContent/Maps/Minimal_Default.umap" TEMPLATE=0 SHOWPROGRESS=1 FEATURELEVEL=3
[2017.03.21-21.57.49:656][  0]LightingResults: New page: Lighting Build
[2017.03.21-21.57.49:689][  0]MapCheck: New page: Map Check
[2017.03.21-21.57.49:689][  0]LightingResults: New page: Lighting Build
[2017.03.21-21.57.50:061][  0]LogAIModule: Creating AISystem for world Minimal_Default
[2017.03.21-21.57.50:068][  0]LogEditorServer: Finished looking for orphan Actors (0.000 secs)
[2017.03.21-21.57.50:069][  0]Cmd: MAP CHECKDEP NOCLEARLOG
[2017.03.21-21.57.50:107][  0]MapCheck: Info Map check complete: 0 Error(s), 0 Warning(s), took 38.144ms to complete.
[2017.03.21-21.57.50:107][  0]LogFileHelpers: Loading map 'Minimal_Default' took 0.455
[2017.03.21-21.57.50:156][  0]LogWindowsTextInputMethodSystem:Display: IME system now deactivated.
[2017.03.21-21.57.50:291][  0]LogCollectionManager: Loaded 0 collections in 0.001657 seconds
[2017.03.21-21.57.50:372][  0]LogFileCache: Scanning file cache for directory 'C:/Users/u0950276/Desktop/Templeint/Saved/Collections/' took 0.01s
[2017.03.21-21.57.50:372][  0]LogFileCache: Scanning file cache for directory 'C:/Users/u0950276/Desktop/Templeint/Content/Developers/u0950276/Collections/' took 0.01s
[2017.03.21-21.57.50:372][  0]LogFileCache: Scanning file cache for directory 'C:/Users/u0950276/Desktop/Templeint/Content/Collections/' took 0.01s
[2017.03.21-21.57.50:372][  0]LogCollectionManager: Rebuilt the GUID cache for 0 collections in 0.000002 seconds
[2017.03.21-21.57.50:381][  0]LogContentBrowser: Native class hierarchy populated in 0.0079 seconds. Added 2244 classes and 450 folders.
[2017.03.21-21.57.50:386][  0]LogStats: UGameplayTagsManager::ConstructGameplayTagTree: Construct from data asset -  0.000 s
[2017.03.21-21.57.50:386][  0]LogStats: UGameplayTagsManager::ConstructGameplayTagTree: GameplayTagTreeChangedEvent.Broadcast -  0.000 s
[2017.03.21-21.57.50:439][  0]LogContentBrowser: Native class hierarchy updated for 'WidgetCarousel' in 0.0004 seconds. Added 0 classes and 0 folders.
[2017.03.21-21.57.50:698][  0]LogContentBrowser: Native class hierarchy updated for 'AddContentDialog' in 0.0005 seconds. Added 0 classes and 0 folders.
[2017.03.21-21.57.50:740][  0]LogContentBrowser: Native class hierarchy updated for 'SceneOutliner' in 0.0005 seconds. Added 1 classes and 2 folders.
[2017.03.21-21.57.50:804][  0]LogCrashTracker: Crashtracker disabled due to settings.
[2017.03.21-21.57.50:887][  0]LogContentBrowser: Native class hierarchy updated for 'HierarchicalLODOutliner' in 0.0005 seconds. Added 1 classes and 2 folders.
[2017.03.21-21.57.50:887][  0]LogLoad: (Engine Initialization) Total time: 13.67 seconds
[2017.03.21-21.57.50:887][  0]LogLoad: (Engine Initialization) Total Blueprint compile time: 0.08 seconds
[2017.03.21-21.57.50:887][  0]LogExternalProfiler: Found external profiler: VSPerf
[2017.03.21-21.57.50:887][  0]LogExternalProfiler: Using external profiler: VSPerf
[2017.03.21-21.57.50:896][  0]LogOcInput: OculusInput pre-init called
[2017.03.21-21.57.50:917][  0]LogContentStreaming: Texture pool size now 1000 MB
[2017.03.21-21.57.50:918][  0]LogSlate: Took 0.000170 seconds to synchronously load lazily loaded font '../../../Engine/Content/Slate/Fonts/Roboto-Regular.ttf' (155K)
[2017.03.21-21.57.50:923][  0]LogSlate: Took 0.000256 seconds to synchronously load lazily loaded font '../../../Engine/Content/Slate/Fonts/Roboto-Bold.ttf' (160K)
[2017.03.21-21.57.50:933][  0]LogSlate: Took 0.004218 seconds to synchronously load lazily loaded font '../../../Engine/Content/Editor/Slate/Fonts/FontAwesome.ttf' (139K)
[2017.03.21-21.57.51:038][  0]LogSlate: Took 0.003605 seconds to synchronously load lazily loaded font '../../../Engine/Content/Slate/Fonts/Roboto-Light.ttf' (159K)
[2017.03.21-21.57.51:077][  1]LogAssetRegistry: Asset discovery search completed in 8.0279 seconds
[2017.03.21-21.57.51:077][  1]LogCollectionManager: Rebuilt the object cache for 0 collections in 0.000003 seconds (found 0 objects)
[2017.03.21-21.57.51:077][  1]LogCollectionManager: Fixed up redirectors for 0 collections in 0.000015 seconds (updated 0 objects)
[2017.03.21-21.57.51:101][  2]LogRenderer: Reallocating scene render targets to support 548x224 NumSamples 1 (Frame:2).
[2017.03.21-21.57.53:658][228]LogRenderer: Reallocating scene render targets to support 1208x576 NumSamples 1 (Frame:231).
[2017.03.21-21.57.57:832][725]LogSlate: Took 0.000112 seconds to synchronously load lazily loaded font '../../../Engine/Content/Slate/Fonts/Roboto-Light.ttf' (159K)
[2017.03.21-21.57.58:067][725]LogStaticMesh: Building static mesh arrows...
[2017.03.21-21.57.58:069][725]LogStaticMesh: Built static mesh [0.00s] /Game/stuff/arrows.arrows
[2017.03.21-21.57.58:070][725]LogStaticMesh: Building static mesh brokenwall...
[2017.03.21-21.57.58:157][725]LogStaticMesh: Built static mesh [0.09s] /Game/stuff/brokenwall.brokenwall
[2017.03.21-21.57.58:168][725]LogStaticMesh: Building static mesh holeinthewall2...
[2017.03.21-21.57.58:258][725]LogStaticMesh: Built static mesh [0.09s] /Game/stuff/holeinthewall2.holeinthewall2
[2017.03.21-21.57.58:266][725]LogStaticMesh: Building static mesh slide...
[2017.03.21-21.57.58:275][725]LogStaticMesh: Built static mesh [0.01s] /Game/stuff/slide.slide
[2017.03.21-21.57.58:277][725]LogStaticMesh: Building static mesh torch2...
[2017.03.21-21.57.58:294][725]LogStaticMesh: Built static mesh [0.02s] /Game/stuff/torch2.torch2
[2017.03.21-21.57.58:295][725]LogStaticMesh: Building static mesh wallz2...
[2017.03.21-21.57.58:375][725]LogStaticMesh: Built static mesh [0.08s] /Game/stuff/wallz2.wallz2
[2017.03.21-21.57.58:387][725]LogStaticMesh: Building static mesh wallz...
[2017.03.21-21.57.58:467][725]LogStaticMesh: Built static mesh [0.08s] /Game/stuff/wallz.wallz
[2017.03.21-21.57.58:484][725]LogMaterial: Missing cached shader map for material black, compiling. 
[2017.03.21-21.57.58:485][725]LogTemp:Display: Added material ShaderMap 0x000001401248C480 with Material 0x0000014061153D00 to ShaderMapsBeingCompiled
[2017.03.21-21.57.58:517][725]LogTemp:Display: Kicking off shader compilation for black, GameThreadShaderMap 0x000001401248C480
[2017.03.21-21.57.58:524][725]LogTexture:Display: Building textures: HQ_Lightmap0_4 (AutoDXT)
[2017.03.21-21.57.58:546][725]LogTexture:Display: Building textures: HQ_Lightmap1_1 (AutoDXT)
[2017.03.21-21.57.58:831][725]LogTexture:Display: Building textures: HQ_Lightmap1_2 (AutoDXT)
[2017.03.21-21.57.59:098][725]LogSlate: Took 0.000187 seconds to synchronously load lazily loaded font '../../../Engine/Content/Slate/Fonts/Roboto-Regular.ttf' (155K)
[2017.03.21-21.57.59:125][725]LogTexture:Display: Building textures: HQ_Lightmap1_3 (AutoDXT)
[2017.03.21-21.57.59:363][725]LogTexture:Display: Building textures: LQ_Lightmap_0_4 (DXT1)
[2017.03.21-21.57.59:385][725]LogTexture:Display: Building textures: LQ_Lightmap_1_1 (DXT1)
[2017.03.21-21.57.59:522][725]LogTexture:Display: Building textures: LQ_Lightmap_1_2 (DXT1)
[2017.03.21-21.57.59:660][725]LogTexture:Display: Building textures: LQ_Lightmap_1_3 (DXT1)
[2017.03.21-21.57.59:779][725]LogTexture:Display: Building textures: ShadowMapTexture2D_18 (BGRA8)
[2017.03.21-21.57.59:831][725]LogTexture:Display: Building textures: ShadowMapTexture2D_19 (BGRA8)
[2017.03.21-21.57.59:844][725]LogTexture:Display: Building textures: ShadowMapTexture2D_20 (G8)
[2017.03.21-21.57.59:849][725]LogMaterial: Missing cached shader map for material initialShadingGroup, compiling. 
[2017.03.21-21.57.59:850][725]LogTemp:Display: Added material ShaderMap 0x000001401EBC4800 with Material 0x0000014064811A80 to ShaderMapsBeingCompiled
[2017.03.21-21.57.59:878][725]LogTemp:Display: Kicking off shader compilation for initialShadingGroup, GameThreadShaderMap 0x000001401EBC4800
[2017.03.21-21.57.59:879][725]LogAIModule: Creating AISystem for world Minimal_Default
[2017.03.21-21.57.59:914][725]Cmd: MAP LOAD FILE="../../../../../../Users/u0950276/Desktop/Templeint/Content/Minimal_Default.umap" TEMPLATE=0 SHOWPROGRESS=1 FEATURELEVEL=3
[2017.03.21-21.57.59:914][725]LightingResults: New page: Lighting Build
[2017.03.21-21.57.59:916][725]LoadErrors: New page: Loading map: Minimal_Default.umap
[2017.03.21-21.57.59:917][725]MapCheck: New page: Map Check
[2017.03.21-21.57.59:917][725]LightingResults: New page: Lighting Build
[2017.03.21-21.57.59:947][725]LogEditorServer: Finished looking for orphan Actors (0.000 secs)
[2017.03.21-21.57.59:976][725]Cmd: MAP CHECKDEP NOCLEARLOG
[2017.03.21-21.58.00:043][725]MapCheck: Info Map check complete: 0 Error(s), 0 Warning(s), took 66.918ms to complete.
[2017.03.21-21.58.00:044][725]LogFileHelpers: Loading map 'Minimal_Default' took 0.131
[2017.03.21-21.58.02:324][883]LogTemp:Display: Finished compile of shader map 0x000001401248C480
[2017.03.21-21.58.02:324][883]LogTemp:Display: Shader map black complete, GameThreadShaderMap 0x000001401248C480, marking material black as finished
[2017.03.21-21.58.02:324][883]LogTemp:Display: Marking material as finished 0x0000014061153D00
[2017.03.21-21.58.03:455][  7]LogTemp:Display: Finished compile of shader map 0x000001401EBC4800
[2017.03.21-21.58.03:455][  7]LogTemp:Display: Shader map initialShadingGroup complete, GameThreadShaderMap 0x000001401EBC4800, marking material initialShadingGroup as finished
[2017.03.21-21.58.03:455][  7]LogTemp:Display: Marking material as finished 0x0000014064811A80
[2017.03.21-21.58.05:081][186]LogRenderer: Reallocating scene render targets to support 1340x660 NumSamples 1 (Frame:1173).
[2017.03.21-21.58.05:123][187]LogRenderer: Reallocating scene render targets to support 1920x1040 NumSamples 1 (Frame:1175).
[2017.03.21-21.58.15:225][371]LogEditorViewport: Clicking on Actor (LMB): StaticMeshActor (Floor_400x401)
[2017.03.21-21.58.32:903][354]Cmd: TRANSACTION UNDO
[2017.03.21-21.58.32:903][354]LogEditorTransaction: Undo Move Actors
[2017.03.21-21.58.32:923][354]LogSlate: Took 0.000237 seconds to synchronously load lazily loaded font '../../../Engine/Content/Slate/Fonts/Roboto-Light.ttf' (159K)
[2017.03.21-21.58.33:185][385]Cmd: TRANSACTION UNDO
[2017.03.21-21.58.33:185][385]LogEditorTransaction: Undo Move Actors
[2017.03.21-21.58.46:136][928]LogEditorViewport: Clicking on Actor (LMB): BP_Sky_Sphere_C (BP_Sky_Sphere)
[2017.03.21-21.58.48:571][183]MapCheck: New page: Map Check
[2017.03.21-21.58.48:589][183]Cmd: MAP REBUILD ALLVISIBLE
[2017.03.21-21.58.48:589][183]LogEditorServer: Rebuildmap Clear paths rebuilt
[2017.03.21-21.58.48:675][183]LogMaterial: Missing cached shader map for material FDebugViewModeMaterialProxy WorldGridMaterial, compiling. Is special engine material.
[2017.03.21-21.58.48:676][183]LogTemp:Display: Added material ShaderMap 0x00000140214A9980 with Material 0x0000014062CE6200 to ShaderMapsBeingCompiled
[2017.03.21-21.58.48:679][183]LogTemp:Display: Kicking off shader compilation for FDebugViewModeMaterialProxy WorldGridMaterial, GameThreadShaderMap 0x00000140214A9980
[2017.03.21-21.58.48:681][183]LogMaterial: Missing cached shader map for material FDebugViewModeMaterialProxy MaterialInstanceDynamic_2, compiling. 
[2017.03.21-21.58.48:682][183]LogTemp:Display: Added material ShaderMap 0x00000140214A9280 with Material 0x0000014062CE4700 to ShaderMapsBeingCompiled
[2017.03.21-21.58.48:684][183]LogTemp:Display: Kicking off shader compilation for FDebugViewModeMaterialProxy MaterialInstanceDynamic_2, GameThreadShaderMap 0x00000140214A9280
[2017.03.21-21.58.48:686][183]LogMaterial: Missing cached shader map for material FDebugViewModeMaterialProxy M_Brick_Cut_Stone, compiling. 
[2017.03.21-21.58.48:687][183]LogTemp:Display: Added material ShaderMap 0x00000140214A8480 with Material 0x0000014062CE6B00 to ShaderMapsBeingCompiled
[2017.03.21-21.58.48:690][183]LogTemp:Display: Kicking off shader compilation for FDebugViewModeMaterialProxy M_Brick_Cut_Stone, GameThreadShaderMap 0x00000140214A8480
[2017.03.21-21.58.48:693][183]LogMaterial: Missing cached shader map for material FDebugViewModeMaterialProxy M_Basic_Floor, compiling. 
[2017.03.21-21.58.48:694][183]LogTemp:Display: Added material ShaderMap 0x0000014006C2AE80 with Material 0x0000014020D73A00 to ShaderMapsBeingCompiled
[2017.03.21-21.58.48:696][183]LogTemp:Display: Kicking off shader compilation for FDebugViewModeMaterialProxy M_Basic_Floor, GameThreadShaderMap 0x0000014006C2AE80
[2017.03.21-21.58.48:700][183]LogMaterial: Missing cached shader map for material FDebugViewModeMaterialProxy M_Basic_Wall, compiling. 
[2017.03.21-21.58.48:701][183]LogTemp:Display: Added material ShaderMap 0x00000140052EFC80 with Material 0x0000014020D72E00 to ShaderMapsBeingCompiled
[2017.03.21-21.58.48:703][183]LogTemp:Display: Kicking off shader compilation for FDebugViewModeMaterialProxy M_Basic_Wall, GameThreadShaderMap 0x00000140052EFC80
[2017.03.21-21.58.48:707][183]LogMaterial: Missing cached shader map for material FDebugViewModeMaterialProxy BasicShapeMaterial, compiling. 
[2017.03.21-21.58.48:708][183]LogTemp:Display: Added material ShaderMap 0x00000140052EDD00 with Material 0x0000014016529F00 to ShaderMapsBeingCompiled
[2017.03.21-21.58.48:711][183]LogTemp:Display: Kicking off shader compilation for FDebugViewModeMaterialProxy BasicShapeMaterial, GameThreadShaderMap 0x00000140052EDD00
[2017.03.21-21.58.48:713][183]LogMaterial: Missing cached shader map for material FDebugViewModeMaterialProxy M_Fire_SubUV, compiling. 
[2017.03.21-21.58.48:715][183]LogTemp:Display: Added material ShaderMap 0x00000140052ED280 with Material 0x000001401652BD00 to ShaderMapsBeingCompiled
[2017.03.21-21.58.48:718][183]LogTemp:Display: Kicking off shader compilation for FDebugViewModeMaterialProxy M_Fire_SubUV, GameThreadShaderMap 0x00000140052ED280
[2017.03.21-21.58.48:721][183]LogMaterial: Missing cached shader map for material FDebugViewModeMaterialProxy M_smoke_subUV, compiling. 
[2017.03.21-21.58.48:722][183]LogTemp:Display: Added material ShaderMap 0x00000140052EC800 with Material 0x0000014016529900 to ShaderMapsBeingCompiled
[2017.03.21-21.58.48:725][183]LogTemp:Display: Kicking off shader compilation for FDebugViewModeMaterialProxy M_smoke_subUV, GameThreadShaderMap 0x00000140052EC800
[2017.03.21-21.58.48:727][183]LogMaterial: Missing cached shader map for material FDebugViewModeMaterialProxy M_Radial_Gradient, compiling. 
[2017.03.21-21.58.48:728][183]LogTemp:Display: Added material ShaderMap 0x0000014028E9FC80 with Material 0x0000014016529300 to ShaderMapsBeingCompiled
[2017.03.21-21.58.48:730][183]LogTemp:Display: Kicking off shader compilation for FDebugViewModeMaterialProxy M_Radial_Gradient, GameThreadShaderMap 0x0000014028E9FC80
[2017.03.21-21.58.48:732][183]LogMaterial: Missing cached shader map for material FDebugViewModeMaterialProxy M_Heat_Distortion, compiling. 
[2017.03.21-21.58.48:734][183]LogTemp:Display: Added material ShaderMap 0x0000014028E9EE80 with Material 0x0000014016529600 to ShaderMapsBeingCompiled
[2017.03.21-21.58.48:735][183]LogTemp:Display: Kicking off shader compilation for FDebugViewModeMaterialProxy M_Heat_Distortion, GameThreadShaderMap 0x0000014028E9EE80
[2017.03.21-21.58.48:739][183]LogMaterial: Missing cached shader map for material FDebugViewModeMaterialProxy black, compiling. 
[2017.03.21-21.58.48:740][183]LogTemp:Display: Added material ShaderMap 0x0000014028E9E400 with Material 0x0000014016528A00 to ShaderMapsBeingCompiled
[2017.03.21-21.58.48:741][183]LogTemp:Display: Kicking off shader compilation for FDebugViewModeMaterialProxy black, GameThreadShaderMap 0x0000014028E9E400
[2017.03.21-21.58.48:744][183]LogMaterial: Missing cached shader map for material FDebugViewModeMaterialProxy M_Concrete_Grime, compiling. 
[2017.03.21-21.58.48:745][183]LogTemp:Display: Added material ShaderMap 0x0000014028E9D980 with Material 0x0000014004486E00 to ShaderMapsBeingCompiled
[2017.03.21-21.58.48:747][183]LogTemp:Display: Kicking off shader compilation for FDebugViewModeMaterialProxy M_Concrete_Grime, GameThreadShaderMap 0x0000014028E9D980
[2017.03.21-21.58.48:750][183]LogMaterial: Missing cached shader map for material FDebugViewModeMaterialProxy M_Brick_Clay_Old, compiling. 
[2017.03.21-21.58.48:750][183]LogTemp:Display: Added material ShaderMap 0x0000014028E9CF00 with Material 0x0000014004487700 to ShaderMapsBeingCompiled
[2017.03.21-21.58.48:752][183]LogTemp:Display: Kicking off shader compilation for FDebugViewModeMaterialProxy M_Brick_Clay_Old, GameThreadShaderMap 0x0000014028E9CF00
[2017.03.21-21.58.48:755][183]LogMaterial: Missing cached shader map for material FDebugViewModeMaterialProxy M_Wood_Walnut, compiling. 
[2017.03.21-21.58.48:755][183]LogTemp:Display: Added material ShaderMap 0x0000014028E9C480 with Material 0x0000014004485C00 to ShaderMapsBeingCompiled
[2017.03.21-21.58.48:757][183]LogTemp:Display: Kicking off shader compilation for FDebugViewModeMaterialProxy M_Wood_Walnut, GameThreadShaderMap 0x0000014028E9C480
[2017.03.21-21.58.48:759][183]LogMaterial: Missing cached shader map for material FDebugViewModeMaterialProxy initialShadingGroup, compiling. 
[2017.03.21-21.58.48:760][183]LogTemp:Display: Added material ShaderMap 0x000001400487F900 with Material 0x0000014004487100 to ShaderMapsBeingCompiled
[2017.03.21-21.58.48:762][183]LogTemp:Display: Kicking off shader compilation for FDebugViewModeMaterialProxy initialShadingGroup, GameThreadShaderMap 0x000001400487F900
[2017.03.21-21.58.48:765][183]LogMaterial: Missing cached shader map for material FDebugViewModeMaterialProxy M_Dust_Particle, compiling. 
[2017.03.21-21.58.48:766][183]LogTemp:Display: Added material ShaderMap 0x000001400487EE80 with Material 0x0000014004486800 to ShaderMapsBeingCompiled
[2017.03.21-21.58.48:769][183]LogTemp:Display: Kicking off shader compilation for FDebugViewModeMaterialProxy M_Dust_Particle, GameThreadShaderMap 0x000001400487EE80
[2017.03.21-21.58.49:038][183]LogTemp:Display: Finished compile of shader map 0x0000014006C2AE80
[2017.03.21-21.58.49:038][183]LogTemp:Display: Shader map FDebugViewModeMaterialProxy M_Basic_Floor complete, GameThreadShaderMap 0x0000014006C2AE80, marking material FDebugViewModeMaterialProxy M_Basic_Floor as finished
[2017.03.21-21.58.49:038][183]LogTemp:Display: Marking material as finished 0x0000014020D73A00
[2017.03.21-21.58.49:106][183]LogTemp:Display: Finished compile of shader map 0x00000140214A9980
[2017.03.21-21.58.49:107][183]LogTemp:Display: Shader map FDebugViewModeMaterialProxy WorldGridMaterial complete, GameThreadShaderMap 0x00000140214A9980, marking material FDebugViewModeMaterialProxy WorldGridMaterial as finished
[2017.03.21-21.58.49:107][183]LogTemp:Display: Marking material as finished 0x0000014062CE6200
[2017.03.21-21.58.49:121][183]LogTemp:Display: Finished compile of shader map 0x00000140214A9280
[2017.03.21-21.58.49:121][183]LogTemp:Display: Shader map FDebugViewModeMaterialProxy MaterialInstanceDynamic_2 complete, GameThreadShaderMap 0x00000140214A9280, marking material FDebugViewModeMaterialProxy MaterialInstanceDynamic_2 as finished
[2017.03.21-21.58.49:121][183]LogTemp:Display: Marking material as finished 0x0000014062CE4700
[2017.03.21-21.58.49:134][183]LogTemp:Display: Finished compile of shader map 0x00000140052EFC80
[2017.03.21-21.58.49:134][183]LogTemp:Display: Shader map FDebugViewModeMaterialProxy M_Basic_Wall complete, GameThreadShaderMap 0x00000140052EFC80, marking material FDebugViewModeMaterialProxy M_Basic_Wall as finished
[2017.03.21-21.58.49:134][183]LogTemp:Display: Marking material as finished 0x0000014020D72E00
[2017.03.21-21.58.49:159][183]LogTemp:Display: Finished compile of shader map 0x00000140214A8480
[2017.03.21-21.58.49:159][183]LogTemp:Display: Shader map FDebugViewModeMaterialProxy M_Brick_Cut_Stone complete, GameThreadShaderMap 0x00000140214A8480, marking material FDebugViewModeMaterialProxy M_Brick_Cut_Stone as finished
[2017.03.21-21.58.49:159][183]LogTemp:Display: Marking material as finished 0x0000014062CE6B00
[2017.03.21-21.58.49:216][183]LogTemp:Display: Finished compile of shader map 0x00000140052EDD00
[2017.03.21-21.58.49:216][183]LogTemp:Display: Shader map FDebugViewModeMaterialProxy BasicShapeMaterial complete, GameThreadShaderMap 0x00000140052EDD00, marking material FDebugViewModeMaterialProxy BasicShapeMaterial as finished
[2017.03.21-21.58.49:216][183]LogTemp:Display: Marking material as finished 0x0000014016529F00
[2017.03.21-21.58.49:274][183]LogTemp:Display: Finished compile of shader map 0x0000014028E9FC80
[2017.03.21-21.58.49:274][183]LogTemp:Display: Shader map FDebugViewModeMaterialProxy M_Radial_Gradient complete, GameThreadShaderMap 0x0000014028E9FC80, marking material FDebugViewModeMaterialProxy M_Radial_Gradient as finished
[2017.03.21-21.58.49:274][183]LogTemp:Display: Marking material as finished 0x0000014016529300
[2017.03.21-21.58.49:286][183]LogTemp:Display: Finished compile of shader map 0x00000140052ED280
[2017.03.21-21.58.49:286][183]LogTemp:Display: Shader map FDebugViewModeMaterialProxy M_Fire_SubUV complete, GameThreadShaderMap 0x00000140052ED280, marking material FDebugViewModeMaterialProxy M_Fire_SubUV as finished
[2017.03.21-21.58.49:287][183]LogTemp:Display: Marking material as finished 0x000001401652BD00
[2017.03.21-21.58.49:288][183]LogTemp:Display: Finished compile of shader map 0x00000140052EC800
[2017.03.21-21.58.49:288][183]LogTemp:Display: Shader map FDebugViewModeMaterialProxy M_smoke_subUV complete, GameThreadShaderMap 0x00000140052EC800, marking material FDebugViewModeMaterialProxy M_smoke_subUV as finished
[2017.03.21-21.58.49:288][183]LogTemp:Display: Marking material as finished 0x0000014016529900
[2017.03.21-21.58.49:374][183]LogTemp:Display: Finished compile of shader map 0x0000014028E9EE80
[2017.03.21-21.58.49:374][183]LogTemp:Display: Shader map FDebugViewModeMaterialProxy M_Heat_Distortion complete, GameThreadShaderMap 0x0000014028E9EE80, marking material FDebugViewModeMaterialProxy M_Heat_Distortion as finished
[2017.03.21-21.58.49:375][183]LogTemp:Display: Marking material as finished 0x0000014016529600
[2017.03.21-21.58.49:388][183]LogTemp:Display: Finished compile of shader map 0x0000014028E9E400
[2017.03.21-21.58.49:388][183]LogTemp:Display: Shader map FDebugViewModeMaterialProxy black complete, GameThreadShaderMap 0x0000014028E9E400, marking material FDebugViewModeMaterialProxy black as finished
[2017.03.21-21.58.49:388][183]LogTemp:Display: Marking material as finished 0x0000014016528A00
[2017.03.21-21.58.49:497][183]LogTemp:Display: Finished compile of shader map 0x000001400487F900
[2017.03.21-21.58.49:497][183]LogTemp:Display: Shader map FDebugViewModeMaterialProxy initialShadingGroup complete, GameThreadShaderMap 0x000001400487F900, marking material FDebugViewModeMaterialProxy initialShadingGroup as finished
[2017.03.21-21.58.49:497][183]LogTemp:Display: Marking material as finished 0x0000014004487100
[2017.03.21-21.58.49:541][183]LogTemp:Display: Finished compile of shader map 0x0000014028E9CF00
[2017.03.21-21.58.49:541][183]LogTemp:Display: Shader map FDebugViewModeMaterialProxy M_Brick_Clay_Old complete, GameThreadShaderMap 0x0000014028E9CF00, marking material FDebugViewModeMaterialProxy M_Brick_Clay_Old as finished
[2017.03.21-21.58.49:541][183]LogTemp:Display: Marking material as finished 0x0000014004487700
[2017.03.21-21.58.49:565][183]LogTemp:Display: Finished compile of shader map 0x0000014028E9D980
[2017.03.21-21.58.49:565][183]LogTemp:Display: Shader map FDebugViewModeMaterialProxy M_Concrete_Grime complete, GameThreadShaderMap 0x0000014028E9D980, marking material FDebugViewModeMaterialProxy M_Concrete_Grime as finished
[2017.03.21-21.58.49:565][183]LogTemp:Display: Marking material as finished 0x0000014004486E00
[2017.03.21-21.58.49:589][183]LogTemp:Display: Finished compile of shader map 0x000001400487EE80
[2017.03.21-21.58.49:589][183]LogTemp:Display: Shader map FDebugViewModeMaterialProxy M_Dust_Particle complete, GameThreadShaderMap 0x000001400487EE80, marking material FDebugViewModeMaterialProxy M_Dust_Particle as finished
[2017.03.21-21.58.49:589][183]LogTemp:Display: Marking material as finished 0x0000014004486800
[2017.03.21-21.58.49:592][183]LogTemp:Display: Finished compile of shader map 0x0000014028E9C480
[2017.03.21-21.58.49:592][183]LogTemp:Display: Shader map FDebugViewModeMaterialProxy M_Wood_Walnut complete, GameThreadShaderMap 0x0000014028E9C480, marking material FDebugViewModeMaterialProxy M_Wood_Walnut as finished
[2017.03.21-21.58.49:592][183]LogTemp:Display: Marking material as finished 0x0000014004485C00
[2017.03.21-21.58.49:593][183]TextureStreamingBuild:Display: Compiling optional shaders took 0.923 seconds.
[2017.03.21-21.58.49:624][183]LogLevel:Display: Export Material TexCoord Scales took 0.031 seconds.
[2017.03.21-21.58.49:638][183]TextureStreamingBuild:Display: Build Texture Streaming took 0.014 seconds.
[2017.03.21-21.58.49:650][183]LightingResults: New page: Lighting Build - Mar 21, 2017, 9:58:49 AM
[2017.03.21-21.58.49:717][183]LogSwarmInterface: [OpenConnection] Registering TCP channel ...
[2017.03.21-21.58.49:809][183]LogSwarmInterface: [OpenConnection] Connecting to agent ...
[2017.03.21-21.58.49:819][183]LogSwarmInterface: [TryOpenConnection] Testing the Agent
[2017.03.21-21.58.50:844][183]LogSwarmInterface: [TryOpenConnection] Opening Connection to Agent
[2017.03.21-21.58.50:844][183]LogSwarmInterface: [TryOpenConnection] Local Process ID is 5484
[2017.03.21-21.58.53:642][183]LogStaticLightingSystem:Warning: No importance volume found, so the scene bounding box was used.  You can optimize your scene's quality and lighting build times by adding importance volumes.
[2017.03.21-21.58.53:642][183]LogStaticLightingSystem: Running Lightmass w/ ImmediateImport mode ENABLED
[2017.03.21-21.58.53:642][183]LogStaticLightingSystem: Running Lightmass w/ ImmediateProcess mode ENABLED
[2017.03.21-21.58.53:642][183]LogStaticLightingSystem: Running Lightmass w/ Sorting mode ENABLED
[2017.03.21-21.58.53:642][183]LogStaticLightingSystem: Running Lightmass w/ Mapping paddings ENABLED
[2017.03.21-21.58.53:642][183]LogStaticLightingSystem: Running Lightmass w/ Mapping debug paddings DISABLED
[2017.03.21-21.58.53:888][183]Cmd: MAP CHECK DONTDISPLAYDIALOG
[2017.03.21-21.58.53:888][183]MapCheck: New page: Minimal_Default - Mar 21, 2017, 9:58:53 AM
[2017.03.21-21.58.53:890][183]MapCheck:Error: Error WorldSettings_1 Maps need lighting rebuilt 
[2017.03.21-21.58.53:930][183]MapCheck: Info Map check complete: 1 Error(s), 0 Warning(s), took 42.027ms to complete.
[2017.03.21-21.58.53:953][183]LogEditorBuildUtils: Build time 0:05
[2017.03.21-21.58.53:970][183]LogMaterial: Missing cached shader map for material FLightmassMaterialRenderer MaterialInstanceDynamic_2, compiling. 
[2017.03.21-21.58.53:971][183]LogTemp:Display: Added material ShaderMap 0x0000014012099600 with Material 0x0000014004486B00 to ShaderMapsBeingCompiled
[2017.03.21-21.58.53:972][183]LogTemp:Display: Kicking off shader compilation for FLightmassMaterialRenderer MaterialInstanceDynamic_2, GameThreadShaderMap 0x0000014012099600
[2017.03.21-21.58.53:974][183]LogMaterial: Missing cached shader map for material FLightmassMaterialRenderer MaterialInstanceDynamic_2, compiling. 
[2017.03.21-21.58.53:975][183]LogTemp:Display: Added material ShaderMap 0x000001401209B200 with Material 0x0000014012CD8A00 to ShaderMapsBeingCompiled
[2017.03.21-21.58.53:977][183]LogTemp:Display: Kicking off shader compilation for FLightmassMaterialRenderer MaterialInstanceDynamic_2, GameThreadShaderMap 0x000001401209B200
[2017.03.21-21.58.53:979][183]LogMaterial: Missing cached shader map for material FLightmassMaterialRenderer M_Brick_Cut_Stone, compiling. 
[2017.03.21-21.58.53:980][183]LogTemp:Display: Added material ShaderMap 0x0000014004687C80 with Material 0x000001401652B700 to ShaderMapsBeingCompiled
[2017.03.21-21.58.53:982][183]LogTemp:Display: Kicking off shader compilation for FLightmassMaterialRenderer M_Brick_Cut_Stone, GameThreadShaderMap 0x0000014004687C80
[2017.03.21-21.58.53:984][183]LogMaterial: Missing cached shader map for material FLightmassMaterialRenderer M_Brick_Cut_Stone, compiling. 
[2017.03.21-21.58.53:985][183]LogTemp:Display: Added material ShaderMap 0x0000014004686780 with Material 0x0000014016528700 to ShaderMapsBeingCompiled
[2017.03.21-21.58.53:987][183]LogTemp:Display: Kicking off shader compilation for FLightmassMaterialRenderer M_Brick_Cut_Stone, GameThreadShaderMap 0x0000014004686780
[2017.03.21-21.58.54:043][184]LogMaterial: Missing cached shader map for material FLightmassMaterialRenderer M_Basic_Floor, compiling. 
[2017.03.21-21.58.54:044][184]LogTemp:Display: Added material ShaderMap 0x0000014022397580 with Material 0x0000014022272200 to ShaderMapsBeingCompiled
[2017.03.21-21.58.54:047][184]LogTemp:Display: Kicking off shader compilation for FLightmassMaterialRenderer M_Basic_Floor, GameThreadShaderMap 0x0000014022397580
[2017.03.21-21.58.54:050][184]LogMaterial: Missing cached shader map for material FLightmassMaterialRenderer M_Basic_Floor, compiling. 
[2017.03.21-21.58.54:051][184]LogTemp:Display: Added material ShaderMap 0x000001402126AE80 with Material 0x0000014022271C00 to ShaderMapsBeingCompiled
[2017.03.21-21.58.54:054][184]LogTemp:Display: Kicking off shader compilation for FLightmassMaterialRenderer M_Basic_Floor, GameThreadShaderMap 0x000001402126AE80
[2017.03.21-21.58.54:078][185]LogMaterial: Missing cached shader map for material FLightmassMaterialRenderer M_Basic_Wall, compiling. 
[2017.03.21-21.58.54:079][185]LogTemp:Display: Added material ShaderMap 0x0000014055616080 with Material 0x0000014060C06200 to ShaderMapsBeingCompiled
[2017.03.21-21.58.54:082][185]LogTemp:Display: Kicking off shader compilation for FLightmassMaterialRenderer M_Basic_Wall, GameThreadShaderMap 0x0000014055616080
[2017.03.21-21.58.54:086][185]LogMaterial: Missing cached shader map for material FLightmassMaterialRenderer M_Basic_Wall, compiling. 
[2017.03.21-21.58.54:087][185]LogTemp:Display: Added material ShaderMap 0x0000014055614B80 with Material 0x0000014060C05C00 to ShaderMapsBeingCompiled
[2017.03.21-21.58.54:090][185]LogTemp:Display: Kicking off shader compilation for FLightmassMaterialRenderer M_Basic_Wall, GameThreadShaderMap 0x0000014055614B80
[2017.03.21-21.58.54:137][186]LogMaterial: Missing cached shader map for material FLightmassMaterialRenderer BasicShapeMaterial, compiling. 
[2017.03.21-21.58.54:138][186]LogTemp:Display: Added material ShaderMap 0x000001401E594480 with Material 0x0000014077613D00 to ShaderMapsBeingCompiled
[2017.03.21-21.58.54:142][186]LogTemp:Display: Kicking off shader compilation for FLightmassMaterialRenderer BasicShapeMaterial, GameThreadShaderMap 0x000001401E594480
[2017.03.21-21.58.54:146][186]LogMaterial: Missing cached shader map for material FLightmassMaterialRenderer BasicShapeMaterial, compiling. 
[2017.03.21-21.58.54:147][186]LogTemp:Display: Added material ShaderMap 0x0000014022396080 with Material 0x0000014077610700 to ShaderMapsBeingCompiled
[2017.03.21-21.58.54:150][186]LogTemp:Display: Kicking off shader compilation for FLightmassMaterialRenderer BasicShapeMaterial, GameThreadShaderMap 0x0000014022396080
[2017.03.21-21.58.54:200][187]LogMaterial: Missing cached shader map for material FLightmassMaterialRenderer black, compiling. 
[2017.03.21-21.58.54:201][187]LogTemp:Display: Added material ShaderMap 0x0000014055617C80 with Material 0x0000014060C06800 to ShaderMapsBeingCompiled
[2017.03.21-21.58.54:205][187]LogTemp:Display: Kicking off shader compilation for FLightmassMaterialRenderer black, GameThreadShaderMap 0x0000014055617C80
[2017.03.21-21.58.54:208][187]LogMaterial: Missing cached shader map for material FLightmassMaterialRenderer black, compiling. 
[2017.03.21-21.58.54:209][187]LogTemp:Display: Added material ShaderMap 0x000001401E595980 with Material 0x0000014060C06500 to ShaderMapsBeingCompiled
[2017.03.21-21.58.54:212][187]LogTemp:Display: Kicking off shader compilation for FLightmassMaterialRenderer black, GameThreadShaderMap 0x000001401E595980
[2017.03.21-21.58.54:242][188]LogMaterial: Missing cached shader map for material FLightmassMaterialRenderer M_Concrete_Grime, compiling. 
[2017.03.21-21.58.54:243][188]LogTemp:Display: Added material ShaderMap 0x0000014022395280 with Material 0x000001402120EB00 to ShaderMapsBeingCompiled
[2017.03.21-21.58.54:246][188]LogTemp:Display: Kicking off shader compilation for FLightmassMaterialRenderer M_Concrete_Grime, GameThreadShaderMap 0x0000014022395280
[2017.03.21-21.58.54:249][188]LogMaterial: Missing cached shader map for material FLightmassMaterialRenderer M_Concrete_Grime, compiling. 
[2017.03.21-21.58.54:250][188]LogTemp:Display: Added material ShaderMap 0x0000014055617200 with Material 0x000001402120EE00 to ShaderMapsBeingCompiled
[2017.03.21-21.58.54:253][188]LogTemp:Display: Kicking off shader compilation for FLightmassMaterialRenderer M_Concrete_Grime, GameThreadShaderMap 0x0000014055617200
[2017.03.21-21.58.54:286][189]LogMaterial: Missing cached shader map for material FLightmassMaterialRenderer M_Brick_Clay_Old, compiling. 
[2017.03.21-21.58.54:287][189]LogTemp:Display: Added material ShaderMap 0x000001406F689D00 with Material 0x0000014060C07100 to ShaderMapsBeingCompiled
[2017.03.21-21.58.54:290][189]LogTemp:Display: Kicking off shader compilation for FLightmassMaterialRenderer M_Brick_Clay_Old, GameThreadShaderMap 0x000001406F689D00
[2017.03.21-21.58.54:293][189]LogMaterial: Missing cached shader map for material FLightmassMaterialRenderer M_Brick_Clay_Old, compiling. 
[2017.03.21-21.58.54:294][189]LogTemp:Display: Added material ShaderMap 0x000001406F688800 with Material 0x0000014060C06E00 to ShaderMapsBeingCompiled
[2017.03.21-21.58.54:297][189]LogTemp:Display: Kicking off shader compilation for FLightmassMaterialRenderer M_Brick_Clay_Old, GameThreadShaderMap 0x000001406F688800
[2017.03.21-21.58.54:339][190]LogMaterial: Missing cached shader map for material FLightmassMaterialRenderer M_Wood_Walnut, compiling. 
[2017.03.21-21.58.54:340][190]LogTemp:Display: Added material ShaderMap 0x00000140165AF580 with Material 0x000001401DB86E00 to ShaderMapsBeingCompiled
[2017.03.21-21.58.54:343][190]LogTemp:Display: Kicking off shader compilation for FLightmassMaterialRenderer M_Wood_Walnut, GameThreadShaderMap 0x00000140165AF580
[2017.03.21-21.58.54:347][190]LogMaterial: Missing cached shader map for material FLightmassMaterialRenderer M_Wood_Walnut, compiling. 
[2017.03.21-21.58.54:348][190]LogTemp:Display: Added material ShaderMap 0x00000140165AE080 with Material 0x000001401DB86B00 to ShaderMapsBeingCompiled
[2017.03.21-21.58.54:351][190]LogTemp:Display: Kicking off shader compilation for FLightmassMaterialRenderer M_Wood_Walnut, GameThreadShaderMap 0x00000140165AE080
[2017.03.21-21.58.54:387][191]LogMaterial: Missing cached shader map for material FLightmassMaterialRenderer initialShadingGroup, compiling. 
[2017.03.21-21.58.54:388][191]LogTemp:Display: Added material ShaderMap 0x000001406F68BC80 with Material 0x00000140163AA800 to ShaderMapsBeingCompiled
[2017.03.21-21.58.54:391][191]LogTemp:Display: Kicking off shader compilation for FLightmassMaterialRenderer initialShadingGroup, GameThreadShaderMap 0x000001406F68BC80
[2017.03.21-21.58.54:395][191]LogMaterial: Missing cached shader map for material FLightmassMaterialRenderer initialShadingGroup, compiling. 
[2017.03.21-21.58.54:396][191]LogTemp:Display: Added material ShaderMap 0x000001400462E780 with Material 0x00000140163AA200 to ShaderMapsBeingCompiled
[2017.03.21-21.58.54:399][191]LogTemp:Display: Kicking off shader compilation for FLightmassMaterialRenderer initialShadingGroup, GameThreadShaderMap 0x000001400462E780
[2017.03.21-21.58.54:444][192]LogMaterial: Missing cached shader map for material FLightmassMaterialRenderer WorldGridMaterial, compiling. Is special engine material.
[2017.03.21-21.58.54:445][192]LogTemp:Display: Added material ShaderMap 0x000001400AC86B00 with Material 0x0000014063E66800 to ShaderMapsBeingCompiled
[2017.03.21-21.58.54:449][192]LogTemp:Display: Kicking off shader compilation for FLightmassMaterialRenderer WorldGridMaterial, GameThreadShaderMap 0x000001400AC86B00
[2017.03.21-21.58.54:453][192]LogMaterial: Missing cached shader map for material FLightmassMaterialRenderer WorldGridMaterial, compiling. Is special engine material.
[2017.03.21-21.58.54:454][192]LogTemp:Display: Added material ShaderMap 0x000001400AC85280 with Material 0x0000014063E65F00 to ShaderMapsBeingCompiled
[2017.03.21-21.58.54:458][192]LogTemp:Display: Kicking off shader compilation for FLightmassMaterialRenderer WorldGridMaterial, GameThreadShaderMap 0x000001400AC85280
[2017.03.21-21.58.54:463][192]LogTemp:Display: Finished compile of shader map 0x0000014004687C80
[2017.03.21-21.58.54:463][192]LogTemp:Display: Shader map FLightmassMaterialRenderer M_Brick_Cut_Stone complete, GameThreadShaderMap 0x0000014004687C80, marking material FLightmassMaterialRenderer M_Brick_Cut_Stone as finished
[2017.03.21-21.58.54:463][192]LogTemp:Display: Marking material as finished 0x000001401652B700
[2017.03.21-21.58.56:083][193]LogTemp:Display: Finished compile of shader map 0x0000014004686780
[2017.03.21-21.58.56:083][193]LogTemp:Display: Shader map FLightmassMaterialRenderer M_Brick_Cut_Stone complete, GameThreadShaderMap 0x0000014004686780, marking material FLightmassMaterialRenderer M_Brick_Cut_Stone as finished
[2017.03.21-21.58.56:083][193]LogTemp:Display: Marking material as finished 0x0000014016528700
[2017.03.21-21.58.56:085][193]LogTemp:Display: Finished compile of shader map 0x0000014022397580
[2017.03.21-21.58.56:085][193]LogTemp:Display: Shader map FLightmassMaterialRenderer M_Basic_Floor complete, GameThreadShaderMap 0x0000014022397580, marking material FLightmassMaterialRenderer M_Basic_Floor as finished
[2017.03.21-21.58.56:085][193]LogTemp:Display: Marking material as finished 0x0000014022272200
[2017.03.21-21.58.56:087][193]LogTemp:Display: Finished compile of shader map 0x0000014012099600
[2017.03.21-21.58.56:087][193]LogTemp:Display: Shader map FLightmassMaterialRenderer MaterialInstanceDynamic_2 complete, GameThreadShaderMap 0x0000014012099600, marking material FLightmassMaterialRenderer MaterialInstanceDynamic_2 as finished
[2017.03.21-21.58.56:087][193]LogTemp:Display: Marking material as finished 0x0000014004486B00
[2017.03.21-21.58.56:089][193]LogTemp:Display: Finished compile of shader map 0x000001401209B200
[2017.03.21-21.58.56:089][193]LogTemp:Display: Shader map FLightmassMaterialRenderer MaterialInstanceDynamic_2 complete, GameThreadShaderMap 0x000001401209B200, marking material FLightmassMaterialRenderer MaterialInstanceDynamic_2 as finished
[2017.03.21-21.58.56:089][193]LogTemp:Display: Marking material as finished 0x0000014012CD8A00
[2017.03.21-21.58.56:092][193]LogTemp:Display: Finished compile of shader map 0x000001400AC86B00
[2017.03.21-21.58.56:092][193]LogTemp:Display: Shader map FLightmassMaterialRenderer WorldGridMaterial complete, GameThreadShaderMap 0x000001400AC86B00, marking material FLightmassMaterialRenderer WorldGridMaterial as finished
[2017.03.21-21.58.56:092][193]LogTemp:Display: Marking material as finished 0x0000014063E66800
[2017.03.21-21.58.56:095][193]LogTemp:Display: Finished compile of shader map 0x000001400AC85280
[2017.03.21-21.58.56:095][193]LogTemp:Display: Shader map FLightmassMaterialRenderer WorldGridMaterial complete, GameThreadShaderMap 0x000001400AC85280, marking material FLightmassMaterialRenderer WorldGridMaterial as finished
[2017.03.21-21.58.56:095][193]LogTemp:Display: Marking material as finished 0x0000014063E65F00
[2017.03.21-21.58.56:097][193]LogTemp:Display: Finished compile of shader map 0x000001401E594480
[2017.03.21-21.58.56:097][193]LogTemp:Display: Shader map FLightmassMaterialRenderer BasicShapeMaterial complete, GameThreadShaderMap 0x000001401E594480, marking material FLightmassMaterialRenderer BasicShapeMaterial as finished
[2017.03.21-21.58.56:097][193]LogTemp:Display: Marking material as finished 0x0000014077613D00
[2017.03.21-21.58.56:098][193]LogTemp:Display: Finished compile of shader map 0x0000014055614B80
[2017.03.21-21.58.56:098][193]LogTemp:Display: Shader map FLightmassMaterialRenderer M_Basic_Wall complete, GameThreadShaderMap 0x0000014055614B80, marking material FLightmassMaterialRenderer M_Basic_Wall as finished
[2017.03.21-21.58.56:098][193]LogTemp:Display: Marking material as finished 0x0000014060C05C00
[2017.03.21-21.58.56:101][193]LogTemp:Display: Finished compile of shader map 0x0000014022396080
[2017.03.21-21.58.56:101][193]LogTemp:Display: Shader map FLightmassMaterialRenderer BasicShapeMaterial complete, GameThreadShaderMap 0x0000014022396080, marking material FLightmassMaterialRenderer BasicShapeMaterial as finished
[2017.03.21-21.58.56:101][193]LogTemp:Display: Marking material as finished 0x0000014077610700
[2017.03.21-21.58.56:103][193]LogTemp:Display: Finished compile of shader map 0x0000014055616080
[2017.03.21-21.58.56:103][193]LogTemp:Display: Shader map FLightmassMaterialRenderer M_Basic_Wall complete, GameThreadShaderMap 0x0000014055616080, marking material FLightmassMaterialRenderer M_Basic_Wall as finished
[2017.03.21-21.58.56:103][193]LogTemp:Display: Marking material as finished 0x0000014060C06200
[2017.03.21-21.58.56:105][193]LogTemp:Display: Finished compile of shader map 0x000001402126AE80
[2017.03.21-21.58.56:105][193]LogTemp:Display: Shader map FLightmassMaterialRenderer M_Basic_Floor complete, GameThreadShaderMap 0x000001402126AE80, marking material FLightmassMaterialRenderer M_Basic_Floor as finished
[2017.03.21-21.58.56:105][193]LogTemp:Display: Marking material as finished 0x0000014022271C00
[2017.03.21-21.58.56:107][193]LogTemp:Display: Finished compile of shader map 0x0000014055617200
[2017.03.21-21.58.56:107][193]LogTemp:Display: Shader map FLightmassMaterialRenderer M_Concrete_Grime complete, GameThreadShaderMap 0x0000014055617200, marking material FLightmassMaterialRenderer M_Concrete_Grime as finished
[2017.03.21-21.58.56:107][193]LogTemp:Display: Marking material as finished 0x000001402120EE00
[2017.03.21-21.58.56:110][193]LogTemp:Display: Finished compile of shader map 0x000001406F689D00
[2017.03.21-21.58.56:110][193]LogTemp:Display: Shader map FLightmassMaterialRenderer M_Brick_Clay_Old complete, GameThreadShaderMap 0x000001406F689D00, marking material FLightmassMaterialRenderer M_Brick_Clay_Old as finished
[2017.03.21-21.58.56:110][193]LogTemp:Display: Marking material as finished 0x0000014060C07100
[2017.03.21-21.58.56:112][193]LogTemp:Display: Finished compile of shader map 0x000001401E595980
[2017.03.21-21.58.56:112][193]LogTemp:Display: Shader map FLightmassMaterialRenderer black complete, GameThreadShaderMap 0x000001401E595980, marking material FLightmassMaterialRenderer black as finished
[2017.03.21-21.58.56:112][193]LogTemp:Display: Marking material as finished 0x0000014060C06500
[2017.03.21-21.58.56:114][193]LogTemp:Display: Finished compile of shader map 0x000001406F688800
[2017.03.21-21.58.56:114][193]LogTemp:Display: Shader map FLightmassMaterialRenderer M_Brick_Clay_Old complete, GameThreadShaderMap 0x000001406F688800, marking material FLightmassMaterialRenderer M_Brick_Clay_Old as finished
[2017.03.21-21.58.56:114][193]LogTemp:Display: Marking material as finished 0x0000014060C06E00
[2017.03.21-21.58.56:116][193]LogTemp:Display: Finished compile of shader map 0x0000014022395280
[2017.03.21-21.58.56:116][193]LogTemp:Display: Shader map FLightmassMaterialRenderer M_Concrete_Grime complete, GameThreadShaderMap 0x0000014022395280, marking material FLightmassMaterialRenderer M_Concrete_Grime as finished
[2017.03.21-21.58.56:116][193]LogTemp:Display: Marking material as finished 0x000001402120EB00
[2017.03.21-21.58.56:118][193]LogTemp:Display: Finished compile of shader map 0x0000014055617C80
[2017.03.21-21.58.56:118][193]LogTemp:Display: Shader map FLightmassMaterialRenderer black complete, GameThreadShaderMap 0x0000014055617C80, marking material FLightmassMaterialRenderer black as finished
[2017.03.21-21.58.56:118][193]LogTemp:Display: Marking material as finished 0x0000014060C06800
[2017.03.21-21.58.56:121][193]LogTemp:Display: Finished compile of shader map 0x00000140165AF580
[2017.03.21-21.58.56:121][193]LogTemp:Display: Shader map FLightmassMaterialRenderer M_Wood_Walnut complete, GameThreadShaderMap 0x00000140165AF580, marking material FLightmassMaterialRenderer M_Wood_Walnut as finished
[2017.03.21-21.58.56:121][193]LogTemp:Display: Marking material as finished 0x000001401DB86E00
[2017.03.21-21.58.56:123][193]LogTemp:Display: Finished compile of shader map 0x00000140165AE080
[2017.03.21-21.58.56:123][193]LogTemp:Display: Shader map FLightmassMaterialRenderer M_Wood_Walnut complete, GameThreadShaderMap 0x00000140165AE080, marking material FLightmassMaterialRenderer M_Wood_Walnut as finished
[2017.03.21-21.58.56:123][193]LogTemp:Display: Marking material as finished 0x000001401DB86B00
[2017.03.21-21.58.56:125][193]LogTemp:Display: Finished compile of shader map 0x000001406F68BC80
[2017.03.21-21.58.56:125][193]LogTemp:Display: Shader map FLightmassMaterialRenderer initialShadingGroup complete, GameThreadShaderMap 0x000001406F68BC80, marking material FLightmassMaterialRenderer initialShadingGroup as finished
[2017.03.21-21.58.56:125][193]LogTemp:Display: Marking material as finished 0x00000140163AA800
[2017.03.21-21.58.56:127][193]LogTemp:Display: Finished compile of shader map 0x000001400462E780
[2017.03.21-21.58.56:127][193]LogTemp:Display: Shader map FLightmassMaterialRenderer initialShadingGroup complete, GameThreadShaderMap 0x000001400462E780, marking material FLightmassMaterialRenderer initialShadingGroup as finished
[2017.03.21-21.58.56:127][193]LogTemp:Display: Marking material as finished 0x00000140163AA200
[2017.03.21-21.58.59:356][340]LogEditorViewport: Clicking on Actor (LMB): BP_Sky_Sphere_C (BP_Sky_Sphere)
[2017.03.21-21.59.07:834][114]Job is a success!
[2017.03.21-21.59.08:934][115]LogTexture:Display: Building textures: HQ_Lightmap0_1 (AutoDXT)
[2017.03.21-21.59.08:934][115]LogTexture:Display: Building textures: LQ_Lightmap_0_1 (DXT1)
[2017.03.21-21.59.08:934][115]LogTexture:Display: Building textures: HQ_Lightmap0_2 (AutoDXT)
[2017.03.21-21.59.08:934][115]LogTexture:Display: Building textures: LQ_Lightmap_0_2 (DXT1)
[2017.03.21-21.59.08:934][115]LogTexture:Display: Building textures: HQ_Lightmap0_3 (AutoDXT)
[2017.03.21-21.59.08:934][115]LogTexture:Display: Building textures: LQ_Lightmap_0_3 (DXT1)
[2017.03.21-21.59.08:934][115]LogTexture:Display: Building textures: HQ_Lightmap1_4 (AutoDXT)
[2017.03.21-21.59.08:934][115]LogTexture:Display: Building textures: LQ_Lightmap_1_4 (DXT1)
[2017.03.21-21.59.09:134][115]LogTexture:Display: Building textures: ShadowMapTexture2D_2 (G8)
[2017.03.21-21.59.09:134][115]LogTexture:Display: Building textures: ShadowMapTexture2D_1 (BGRA8)
[2017.03.21-21.59.09:199][115]LogTexture:Display: Building textures: ShadowMapTexture2D_0 (BGRA8)
[2017.03.21-21.59.09:223][115]Lightmass on eae-d-004: 12.0 sec total, 127 ms importing, 58 ms setup, 2.14 sec photons, 9.73 sec processing, 0 ms extra exporting [134/134 mappings]. Threads: 1:07 min total, 48.9 sec processing.
[2017.03.21-21.59.09:241][115]LogStaticLightingSystem: Illumination: 19.5 sec (937 ms encoding lightmaps, 259 ms encoding shadowmaps)
[2017.03.21-21.59.09:241][115]LogStaticLightingSystem: Lightmap texture memory:  6.0 MB (6.0 MB streaming, 0.0 MB non-streaming), 8 textures
[2017.03.21-21.59.09:241][115]LogStaticLightingSystem: Shadowmap texture memory: 8.0 MB (8.0 MB streaming, 0.0 MB non-streaming), 3 textures
[2017.03.21-21.59.09:649][115]DumpUnbuiltLightIteractions
[2017.03.21-21.59.09:649][115]Lights with unbuilt interactions: 0
[2017.03.21-21.59.09:649][115]
[2017.03.21-21.59.09:649][115]Primitives with unbuilt interactions: 0
[2017.03.21-21.59.09:652][116]Cmd: MAP CHECK NOTIFYRESULTS
[2017.03.21-21.59.09:652][116]MapCheck: New page: Minimal_Default - Mar 21, 2017, 9:59:09 AM
[2017.03.21-21.59.09:694][116]MapCheck: Info Map check complete: 0 Error(s), 0 Warning(s), took 41.291ms to complete.
[2017.03.21-21.59.17:013][957]LogEditorViewport: Clicking on Actor (LMB): Emitter (P_Fire5)
[2017.03.21-21.59.18:323][110]Cmd: DELETE
[2017.03.21-21.59.18:323][110]Cmd: ACTOR DELETE
[2017.03.21-21.59.18:329][110]LogEditorActor: Deleted Actor: Emitter
[2017.03.21-21.59.18:337][110]LogEditorActor: Deleted 1 Actors (0.009 secs)
[2017.03.21-21.59.19:213][215]LogEditorViewport: Clicking on Actor (LMB): StaticMeshActor (torch6)
[2017.03.21-21.59.19:327][222]Cmd: DELETE
[2017.03.21-21.59.19:327][222]Cmd: ACTOR DELETE
[2017.03.21-21.59.19:327][222]LogEditorActor: Deleted Actor: StaticMeshActor
[2017.03.21-21.59.19:337][222]LogEditorActor: Deleted 1 Actors (0.010 secs)
[2017.03.21-22.08.05:608][876]Cmd: OBJ SAVEPACKAGE PACKAGE="/Game/Minimal_Default" FILE="../../../../../../Users/u0950276/Desktop/Templeint/Saved/Autosaves/Game/Minimal_Default_Auto1.umap" SILENT=true AUTOSAVING=true KEEPDIRTY=false
[2017.03.21-22.08.05:763][876]LogSavePackage: Save=147.12ms
[2017.03.21-22.08.05:763][876]LogSavePackage: Moving '../../../../../../Users/u0950276/Desktop/Templeint/Saved/Minimal_Default_Auto10FDACA0E4763A56D3DDF73857D2366DF.tmp' to '../../../../../../Users/u0950276/Desktop/Templeint/Saved/Autosaves/Game/Minimal_Default_Auto1.umap'
[2017.03.21-22.08.05:766][876]LogSavePackage:Display: Finished SavePackage ../../../../../../Users/u0950276/Desktop/Templeint/Saved/Autosaves/Game/Minimal_Default_Auto1.umap
[2017.03.21-22.08.05:770][876]LogFileHelpers: Editor autosave (incl. sublevels) for '/Game/Minimal_Default' took 0.174
[2017.03.21-22.08.05:770][876]LogFileHelpers: Editor autosave (incl. sublevels) for all levels took 0.174
[2017.03.21-22.08.05:772][876]OBJ SavePackage: Generating thumbnails for [0] asset(s) in package [/Game/Minimal_Default_BuiltData] ([1] browsable assets)...
[2017.03.21-22.08.05:772][876]OBJ SavePackage: Finished generating thumbnails for package [/Game/Minimal_Default_BuiltData]
[2017.03.21-22.08.05:808][876]LogSavePackage: Save=26.29ms
[2017.03.21-22.08.05:808][876]LogSavePackage: Moving '../../../../../../Users/u0950276/Desktop/Templeint/Saved/Minimal_Default_BuiltData_Auto1BBFF7CBF4E12D2F0C498549CD5A888BC.tmp' to '../../../../../../Users/u0950276/Desktop/Templeint/Saved/Autosaves/Game/Minimal_Default_BuiltData_Auto1.uasset'
[2017.03.21-22.08.05:809][876]LogSavePackage:Display: Finished SavePackage ../../../../../../Users/u0950276/Desktop/Templeint/Saved/Autosaves/Game/Minimal_Default_BuiltData_Auto1.uasset
[2017.03.21-22.08.05:809][876]LogFileHelpers: Auto-saving content packages took 0.038
[2017.03.21-22.09.19:885][ 99]LogEditorViewport: Clicking on Actor (LMB): BP_Sky_Sphere_C (BP_Sky_Sphere)
[2017.03.21-22.09.20:600][169]Cmd: SELECT NONE
[2017.03.21-22.09.21:330][256]Cmd: SELECT NONE
[2017.03.21-22.13.58:584][749]LogEditorViewport: Clicking on Actor (LMB): BP_Sky_Sphere_C (BP_Sky_Sphere)
[2017.03.21-22.14.04:758][443]LogEditorViewport: Clicking on Actor (LMB): StaticMeshActor (wallz)
[2017.03.21-22.14.05:535][524]Cmd: DELETE
[2017.03.21-22.14.05:535][524]Cmd: ACTOR DELETE
[2017.03.21-22.14.05:536][524]LogEditorActor: Deleted Actor: StaticMeshActor
[2017.03.21-22.14.05:547][524]LogEditorActor: Deleted 1 Actors (0.012 secs)
[2017.03.21-22.15.06:403][776]LogEditorViewport: Clicking on Actor (context menu): StaticMeshActor (Cube)
[2017.03.21-22.15.08:468][ 15]LogEditorViewport: Clicking on Actor (LMB): StaticMeshActor (Cube)
[2017.03.21-22.18.41:771][698]Cmd: OBJ SAVEPACKAGE PACKAGE="/Game/Minimal_Default" FILE="../../../../../../Users/u0950276/Desktop/Templeint/Saved/Autosaves/Game/Minimal_Default_Auto2.umap" SILENT=true AUTOSAVING=true KEEPDIRTY=false
[2017.03.21-22.18.41:914][698]LogSavePackage: Save=136.44ms
[2017.03.21-22.18.41:914][698]LogSavePackage: Moving '../../../../../../Users/u0950276/Desktop/Templeint/Saved/Minimal_Default_Auto2062AE53C443E5CDA5362739634AEC16C.tmp' to '../../../../../../Users/u0950276/Desktop/Templeint/Saved/Autosaves/Game/Minimal_Default_Auto2.umap'
[2017.03.21-22.18.41:915][698]LogSavePackage:Display: Finished SavePackage ../../../../../../Users/u0950276/Desktop/Templeint/Saved/Autosaves/Game/Minimal_Default_Auto2.umap
[2017.03.21-22.18.41:917][698]LogFileHelpers: Editor autosave (incl. sublevels) for '/Game/Minimal_Default' took 0.157
[2017.03.21-22.18.41:917][698]LogFileHelpers: Editor autosave (incl. sublevels) for all levels took 0.157
[2017.03.21-22.20.53:427][371]LogContentBrowser: Native class hierarchy updated for 'Cascade' in 0.0006 seconds. Added 2 classes and 2 folders.
[2017.03.21-22.21.03:256][264]LogEditorTransaction: Undo Edit Curve
[2017.03.21-22.21.04:250][347]LogEditorTransaction: Undo Edit Curve
[2017.03.21-22.25.33:887][129]LogSlate: Took 0.003735 seconds to synchronously load lazily loaded font '../../../Engine/Content/Editor/Slate/Fonts/Roboto-Italic.ttf' (157K)
[2017.03.21-22.27.06:442][439]LogEditorTransaction: Undo Edit Max
[2017.03.21-22.27.06:841][471]LogEditorTransaction: Undo Edit Max
[2017.03.21-22.27.07:160][499]LogEditorTransaction: Undo Edit Max
[2017.03.21-22.27.07:409][522]LogEditorTransaction: Undo Edit Min
[2017.03.21-22.27.07:630][542]LogEditorTransaction: Undo Edit Min
[2017.03.21-22.27.07:936][571]LogEditorTransaction: Undo Edit Min
[2017.03.21-22.32.23:204][879]LogEditorTransaction: Undo Edit Constant
[2017.03.21-22.32.23:486][901]LogEditorTransaction: Undo Set Class
[2017.03.21-22.32.23:729][918]LogEditorTransaction: Undo Toggle Enable on Emitter
[2017.03.21-22.32.24:007][943]LogEditorTransaction: Undo Toggle Enable on Emitter
[2017.03.21-22.32.24:217][962]LogEditorTransaction: Undo Toggle Enable on Emitter
[2017.03.21-22.32.24:407][979]LogEditorTransaction: Undo Toggle Enable on Emitter
[2017.03.21-22.32.24:617][998]LogEditorTransaction: Undo Edit Constant
[2017.03.21-22.32.24:819][ 16]LogEditorTransaction: Undo Edit Constant
[2017.03.21-22.32.25:036][ 36]LogEditorTransaction: Undo Edit Constant
[2017.03.21-22.32.25:245][ 55]LogEditorTransaction: Undo Edit Constant
[2017.03.21-22.32.25:462][ 75]LogEditorTransaction: Undo Edit Z
[2017.03.21-22.32.25:670][ 93]LogEditorTransaction: Undo Edit Y
[2017.03.21-22.32.25:891][113]LogEditorTransaction: Undo Edit X
[2017.03.21-22.32.26:131][135]LogEditorTransaction: Undo Edit Z
[2017.03.21-22.32.26:319][152]LogEditorTransaction: Undo Edit Y
[2017.03.21-22.32.26:509][169]LogEditorTransaction: Undo Edit X
[2017.03.21-22.32.26:691][185]LogEditorTransaction: Undo Set Class
[2017.03.21-22.32.26:860][199]LogEditorTransaction: Undo Edit Z
[2017.03.21-22.32.27:038][214]LogEditorTransaction: Undo Edit Y
[2017.03.21-22.32.27:209][228]LogEditorTransaction: Undo Edit X
[2017.03.21-22.32.27:366][241]LogEditorTransaction: Undo Set Class
[2017.03.21-22.32.27:971][300]LogEditorTransaction: Undo Edit Z
[2017.03.21-22.32.28:588][360]LogEditorTransaction: Undo Edit Y
[2017.03.21-22.32.29:184][419]LogEditorTransaction: Undo Edit X
[2017.03.21-22.32.30:731][572]LogEditorTransaction: Undo Edit X
[2017.03.21-22.38.15:449][701]Cmd: OBJ SAVEPACKAGE PACKAGE="/Game/StarterContent/Particles/firetest" FILE="../../../../../../Users/u0950276/Desktop/Templeint/Content/StarterContent/Particles/firetest.uasset" SILENT=true
[2017.03.21-22.38.15:485][701]LogSavePackage: Save=35.32ms
[2017.03.21-22.38.15:485][701]LogSavePackage: Moving '../../../../../../Users/u0950276/Desktop/Templeint/Saved/firetestC562DAE1469F07967E098AA783A0C180.tmp' to '../../../../../../Users/u0950276/Desktop/Templeint/Content/StarterContent/Particles/firetest.uasset'
[2017.03.21-22.38.15:488][701]LogSavePackage:Display: Finished SavePackage ../../../../../../Users/u0950276/Desktop/Templeint/Content/StarterContent/Particles/firetest.uasset
[2017.03.21-22.38.15:564][701]LogCascade: Quitting Cascade. FXSystem=0x00000140164D9D00
[2017.03.21-22.38.18:188][922]LogCascade: Quitting Cascade. FXSystem=0x0000014079956340
[2017.03.21-22.38.18:207][922]LogActorComponent: UnregisterComponent: (/Engine/Transient.FloorComponent) Not registered. Aborting.
[2017.03.21-22.38.18:834][982]Cmd: OBJ SAVEPACKAGE PACKAGE="/Game/Minimal_Default" FILE="../../../../../../Users/u0950276/Desktop/Templeint/Saved/Autosaves/Game/Minimal_Default_Auto3.umap" SILENT=true AUTOSAVING=true KEEPDIRTY=false
[2017.03.21-22.38.18:976][982]LogSavePackage: Save=136.13ms
[2017.03.21-22.38.18:976][982]LogSavePackage: Moving '../../../../../../Users/u0950276/Desktop/Templeint/Saved/Minimal_Default_Auto3EDC2CC5C41547E2D64AE808289DF4B20.tmp' to '../../../../../../Users/u0950276/Desktop/Templeint/Saved/Autosaves/Game/Minimal_Default_Auto3.umap'
[2017.03.21-22.38.18:977][982]LogSavePackage:Display: Finished SavePackage ../../../../../../Users/u0950276/Desktop/Templeint/Saved/Autosaves/Game/Minimal_Default_Auto3.umap
[2017.03.21-22.38.18:979][982]LogFileHelpers: Editor autosave (incl. sublevels) for '/Game/Minimal_Default' took 0.155
[2017.03.21-22.38.18:979][982]LogFileHelpers: Editor autosave (incl. sublevels) for all levels took 0.155
[2017.03.21-22.38.18:980][982]OBJ SavePackage: Generating thumbnails for [1] asset(s) in package [/Game/StarterContent/Particles/P_Fire] ([1] browsable assets)...
[2017.03.21-22.38.18:986][982]OBJ SavePackage:     Rendered thumbnail for [ParticleSystem /Game/StarterContent/Particles/P_Fire.P_Fire]
[2017.03.21-22.38.18:986][982]OBJ SavePackage: Finished generating thumbnails for package [/Game/StarterContent/Particles/P_Fire]
[2017.03.21-22.38.19:022][982]LogSavePackage: Save=30.03ms
[2017.03.21-22.38.19:022][982]LogSavePackage: Moving '../../../../../../Users/u0950276/Desktop/Templeint/Saved/P_Fire_Auto3372D39244DD624E8C515C48B173629C5.tmp' to '../../../../../../Users/u0950276/Desktop/Templeint/Saved/Autosaves/Game/StarterContent/Particles/P_Fire_Auto3.uasset'
[2017.03.21-22.38.19:023][982]LogSavePackage:Display: Finished SavePackage ../../../../../../Users/u0950276/Desktop/Templeint/Saved/Autosaves/Game/StarterContent/Particles/P_Fire_Auto3.uasset
[2017.03.21-22.38.19:023][982]LogFileHelpers: Auto-saving content packages took 0.044
[2017.03.21-22.39.09:706][980]LogEditorViewport: Clicking on Actor (LMB): StaticMeshActor (wallz4)
[2017.03.21-22.39.14:774][579]LogEditorViewport: Clicking on Actor (LMB): Emitter (firetest2)
[2017.03.21-22.39.16:810][815]Cmd: DELETE
[2017.03.21-22.39.16:810][815]Cmd: ACTOR DELETE
[2017.03.21-22.39.16:811][815]LogEditorActor: Deleted Actor: Emitter
[2017.03.21-22.39.16:820][815]LogEditorActor: Deleted 1 Actors (0.010 secs)
[2017.03.21-22.39.18:508][ 17]LogEditorViewport: Clicking on Actor (LMB): Emitter (P_Fire3)
[2017.03.21-22.39.49:244][ 90]LogCascade: Quitting Cascade. FXSystem=0x00000140799547C0
[2017.03.21-22.39.57:070][852]LogEditorTransaction: Undo Clicking on Actors
[2017.03.21-22.39.57:231][865]LogEditorTransaction: Undo Delete Actors
[2017.03.21-22.39.57:437][876]LogEditorTransaction: Undo Clicking on Actors
[2017.03.21-22.39.57:599][882]LogEditorTransaction: Undo Clicking on Actors
[2017.03.21-22.39.57:786][895]LogEditorTransaction: Undo Move Actors
[2017.03.21-22.39.57:956][908]LogEditorTransaction: Undo Move Actors
[2017.03.21-22.39.58:158][926]LogEditorTransaction: Undo Move Actors
[2017.03.21-22.39.58:337][940]LogEditorTransaction: Undo Move Actors
[2017.03.21-22.39.58:531][957]LogEditorTransaction: Undo Move Actors
[2017.03.21-22.39.58:698][970]LogEditorTransaction: Undo Move Actors
[2017.03.21-22.39.58:862][984]LogEditorTransaction: Undo Move Actors
[2017.03.21-22.39.59:049][999]LogEditorTransaction: Undo Create Actors
[2017.03.21-22.39.59:236][ 12]LogEditorTransaction: Undo Move Actors
[2017.03.21-22.39.59:414][ 26]LogEditorTransaction: Undo Move Actors
[2017.03.21-22.39.59:588][ 41]LogEditorTransaction: Undo Create Actors
[2017.03.21-22.39.59:884][ 63]LogEditorTransaction: Undo Move Actors
[2017.03.21-22.40.00:032][ 75]LogEditorTransaction: Undo Create Actors
[2017.03.21-22.40.00:255][ 88]LogEditorTransaction: Undo Edit Constant
[2017.03.21-22.40.00:409][101]LogEditorTransaction: Undo Edit Constant
