Log file open, 03/23/17 19:16:53
LogInit:Display: Running engine for game: Templeint
LogPlatformFile: Not using cached read wrapper
LogInit:Display: RandInit(-140067650) SRandInit(-140067650).
LogTaskGraph: Started task graph with 5 named threads and 8 total threads with 1 sets of task threads.
LogStats: Stats thread started at 5.955432
LogInit: Using libcurl 7.47.1
LogInit:  - built for x86_64-pc-win32
LogInit:  - supports SSL with OpenSSL/1.0.2g
LogInit:  - supports HTTP deflate (compression) using libz 1.2.8
LogInit:  - other features:
LogInit:      CURL_VERSION_SSL
LogInit:      CURL_VERSION_LIBZ
LogInit:      CURL_VERSION_IPV6
LogInit:      CURL_VERSION_ASYNCHDNS
LogInit:      CURL_VERSION_LARGEFILE
LogInit:      CURL_VERSION_IDN
LogInit:  CurlRequestOptions (configurable via config and command line):
LogInit:  - bVerifyPeer = false  - Libcurl will NOT verify peer certificate
LogInit:  - bUseHttpProxy = false  - Libcurl will NOT use HTTP proxy
LogInit:  - bDontReuseConnections = false  - Libcurl will reuse connections
LogInit:  - CertBundlePath = nullptr  - Libcurl will use whatever was configured at build time.
LogInit: Build: ++UE4+Release-4.15-CL-3299760
LogInit: Engine Version: 4.15.0-3299760+++UE4+Release-4.15
LogInit: Compatible Engine Version: 4.15.0-3299760+++UE4+Release-4.15
LogInit: Net CL: 3299760
LogDevObjectVersion: Number of dev versions registered: 14
LogDevObjectVersion:   Dev-Blueprints (B0D832E4-1F89-4F0D-ACCF-7EB736FD4AA2): 8
LogDevObjectVersion:   Dev-Build (E1C64328-A22C-4D53-A36C-8E866417BD8C): 0
LogDevObjectVersion:   Dev-Core (375EC13C-06E4-48FB-B500-84F0262A717E): 2
LogDevObjectVersion:   Dev-Editor (E4B068ED-F494-42E9-A231-DA0B2E46BB41): 14
LogDevObjectVersion:   Dev-Framework (CFFC743F-43B0-4480-9391-14DF171D2073): 22
LogDevObjectVersion:   Dev-Mobile (B02B49B5-BB20-44E9-A304-32B752E40360): 0
LogDevObjectVersion:   Dev-Networking (A4E4105C-59A1-49B5-A7C5-40C4547EDFEE): 0
LogDevObjectVersion:   Dev-Online (39C831C9-5AE6-47DC-9A44-9C173E1C8E7C): 0
LogDevObjectVersion:   Dev-Physics (78F01B33-EBEA-4F98-B9B4-84EACCB95AA2): 0
LogDevObjectVersion:   Dev-Platform (6631380F-2D4D-43E0-8009-CF276956A95A): 0
LogDevObjectVersion:   Dev-Rendering (12F88B9F-8875-4AFC-A67C-D90C383ABD29): 12
LogDevObjectVersion:   Dev-Sequencer (7B5AE74C-D270-4C10-A958-57980B212A5A): 3
LogDevObjectVersion:   Dev-VR (D7296918-1DD6-4BDD-9DE2-64A83CC13884): 0
LogDevObjectVersion:   Dev-LoadTimes (C2A15278-BFE7-4AFE-6C17-90FF531DF755): 1
LogInit: Compiled (64-bit): Feb 14 2017 02:04:14
LogInit: Compiled with Visual C++: 19.00.23026.00
LogInit: Build Configuration: Development
LogInit: Branch Name: ++UE4+Release-4.15
LogInit: Command line:  
LogInit: Base directory: D:/Program Files/Epic Games/UE_4.15/Engine/Binaries/Win64/
LogInit: Installed Engine Build: 1
LogInit: Presizing for max 8388607 objects, including 0 objects not considered by GC, pre-allocating 0 bytes for permanent pool.
LogInit: Object subsystem initialized
[2017.03.24-01.16.55:252][  0]LogInit: Selected Device Profile: [Windows]
[2017.03.24-01.16.55:252][  0]LogInit: Applying CVar settings loaded from the selected device profile: [Windows]
[2017.03.24-01.16.55:391][  0]LogInit: Computer: BLACKFURY
[2017.03.24-01.16.55:391][  0]LogInit: User: Derek
[2017.03.24-01.16.55:391][  0]LogInit: CPU Page size=65536, Cores=4
[2017.03.24-01.16.55:391][  0]LogInit: High frequency timer resolution =2.241012 MHz
[2017.03.24-01.16.55:391][  0]LogMemory: Memory total: Physical=8.0GB (8GB approx)
[2017.03.24-01.16.55:391][  0]LogMemory: Platform Memory Stats for Windows
[2017.03.24-01.16.55:391][  0]LogMemory: Process Physical Memory: 270.86 MB used, 270.86 MB peak
[2017.03.24-01.16.55:391][  0]LogMemory: Process Virtual Memory: 262.62 MB used, 262.62 MB peak
[2017.03.24-01.16.55:391][  0]LogMemory: Physical Memory: 2656.20 MB used,  5488.77 MB free, 8144.98 MB total
[2017.03.24-01.16.55:391][  0]LogMemory: Virtual Memory: 644.48 MB used,  5488.77 MB free, 134217728.00 MB total
[2017.03.24-01.16.56:953][  0]LogTextLocalizationManager: No specific translations for ('en-US') exist, so ('en') translations will be used.
[2017.03.24-01.17.01:109][  0]LogD3D11RHI: D3D11 adapters:
[2017.03.24-01.17.01:150][  0]LogD3D11RHI:    0. 'NVIDIA GeForce GTX 660M' (Feature Level 11_0)
[2017.03.24-01.17.01:150][  0]LogD3D11RHI:       2017/0/4072 MB DedicatedVideo/DedicatedSystem/SharedSystem, Outputs:1, VendorId:0x10de
[2017.03.24-01.17.01:152][  0]LogD3D11RHI:    1. 'Microsoft Basic Render Driver' (Feature Level 11_0)
[2017.03.24-01.17.01:152][  0]LogD3D11RHI:       0/0/4072 MB DedicatedVideo/DedicatedSystem/SharedSystem, Outputs:0, VendorId:0x1414
[2017.03.24-01.17.01:152][  0]LogD3D11RHI: Chosen D3D11 Adapter: 0
[2017.03.24-01.17.01:157][  0]LogD3D11RHI: Creating new Direct3DDevice
[2017.03.24-01.17.01:157][  0]LogD3D11RHI:     GPU DeviceId: 0xfd4 (for the marketing name, search the web for "GPU Device Id")
[2017.03.24-01.17.01:157][  0]LogWindows: EnumDisplayDevices:
[2017.03.24-01.17.01:157][  0]LogWindows:    0. 'NVIDIA GeForce GTX 660M' (P:1 D:1)
[2017.03.24-01.17.01:157][  0]LogWindows:    1. 'NVIDIA GeForce GTX 660M' (P:0 D:0)
[2017.03.24-01.17.01:158][  0]LogWindows:    2. 'NVIDIA GeForce GTX 660M' (P:0 D:0)
[2017.03.24-01.17.01:158][  0]LogWindows:    3. 'NVIDIA GeForce GTX 660M' (P:0 D:0)
[2017.03.24-01.17.01:158][  0]LogWindows: DebugString: FoundDriverCount:4 
[2017.03.24-01.17.01:158][  0]LogD3D11RHI:     Adapter Name: NVIDIA GeForce GTX 660M
[2017.03.24-01.17.01:158][  0]LogD3D11RHI:   Driver Version: 375.63 (internal:21.21.13.7563, unified:375.63)
[2017.03.24-01.17.01:158][  0]LogD3D11RHI:      Driver Date: 10-21-2016
[2017.03.24-01.17.01:158][  0]LogRHI: Texture pool is 1361 MB (70% of 1945 MB)
[2017.03.24-01.17.01:193][  0]LogD3D11RHI:Warning: Timestamp queries are currently disabled on this hardware due to instability. Realtime GPU stats will not be available. You can override this behaviour by setting r.NVIDIATimestampWorkaround to 0
[2017.03.24-01.17.01:216][  0]LogD3D11RHI: Async texture creation enabled
[2017.03.24-01.17.01:638][  0]LogD3D11RHI: GPU Timing Frequency: 1000.000000 (Debug: 2 2)
[2017.03.24-01.17.01:894][  0]LogShaderCompilers: Guid format shader working directory is -11 characters bigger than the processId version (../../../../../../Derek/Documents/GitHub/NoStoneUnturned/Intermediate/Shaders/WorkingDirectory/13416/).
[2017.03.24-01.17.01:894][  0]LogShaderCompilers: Cleaned the shader compiler working directory 'C:/Users/Derek/AppData/Local/Temp/UnrealShaderWorkingDir/95B129344617E3D28632C48AFC7B6C14/'.
[2017.03.24-01.17.01:894][  0]LogShaderCompilers:Display: Using Local Shader Compiler.
[2017.03.24-01.17.05:766][  0]LogTemp:Display: Loaded TP AllDesktopTargetPlatform
[2017.03.24-01.17.05:822][  0]LogTemp:Display: Loaded TP MacClientTargetPlatform
[2017.03.24-01.17.05:878][  0]LogTemp:Display: Loaded TP MacNoEditorTargetPlatform
[2017.03.24-01.17.05:934][  0]LogTemp:Display: Loaded TP MacServerTargetPlatform
[2017.03.24-01.17.06:015][  0]LogTemp:Display: Loaded TP MacTargetPlatform
[2017.03.24-01.17.06:073][  0]LogTemp:Display: Loaded TP WindowsClientTargetPlatform
[2017.03.24-01.17.06:129][  0]LogTemp:Display: Loaded TP WindowsNoEditorTargetPlatform
[2017.03.24-01.17.06:185][  0]LogTemp:Display: Loaded TP WindowsServerTargetPlatform
[2017.03.24-01.17.06:240][  0]LogTemp:Display: Loaded TP WindowsTargetPlatform
[2017.03.24-01.17.06:298][  0]LogTemp:Display: Loaded TP AndroidTargetPlatform
[2017.03.24-01.17.06:372][  0]LogTemp:Display: Loaded TP Android_ASTCTargetPlatform
[2017.03.24-01.17.06:426][  0]LogTemp:Display: Loaded TP Android_ATCTargetPlatform
[2017.03.24-01.17.06:480][  0]LogTemp:Display: Loaded TP Android_DXTTargetPlatform
[2017.03.24-01.17.06:537][  0]LogTemp:Display: Loaded TP Android_ETC1TargetPlatform
[2017.03.24-01.17.06:591][  0]LogTemp:Display: Loaded TP Android_ETC2TargetPlatform
[2017.03.24-01.17.06:711][  0]LogTemp:Display: Loaded TP Android_MultiTargetPlatform
[2017.03.24-01.17.06:711][  0]LogTemp:Display: Loaded TP Android_PVRTCTargetPlatform
[2017.03.24-01.17.06:746][  0]LogTemp:Display: Loaded TP HTML5TargetPlatform
[2017.03.24-01.17.06:919][  0]LogTemp:Display: Loaded TP IOSTargetPlatform
[2017.03.24-01.17.06:957][  0]LogTemp:Display: Loaded TP TVOSTargetPlatform
[2017.03.24-01.17.07:011][  0]LogTemp:Display: Loaded TP LinuxClientTargetPlatform
[2017.03.24-01.17.07:065][  0]LogTemp:Display: Loaded TP LinuxNoEditorTargetPlatform
[2017.03.24-01.17.07:120][  0]LogTemp:Display: Loaded TP LinuxServerTargetPlatform
[2017.03.24-01.17.07:213][  0]LogTemp:Display: Loaded TP LinuxTargetPlatform
[2017.03.24-01.17.07:213][  0]LogTargetPlatformManager:Display: Building Assets For Windows
[2017.03.24-01.17.08:569][  0]LogDerivedDataCache:Display: Max Cache Size: 512 MB
[2017.03.24-01.17.09:030][  0]LogDerivedDataCache: Loaded boot cache 0.46s 50MB C:/Users/Derek/AppData/Local/UnrealEngine/4.15/DerivedDataCache/Boot.ddc.
[2017.03.24-01.17.09:030][  0]LogDerivedDataCache:Display: Loaded Boot cache: C:/Users/Derek/AppData/Local/UnrealEngine/4.15/DerivedDataCache/Boot.ddc
[2017.03.24-01.17.09:030][  0]LogDerivedDataCache: FDerivedDataBackendGraph:  Pak pak cache file ../../../../../../Derek/Documents/GitHub/NoStoneUnturned/DerivedDataCache/DDC.ddp not found, will not use a pak cache.
[2017.03.24-01.17.09:030][  0]LogDerivedDataCache: Unable to find inner node Pak for hierarchical cache Hierarchy.
[2017.03.24-01.17.09:030][  0]LogDerivedDataCache: FDerivedDataBackendGraph:  CompressedPak pak cache file ../../../../../../Derek/Documents/GitHub/NoStoneUnturned/DerivedDataCache/Compressed.ddp not found, will not use a pak cache.
[2017.03.24-01.17.09:030][  0]LogDerivedDataCache: Unable to find inner node CompressedPak for hierarchical cache Hierarchy.
[2017.03.24-01.17.09:118][  0]LogDerivedDataCache:Display: Pak cache opened for reading ../../../Engine/DerivedDataCache/Compressed.ddp.
[2017.03.24-01.17.09:131][  0]LogDerivedDataCache: Using Local data cache path C:/Users/Derek/AppData/Local/UnrealEngine/Common/DerivedDataCache: Writable
[2017.03.24-01.17.09:406][  0]LogSlate: Using Freetype 2.6.0
[2017.03.24-01.17.09:580][  0]LogSlate: SlateFontCache - WITH_FREETYPE: 1, WITH_HARFBUZZ: 1
[2017.03.24-01.17.09:580][  0]LogSlate: SlateFontCache - WITH_FREETYPE: 1, WITH_HARFBUZZ: 1
[2017.03.24-01.17.22:176][  0]LogInit: Selected Device Profile: [Windows]
[2017.03.24-01.17.22:332][  0]LogContentStreaming: Texture pool size is 0.00 MB
[2017.03.24-01.17.23:290][  0]LogMeshUtilities: Using QuadricMeshReduction for automatic static mesh reduction
[2017.03.24-01.17.23:463][  0]LogSimplygon: Simplygon DLL not present - disabling.
[2017.03.24-01.17.23:536][  0]LogMeshUtilities: Using SimplygonSwarm for distributed automatic mesh merging
[2017.03.24-01.17.23:536][  0]LogMeshUtilities: No automatic skeletal mesh reduction module available
[2017.03.24-01.17.23:536][  0]LogMeshUtilities: No automatic mesh merging module available
[2017.03.24-01.17.30:315][  0]LogNetVersion: GetLocalNetworkVersion: CL: 3299760, ProjectName: templeint, ProjectVersion: , EngineNetworkVersion: 2, GameNetworkVersion: 0, NetworkChecksum: 4162902586
[2017.03.24-01.17.30:486][  0]LogAssetRegistry: FAssetRegistry took 0.0250 seconds to start up
[2017.03.24-01.17.30:748][  0]LogPackageLocalizationCache: Processed 3 localized package path(s) for 2 prioritized culture(s) in 0.080702 seconds
[2017.03.24-01.17.30:806][  0]LogUObjectArray: 32475 objects as part of root set at end of initial load.
[2017.03.24-01.17.30:806][  0]LogUObjectAllocator: 7073360 out of 0 bytes used by permanent object pool.
[2017.03.24-01.17.30:806][  0]LogUObjectArray: CloseDisregardForGC: 0/0 objects in disregard for GC pool
[2017.03.24-01.17.30:993][  0]LogInit: WinSock: version 1.1 (2.2), MaxSocks=32767, MaxUdp=65467
[2017.03.24-01.17.51:697][  0]LogTcpMessaging: Initializing TcpMessaging bridge
[2017.03.24-01.17.51:840][  0]LogUdpMessaging: Initializing bridge on interface 0.0.0.0:0 to multicast group 230.0.0.1:6666.
[2017.03.24-01.17.54:361][  0]LogMaterial: Uniform references updated for custom material expression Custom.
[2017.03.24-01.17.55:904][  0]SourceControl: Info Source control is disabled
[2017.03.24-01.17.56:004][  0]SourceControl: Info Source control is disabled
[2017.03.24-01.17.56:368][  0]SourceControl: Info Source control is disabled
[2017.03.24-01.17.56:516][  0]SourceControl: Info Source control is disabled
[2017.03.24-01.18.00:992][  0]LogEngine: Initializing Engine...
[2017.03.24-01.18.01:899][  0]LogHMD: Failed to initialize OpenVR with code 108
[2017.03.24-01.18.03:461][  0]LogAIModule: Creating AISystem for world Untitled
[2017.03.24-01.18.03:772][  0]LogInit: XAudio2 using 'Speakers (VIA HD Audio)' : 6 channels at 48 kHz using 32 bits per sample (channel mask 0x60f)
[2017.03.24-01.18.03:819][  0]LogInit: FAudioDevice initialized.
[2017.03.24-01.18.03:848][  0]LogDerivedDataCache: Saved boot cache 0.03s 50MB C:/Users/Derek/AppData/Local/UnrealEngine/4.15/DerivedDataCache/Boot.ddc.
[2017.03.24-01.18.03:857][  0]LogInit: Texture streaming: Enabled
[2017.03.24-01.18.04:099][  0]LogEngineSessionManager: EngineSessionManager initialized
[2017.03.24-01.18.04:961][  0]LogInit: Transaction tracking system initialized
[2017.03.24-01.18.07:812][  0]BlueprintLog: New page: Editor Load
[2017.03.24-01.18.19:108][  0]LocalizationService: Info Localization service is disabled
[2017.03.24-01.18.25:751][  0]LogConsoleResponse:Display: 
[2017.03.24-01.18.31:283][  0]LogFileCache: Scanning file cache for directory 'D:/Derek/Documents/GitHub/NoStoneUnturned/Content/' took 0.07s
[2017.03.24-01.18.31:283][  0]LogCook:Display: Max memory allowance for cook 16384mb min free memory 0mb
[2017.03.24-01.18.31:306][  0]LogCook:Display: Mobile HDR setting 1
[2017.03.24-01.18.40:367][  0]SourceControl: Info Source control is disabled
[2017.03.24-01.18.40:827][  0]Cmd: MAP LOAD FILE="../../../../../../Derek/Documents/GitHub/NoStoneUnturned/Content/StarterContent/Maps/Minimal_Default.umap" TEMPLATE=0 SHOWPROGRESS=1 FEATURELEVEL=3
[2017.03.24-01.18.40:935][  0]LogEditorServer:Warning: Can't find file '../../../../../../Derek/Documents/GitHub/NoStoneUnturned/Content/StarterContent/Maps/Minimal_Default.umap'
[2017.03.24-01.18.40:954][  0]Cmd: MAP CHECKDEP NOCLEARLOG
[2017.03.24-01.18.41:609][  0]MapCheck: Info Map check complete: 0 Error(s), 0 Warning(s), took 607.115ms to complete.
[2017.03.24-01.18.41:609][  0]LogFileHelpers: Loading map 'Minimal_Default' took 0.993
[2017.03.24-01.18.56:712][  0]LogCollectionManager: Loaded 0 collections in 0.000913 seconds
[2017.03.24-01.18.58:507][  0]LogFileCache: Scanning file cache for directory 'D:/Derek/Documents/GitHub/NoStoneUnturned/Saved/Collections/' took 0.01s
[2017.03.24-01.18.58:507][  0]LogFileCache: Scanning file cache for directory 'D:/Derek/Documents/GitHub/NoStoneUnturned/Content/Developers/Derek/Collections/' took 0.01s
[2017.03.24-01.18.58:507][  0]LogFileCache: Scanning file cache for directory 'D:/Derek/Documents/GitHub/NoStoneUnturned/Content/Collections/' took 0.01s
[2017.03.24-01.18.58:507][  0]LogCollectionManager: Rebuilt the GUID cache for 0 collections in 0.000002 seconds
[2017.03.24-01.18.58:926][  0]LogContentBrowser: Native class hierarchy populated in 0.1753 seconds. Added 2244 classes and 450 folders.
[2017.03.24-01.18.59:524][  0]LogStats: UGameplayTagsManager::ConstructGameplayTagTree: Construct from data asset -  0.012 s
[2017.03.24-01.18.59:541][  0]LogStats: UGameplayTagsManager::ConstructGameplayTagTree: GameplayTagTreeChangedEvent.Broadcast -  0.006 s
[2017.03.24-01.18.59:816][  0]LogContentBrowser: Native class hierarchy updated for 'WidgetCarousel' in 0.0006 seconds. Added 0 classes and 0 folders.
[2017.03.24-01.19.03:178][  0]LogContentBrowser: Native class hierarchy updated for 'AddContentDialog' in 0.0006 seconds. Added 0 classes and 0 folders.
[2017.03.24-01.19.03:964][  0]LogContentBrowser: Native class hierarchy updated for 'SceneOutliner' in 0.0006 seconds. Added 1 classes and 2 folders.
[2017.03.24-01.19.15:918][  0]LogCrashTracker: Crashtracker disabled due to settings.
[2017.03.24-01.19.17:612][  0]LogUObjectGlobals:Warning: Failed to find object 'Class None.'
[2017.03.24-01.19.18:508][  0]LogContentBrowser: Native class hierarchy updated for 'HierarchicalLODOutliner' in 0.0007 seconds. Added 1 classes and 2 folders.
[2017.03.24-01.19.18:508][  0]LogLoad: (Engine Initialization) Total time: 158.19 seconds
[2017.03.24-01.19.18:508][  0]LogLoad: (Engine Initialization) Total Blueprint compile time: 0.70 seconds
[2017.03.24-01.19.18:508][  0]LogExternalProfiler: Found external profiler: VSPerf
[2017.03.24-01.19.18:508][  0]LogExternalProfiler: Using external profiler: VSPerf
[2017.03.24-01.19.19:184][  0]LogOcInput: OculusInput pre-init called
[2017.03.24-01.19.20:398][  0]LogContentStreaming: Texture pool size now 400 MB
[2017.03.24-01.19.20:835][  0]LogSlate: Took 0.024975 seconds to synchronously load lazily loaded font '../../../Engine/Content/Slate/Fonts/Roboto-Regular.ttf' (155K)
[2017.03.24-01.19.20:880][  0]LogSlate: Took 0.026280 seconds to synchronously load lazily loaded font '../../../Engine/Content/Slate/Fonts/Roboto-Bold.ttf' (160K)
[2017.03.24-01.19.23:395][  0]LogRenderer: Reallocating scene render targets to support 1468x592 NumSamples 1 (Frame:2).
[2017.03.24-01.19.25:517][  4]LogAssetRegistry: Asset discovery search completed in 115.0542 seconds
[2017.03.24-01.19.25:523][  4]LogCollectionManager: Rebuilt the object cache for 0 collections in 0.000287 seconds (found 0 objects)
[2017.03.24-01.19.25:523][  4]LogCollectionManager: Fixed up redirectors for 0 collections in 0.005347 seconds (updated 0 objects)
[2017.03.24-01.40.36:670][813]LogStreaming:Warning: Took 371.90ms to ProcessLoadedPackages
[2017.03.24-01.46.56:081][185]LogSlate: Took 0.021021 seconds to synchronously load lazily loaded font '../../../Engine/Content/Editor/Slate/Fonts/FontAwesome.ttf' (139K)
[2017.03.24-01.46.56:427][185]LogSlate: Took 0.024068 seconds to synchronously load lazily loaded font '../../../Engine/Content/Slate/Fonts/Roboto-Light.ttf' (159K)
[2017.03.24-01.47.08:431][864]LogSlate: Took 0.000180 seconds to synchronously load lazily loaded font '../../../Engine/Content/Slate/Fonts/Roboto-Light.ttf' (159K)
[2017.03.24-01.47.09:910][864]LogSlate: Took 0.000235 seconds to synchronously load lazily loaded font '../../../Engine/Content/Slate/Fonts/Roboto-Regular.ttf' (155K)
[2017.03.24-01.47.09:983][864]LogLinker:Warning: Can't find file '/Game/StarterContent/Textures/T_Smoke_SubUV'
[2017.03.24-01.47.09:995][864]LogLinker:Warning: Can't find file for asset '/Game/StarterContent/Textures/T_Smoke_SubUV' while loading ../../../../../../Derek/Documents/GitHub/NoStoneUnturned/Content/StarterContent/Particles/Materials/M_smoke_subUV.uasset.
[2017.03.24-01.47.09:995][864]LoadErrors:Error: Error /Game/StarterContent/Particles/Materials/M_smoke_subUV : Can't find file for asset. /Game/StarterContent/Textures/T_Smoke_SubUV
[2017.03.24-01.47.09:995][864]LogLinker:Warning: Can't find file '/Game/StarterContent/Textures/T_Smoke_Tiled_D'
[2017.03.24-01.47.09:995][864]LogLinker:Warning: Can't find file for asset '/Game/StarterContent/Textures/T_Smoke_Tiled_D' while loading ../../../../../../Derek/Documents/GitHub/NoStoneUnturned/Content/StarterContent/Particles/Materials/M_smoke_subUV.uasset.
[2017.03.24-01.47.10:013][864]LoadErrors:Error: Error /Game/StarterContent/Particles/Materials/M_smoke_subUV : Can't find file for asset. /Game/StarterContent/Textures/T_Smoke_Tiled_D
[2017.03.24-01.47.10:013][864]LogLinker:Warning: Can't find file '/Game/StarterContent/Textures/T_Smoke_SubUV'
[2017.03.24-01.47.10:013][864]LogLinker:Warning: Can't find file for asset '/Game/StarterContent/Textures/T_Smoke_SubUV' while loading ../../../../../../Derek/Documents/GitHub/NoStoneUnturned/Content/StarterContent/Particles/Materials/M_smoke_subUV.uasset.
[2017.03.24-01.47.10:013][864]LogLinker:Warning: Can't find file '/Game/StarterContent/Textures/T_Smoke_Tiled_D'
[2017.03.24-01.47.10:013][864]LogLinker:Warning: Can't find file for asset '/Game/StarterContent/Textures/T_Smoke_Tiled_D' while loading ../../../../../../Derek/Documents/GitHub/NoStoneUnturned/Content/StarterContent/Particles/Materials/M_smoke_subUV.uasset.
[2017.03.24-01.47.10:521][864]LogLinker:Warning: Can't find file '/Game/StarterContent/Textures/T_Smoke_SubUV'
[2017.03.24-01.47.10:543][864]LoadErrors: Info Failed to load /Game/StarterContent/Textures/T_Smoke_SubUV.T_Smoke_SubUV Referenced by MaterialExpressionParticleSubUV_0
[2017.03.24-01.47.10:543][864]LogLinker:Warning: Can't find file for asset '/Game/StarterContent/Textures/T_Smoke_SubUV' while loading NULL.
[2017.03.24-01.47.10:543][864]LogLinker:Warning: Can't find file '/Game/StarterContent/Textures/T_Smoke_Tiled_D'
[2017.03.24-01.47.10:543][864]LoadErrors: Info Failed to load /Game/StarterContent/Textures/T_Smoke_Tiled_D.T_Smoke_Tiled_D Referenced by MaterialExpressionTextureSample_0
[2017.03.24-01.47.10:543][864]LogLinker:Warning: Can't find file for asset '/Game/StarterContent/Textures/T_Smoke_Tiled_D' while loading NULL.
[2017.03.24-01.47.10:746][864]LogMaterial: Missing cached shader map for material black, compiling. 
[2017.03.24-01.47.10:811][864]LogTemp:Display: Added material ShaderMap 0x0000027BD83BC800 with Material 0x0000027BC4EC3700 to ShaderMapsBeingCompiled
[2017.03.24-01.47.10:973][864]LogTemp:Display: Kicking off shader compilation for black, GameThreadShaderMap 0x0000027BD83BC800
[2017.03.24-01.47.13:179][864]LogMaterial: Missing cached shader map for material M_smoke_subUV, compiling. 
[2017.03.24-01.47.13:322][864]LogMaterial:Warning: Failed to compile Material /Game/StarterContent/Particles/Materials/M_smoke_subUV.M_smoke_subUV for platform PCD3D_SM5, Default Material will be used in game.
[2017.03.24-01.47.13:322][864]LogMaterial:Warning: 	(Node TextureSample) TextureSample> Missing input texture
[2017.03.24-01.47.13:322][864]LogMaterial:Warning: 	(Node ParticleSubUV) Missing ParticleSubUV input texture
[2017.03.24-01.47.13:426][864]LogStaticMesh: Building static mesh arrows...
[2017.03.24-01.47.13:617][864]LogStaticMesh: Built static mesh [0.26s] /Game/stuff/arrows.arrows
[2017.03.24-01.47.13:766][864]LogStaticMesh: Building static mesh brokenwall...
[2017.03.24-01.47.13:892][864]LogStaticMesh: Built static mesh [0.13s] /Game/stuff/brokenwall.brokenwall
[2017.03.24-01.47.13:957][864]LogStaticMesh: Building static mesh holeinthewall2...
[2017.03.24-01.47.14:118][864]LogStaticMesh: Built static mesh [0.16s] /Game/stuff/holeinthewall2.holeinthewall2
[2017.03.24-01.47.14:131][864]LogStaticMesh: Building static mesh slide...
[2017.03.24-01.47.14:149][864]LogStaticMesh: Built static mesh [0.02s] /Game/stuff/slide.slide
[2017.03.24-01.47.14:152][864]LogStaticMesh: Building static mesh torch2...
[2017.03.24-01.47.14:184][864]LogStaticMesh: Built static mesh [0.03s] /Game/stuff/torch2.torch2
[2017.03.24-01.47.14:212][864]LogStaticMesh: Building static mesh wallz2...
[2017.03.24-01.47.14:329][864]LogStaticMesh: Built static mesh [0.12s] /Game/stuff/wallz2.wallz2
[2017.03.24-01.47.14:353][864]LogTexture:Display: Building textures: HQ_Lightmap0_1 (AutoDXT)
[2017.03.24-01.47.14:782][864]LogTexture:Display: Building textures: HQ_Lightmap0_2 (AutoDXT)
[2017.03.24-01.47.15:164][864]LogTexture:Display: Building textures: HQ_Lightmap0_3 (AutoDXT)
[2017.03.24-01.47.15:469][864]LogTexture:Display: Building textures: HQ_Lightmap1_4 (AutoDXT)
[2017.03.24-01.47.15:485][864]LogTexture:Display: Building textures: LQ_Lightmap_0_1 (DXT1)
[2017.03.24-01.47.15:621][864]LogTexture:Display: Building textures: LQ_Lightmap_0_2 (DXT1)
[2017.03.24-01.47.15:764][864]LogTexture:Display: Building textures: LQ_Lightmap_0_3 (DXT1)
[2017.03.24-01.47.15:910][864]LogTexture:Display: Building textures: LQ_Lightmap_1_4 (DXT1)
[2017.03.24-01.47.15:921][864]LogTexture:Display: Building textures: ShadowMapTexture2D_0 (BGRA8)
[2017.03.24-01.47.15:992][864]LogTexture:Display: Building textures: ShadowMapTexture2D_1 (BGRA8)
[2017.03.24-01.47.16:030][864]LogTexture:Display: Building textures: ShadowMapTexture2D_2 (G8)
[2017.03.24-01.47.16:034][864]LogMaterial: Missing cached shader map for material initialShadingGroup, compiling. 
[2017.03.24-01.47.16:036][864]LogTemp:Display: Added material ShaderMap 0x0000027BDA891D00 with Material 0x0000027BD98EDA80 to ShaderMapsBeingCompiled
[2017.03.24-01.47.16:085][864]LogTemp:Display: Kicking off shader compilation for initialShadingGroup, GameThreadShaderMap 0x0000027BDA891D00
[2017.03.24-01.47.16:135][864]LogAIModule: Creating AISystem for world Minimal_Default
[2017.03.24-01.47.17:499][864]Cmd: MAP LOAD FILE="../../../../../../Derek/Documents/GitHub/NoStoneUnturned/Content/Minimal_Default.umap" TEMPLATE=0 SHOWPROGRESS=1 FEATURELEVEL=3
[2017.03.24-01.47.17:510][864]LightingResults: New page: Lighting Build
[2017.03.24-01.47.17:603][864]LogContentBrowser: Native class hierarchy updated for 'StatsViewer' in 0.0013 seconds. Added 5 classes and 0 folders.
[2017.03.24-01.47.17:607][864]LoadErrors: New page: Loading map: Minimal_Default.umap
[2017.03.24-01.47.17:751][864]MapCheck: New page: Map Check
[2017.03.24-01.47.17:751][864]LightingResults: New page: Lighting Build
[2017.03.24-01.47.18:271][864]LogTemp:Display: Finished compile of shader map 0x0000027BD83BC800
[2017.03.24-01.47.18:271][864]LogTemp:Display: Shader map black complete, GameThreadShaderMap 0x0000027BD83BC800, marking material black as finished
[2017.03.24-01.47.18:271][864]LogTemp:Display: Marking material as finished 0x0000027BC4EC3700
[2017.03.24-01.47.19:023][864]LogEditorServer: Finished looking for orphan Actors (0.000 secs)
[2017.03.24-01.47.19:147][864]Cmd: MAP CHECKDEP NOCLEARLOG
[2017.03.24-01.47.19:200][864]MapCheck: Info Map check complete: 0 Error(s), 0 Warning(s), took 53.208ms to complete.
[2017.03.24-01.47.19:200][864]LogFileHelpers: Loading map 'Minimal_Default' took 1.755
[2017.03.24-01.47.19:610][865]LogTemp:Display: Finished compile of shader map 0x0000027BDA891D00
[2017.03.24-01.47.19:610][865]LogTemp:Display: Shader map initialShadingGroup complete, GameThreadShaderMap 0x0000027BDA891D00, marking material initialShadingGroup as finished
[2017.03.24-01.47.19:610][865]LogTemp:Display: Marking material as finished 0x0000027BD98EDA80
[2017.03.24-01.48.30:255][790]LogEditorViewport: Clicking on Actor (LMB): StaticMeshActor (Cube)
[2017.03.24-01.48.31:042][790]Cmd: CAMERA ALIGN ACTIVEVIEWPORTONLY
[2017.03.24-01.48.39:632][259]LogEditorViewport: Clicking on Actor (LMB): StaticMeshActor (slide)
[2017.03.24-01.48.40:399][292]Cmd: CAMERA ALIGN ACTIVEVIEWPORTONLY
[2017.03.24-01.48.48:139][753]LogEditorViewport: Clicking on Actor (LMB): Emitter (P_Fire3)
[2017.03.24-01.48.49:180][810]Cmd: CAMERA ALIGN ACTIVEVIEWPORTONLY
[2017.03.24-01.49.38:923][756]LogEditorViewport: Clicking on Actor (LMB): StaticMeshActor (Floor_400x400)
[2017.03.24-01.49.39:692][773]LogEditorViewport: Clicking on Actor (LMB): StaticMeshActor (Cube18)
[2017.03.24-01.49.40:124][794]Cmd: CAMERA ALIGN ACTIVEVIEWPORTONLY
[2017.03.24-01.49.48:731][303]LogEditorViewport: Clicking on Actor (LMB): StaticMeshActor (holeinthewall2)
[2017.03.24-01.49.48:982][313]Cmd: CAMERA ALIGN ACTIVEVIEWPORTONLY
[2017.03.24-01.50.41:520][410]Cmd: CAMERA ALIGN ACTIVEVIEWPORTONLY
[2017.03.24-01.50.44:599][594]LogEditorViewport: Clicking on Actor (LMB): StaticMeshActor (Wall_500x505)
[2017.03.24-01.50.48:360][813]LogEditorViewport: Clicking on Actor (LMB): StaticMeshActor (Wall_500x506)
[2017.03.24-01.50.49:647][885]LogEditorViewport: Clicking on Actor (LMB): StaticMeshActor (Wall_500x507)
[2017.03.24-01.50.50:520][933]LogEditorViewport: Clicking on Actor (LMB): StaticMeshActor (Wall_500x555)
[2017.03.24-01.50.52:203][ 28]LogEditorViewport: Clicking on Actor (LMB): StaticMeshActor (Wall_500x507)
[2017.03.24-01.50.53:088][ 76]LogEditorViewport: Clicking on Actor (LMB): StaticMeshActor (Wall_500x507)
[2017.03.24-01.51.01:590][583]LogEditorViewport: Clicking on Actor (LMB): Emitter (P_Fire6)
[2017.03.24-01.51.04:097][729]LogEditorViewport: Clicking on Actor (LMB): StaticMeshActor (Wall_500x555)
[2017.03.24-01.51.12:630][235]Cmd: TRANSACTION UNDO
[2017.03.24-01.51.12:630][235]LogEditorTransaction: Undo Set Actor Visibility
[2017.03.24-01.51.12:828][235]LogSlate: Took 0.000237 seconds to synchronously load lazily loaded font '../../../Engine/Content/Slate/Fonts/Roboto-Light.ttf' (159K)
[2017.03.24-01.51.12:872][236]Cmd: TRANSACTION UNDO
[2017.03.24-01.51.12:872][236]LogEditorTransaction: Undo Clicking on Actors
[2017.03.24-01.51.13:024][239]Cmd: TRANSACTION UNDO
[2017.03.24-01.51.13:024][239]LogEditorTransaction: Undo Clicking on Actors
[2017.03.24-01.51.13:260][248]Cmd: TRANSACTION UNDO
[2017.03.24-01.51.13:260][248]LogEditorTransaction: Undo Set Actor Visibility
[2017.03.24-01.51.13:545][264]Cmd: TRANSACTION UNDO
[2017.03.24-01.51.13:545][264]LogEditorTransaction: Undo Set Actor Visibility
[2017.03.24-01.51.13:843][281]Cmd: TRANSACTION UNDO
[2017.03.24-01.51.13:843][281]LogEditorTransaction: Undo Set Actor Visibility
[2017.03.24-01.51.14:168][300]Cmd: TRANSACTION UNDO
[2017.03.24-01.51.14:168][300]LogEditorTransaction: Undo Set Actor Visibility
[2017.03.24-01.51.14:477][318]Cmd: TRANSACTION UNDO
[2017.03.24-01.51.14:477][318]LogEditorTransaction: Undo Set Actor Visibility
[2017.03.24-01.51.14:951][346]Cmd: TRANSACTION UNDO
[2017.03.24-01.51.14:951][346]LogEditorTransaction: Undo Set Actor Visibility
[2017.03.24-01.51.15:400][372]Cmd: TRANSACTION UNDO
[2017.03.24-01.51.15:400][372]LogEditorTransaction: Undo Set Actor Visibility
[2017.03.24-01.51.15:815][396]Cmd: TRANSACTION UNDO
[2017.03.24-01.51.15:815][396]LogEditorTransaction: Undo Clicking on Actors
[2017.03.24-01.51.38:373][740]Cmd: CAMERA ALIGN ACTIVEVIEWPORTONLY
[2017.03.24-01.51.41:733][937]LogEditorViewport: Clicking on Actor (LMB): StaticMeshActor (wallz4)
[2017.03.24-01.51.41:855][939]Cmd: CAMERA ALIGN ACTIVEVIEWPORTONLY
[2017.03.24-01.51.45:699][168]LogEditorViewport: Clicking on Actor (LMB): StaticMeshActor (wallz5)
[2017.03.24-01.51.45:915][176]Cmd: CAMERA ALIGN ACTIVEVIEWPORTONLY
[2017.03.24-01.55.33:056][485]MapCheck: New page: Map Check
[2017.03.24-01.55.33:168][485]LightingResults: New page: Lighting Build - Mar 23, 2017, 1:55:33 PM
[2017.03.24-01.55.33:366][485]LogSwarmInterface: [OpenConnection] Registering TCP channel ...
[2017.03.24-01.55.33:498][485]LogSwarmInterface: [OpenConnection] Connecting to agent ...
[2017.03.24-01.55.33:530][485]LogSwarmInterface: [TryOpenConnection] Testing the Agent
[2017.03.24-01.55.35:084][485]LogSwarmInterface: [TryOpenConnection] Opening Connection to Agent
[2017.03.24-01.55.35:084][485]LogSwarmInterface: [TryOpenConnection] Local Process ID is 13416
[2017.03.24-01.55.42:587][485]LogStaticLightingSystem:Warning: No importance volume found, so the scene bounding box was used.  You can optimize your scene's quality and lighting build times by adding importance volumes.
[2017.03.24-01.55.42:588][485]LogStaticLightingSystem: Running Lightmass w/ ImmediateImport mode ENABLED
[2017.03.24-01.55.42:588][485]LogStaticLightingSystem: Running Lightmass w/ ImmediateProcess mode ENABLED
[2017.03.24-01.55.42:588][485]LogStaticLightingSystem: Running Lightmass w/ Sorting mode ENABLED
[2017.03.24-01.55.42:588][485]LogStaticLightingSystem: Running Lightmass w/ Mapping paddings ENABLED
[2017.03.24-01.55.42:588][485]LogStaticLightingSystem: Running Lightmass w/ Mapping debug paddings DISABLED
[2017.03.24-01.55.42:872][485]LogEditorBuildUtils: Build time 0:09
[2017.03.24-01.55.42:894][485]LogMaterial: Missing cached shader map for material FLightmassMaterialRenderer MaterialInstanceDynamic_1, compiling. 
[2017.03.24-01.55.42:895][485]LogTemp:Display: Added material ShaderMap 0x0000027B948F2080 with Material 0x0000027BF0834D00 to ShaderMapsBeingCompiled
[2017.03.24-01.55.42:897][485]LogTemp:Display: Kicking off shader compilation for FLightmassMaterialRenderer MaterialInstanceDynamic_1, GameThreadShaderMap 0x0000027B948F2080
[2017.03.24-01.55.42:899][485]LogMaterial: Missing cached shader map for material FLightmassMaterialRenderer MaterialInstanceDynamic_1, compiling. 
[2017.03.24-01.55.42:901][485]LogTemp:Display: Added material ShaderMap 0x0000027BF003B580 with Material 0x0000027BF0834400 to ShaderMapsBeingCompiled
[2017.03.24-01.55.42:904][485]LogTemp:Display: Kicking off shader compilation for FLightmassMaterialRenderer MaterialInstanceDynamic_1, GameThreadShaderMap 0x0000027BF003B580
[2017.03.24-01.55.42:930][486]LogMaterial: Missing cached shader map for material FLightmassMaterialRenderer M_Brick_Cut_Stone, compiling. 
[2017.03.24-01.55.42:931][486]LogTemp:Display: Added material ShaderMap 0x0000027BF003A080 with Material 0x0000027BEEEE6500 to ShaderMapsBeingCompiled
[2017.03.24-01.55.42:935][486]LogTemp:Display: Kicking off shader compilation for FLightmassMaterialRenderer M_Brick_Cut_Stone, GameThreadShaderMap 0x0000027BF003A080
[2017.03.24-01.55.42:938][486]LogMaterial: Missing cached shader map for material FLightmassMaterialRenderer M_Brick_Cut_Stone, compiling. 
[2017.03.24-01.55.42:939][486]LogTemp:Display: Added material ShaderMap 0x0000027BF0038B80 with Material 0x0000027BEEEE6800 to ShaderMapsBeingCompiled
[2017.03.24-01.55.42:949][486]LogTemp:Display: Kicking off shader compilation for FLightmassMaterialRenderer M_Brick_Cut_Stone, GameThreadShaderMap 0x0000027BF0038B80
[2017.03.24-01.55.42:989][487]LogMaterial: Missing cached shader map for material FLightmassMaterialRenderer M_Basic_Floor, compiling. 
[2017.03.24-01.55.42:990][487]LogTemp:Display: Added material ShaderMap 0x0000027BF05E7200 with Material 0x0000027BEEEE5300 to ShaderMapsBeingCompiled
[2017.03.24-01.55.42:992][487]LogTemp:Display: Kicking off shader compilation for FLightmassMaterialRenderer M_Basic_Floor, GameThreadShaderMap 0x0000027BF05E7200
[2017.03.24-01.55.42:996][487]LogMaterial: Missing cached shader map for material FLightmassMaterialRenderer M_Basic_Floor, compiling. 
[2017.03.24-01.55.42:997][487]LogTemp:Display: Added material ShaderMap 0x0000027BF05E5980 with Material 0x0000027BDA509600 to ShaderMapsBeingCompiled
[2017.03.24-01.55.42:999][487]LogTemp:Display: Kicking off shader compilation for FLightmassMaterialRenderer M_Basic_Floor, GameThreadShaderMap 0x0000027BF05E5980
[2017.03.24-01.55.43:018][488]LogMaterial: Missing cached shader map for material FLightmassMaterialRenderer M_Basic_Wall, compiling. 
[2017.03.24-01.55.43:019][488]LogTemp:Display: Added material ShaderMap 0x0000027BF05E4480 with Material 0x0000027BCEF40700 to ShaderMapsBeingCompiled
[2017.03.24-01.55.43:024][488]LogTemp:Display: Kicking off shader compilation for FLightmassMaterialRenderer M_Basic_Wall, GameThreadShaderMap 0x0000027BF05E4480
[2017.03.24-01.55.43:027][488]LogMaterial: Missing cached shader map for material FLightmassMaterialRenderer M_Basic_Wall, compiling. 
[2017.03.24-01.55.43:028][488]LogTemp:Display: Added material ShaderMap 0x0000027BEF382E80 with Material 0x0000027BCEF41300 to ShaderMapsBeingCompiled
[2017.03.24-01.55.43:031][488]LogTemp:Display: Kicking off shader compilation for FLightmassMaterialRenderer M_Basic_Wall, GameThreadShaderMap 0x0000027BEF382E80
[2017.03.24-01.55.43:050][489]LogMaterial: Missing cached shader map for material FLightmassMaterialRenderer BasicShapeMaterial, compiling. 
[2017.03.24-01.55.43:051][489]LogTemp:Display: Added material ShaderMap 0x0000027BEF381980 with Material 0x0000027BEF35B400 to ShaderMapsBeingCompiled
[2017.03.24-01.55.43:056][489]LogTemp:Display: Kicking off shader compilation for FLightmassMaterialRenderer BasicShapeMaterial, GameThreadShaderMap 0x0000027BEF381980
[2017.03.24-01.55.43:060][489]LogMaterial: Missing cached shader map for material FLightmassMaterialRenderer BasicShapeMaterial, compiling. 
[2017.03.24-01.55.43:061][489]LogTemp:Display: Added material ShaderMap 0x0000027BEF380480 with Material 0x0000027BEF35AE00 to ShaderMapsBeingCompiled
[2017.03.24-01.55.43:065][489]LogTemp:Display: Kicking off shader compilation for FLightmassMaterialRenderer BasicShapeMaterial, GameThreadShaderMap 0x0000027BEF380480
[2017.03.24-01.55.43:097][490]LogMaterial: Missing cached shader map for material FLightmassMaterialRenderer black, compiling. 
[2017.03.24-01.55.43:098][490]LogTemp:Display: Added material ShaderMap 0x0000027BEE3B2E80 with Material 0x0000027BEEEE4700 to ShaderMapsBeingCompiled
[2017.03.24-01.55.43:103][490]LogTemp:Display: Kicking off shader compilation for FLightmassMaterialRenderer black, GameThreadShaderMap 0x0000027BEE3B2E80
[2017.03.24-01.55.43:107][490]LogMaterial: Missing cached shader map for material FLightmassMaterialRenderer black, compiling. 
[2017.03.24-01.55.43:109][490]LogTemp:Display: Added material ShaderMap 0x0000027BEE3B1980 with Material 0x0000027BEEEE4100 to ShaderMapsBeingCompiled
[2017.03.24-01.55.43:113][490]LogTemp:Display: Kicking off shader compilation for FLightmassMaterialRenderer black, GameThreadShaderMap 0x0000027BEE3B1980
[2017.03.24-01.55.43:140][491]LogMaterial: Missing cached shader map for material FLightmassMaterialRenderer M_Concrete_Grime, compiling. 
[2017.03.24-01.55.43:142][491]LogTemp:Display: Added material ShaderMap 0x0000027BEE3B0480 with Material 0x0000027BEF7AFD00 to ShaderMapsBeingCompiled
[2017.03.24-01.55.43:145][491]LogTemp:Display: Kicking off shader compilation for FLightmassMaterialRenderer M_Concrete_Grime, GameThreadShaderMap 0x0000027BEE3B0480
[2017.03.24-01.55.43:149][491]LogMaterial: Missing cached shader map for material FLightmassMaterialRenderer M_Concrete_Grime, compiling. 
[2017.03.24-01.55.43:151][491]LogTemp:Display: Added material ShaderMap 0x0000027BEF7AAE80 with Material 0x0000027BEF7AFA00 to ShaderMapsBeingCompiled
[2017.03.24-01.55.43:154][491]LogTemp:Display: Kicking off shader compilation for FLightmassMaterialRenderer M_Concrete_Grime, GameThreadShaderMap 0x0000027BEF7AAE80
[2017.03.24-01.55.43:181][492]LogMaterial: Missing cached shader map for material FLightmassMaterialRenderer M_Wood_Walnut, compiling. 
[2017.03.24-01.55.43:183][492]LogTemp:Display: Added material ShaderMap 0x0000027BEF7A9980 with Material 0x0000027BEF35A500 to ShaderMapsBeingCompiled
[2017.03.24-01.55.43:187][492]LogTemp:Display: Kicking off shader compilation for FLightmassMaterialRenderer M_Wood_Walnut, GameThreadShaderMap 0x0000027BEF7A9980
[2017.03.24-01.55.43:191][492]LogMaterial: Missing cached shader map for material FLightmassMaterialRenderer M_Wood_Walnut, compiling. 
[2017.03.24-01.55.43:192][492]LogTemp:Display: Added material ShaderMap 0x0000027BEF7A8480 with Material 0x0000027BEF359C00 to ShaderMapsBeingCompiled
[2017.03.24-01.55.43:196][492]LogTemp:Display: Kicking off shader compilation for FLightmassMaterialRenderer M_Wood_Walnut, GameThreadShaderMap 0x0000027BEF7A8480
[2017.03.24-01.55.43:226][493]LogMaterial: Missing cached shader map for material FLightmassMaterialRenderer WorldGridMaterial, compiling. Is special engine material.
[2017.03.24-01.55.43:228][493]LogTemp:Display: Added material ShaderMap 0x0000027BCEE96E80 with Material 0x0000027BEF7AD600 to ShaderMapsBeingCompiled
[2017.03.24-01.55.43:232][493]LogTemp:Display: Kicking off shader compilation for FLightmassMaterialRenderer WorldGridMaterial, GameThreadShaderMap 0x0000027BCEE96E80
[2017.03.24-01.55.43:237][493]LogMaterial: Missing cached shader map for material FLightmassMaterialRenderer WorldGridMaterial, compiling. Is special engine material.
[2017.03.24-01.55.43:238][493]LogTemp:Display: Added material ShaderMap 0x0000027BCEE95600 with Material 0x0000027BEF7ADC00 to ShaderMapsBeingCompiled
[2017.03.24-01.55.43:242][493]LogTemp:Display: Kicking off shader compilation for FLightmassMaterialRenderer WorldGridMaterial, GameThreadShaderMap 0x0000027BCEE95600
[2017.03.24-01.55.45:590][494]LogTemp:Display: Finished compile of shader map 0x0000027BF0038B80
[2017.03.24-01.55.45:590][494]LogTemp:Display: Shader map FLightmassMaterialRenderer M_Brick_Cut_Stone complete, GameThreadShaderMap 0x0000027BF0038B80, marking material FLightmassMaterialRenderer M_Brick_Cut_Stone as finished
[2017.03.24-01.55.45:590][494]LogTemp:Display: Marking material as finished 0x0000027BEEEE6800
[2017.03.24-01.55.45:593][494]LogTemp:Display: Finished compile of shader map 0x0000027BF003A080
[2017.03.24-01.55.45:593][494]LogTemp:Display: Shader map FLightmassMaterialRenderer M_Brick_Cut_Stone complete, GameThreadShaderMap 0x0000027BF003A080, marking material FLightmassMaterialRenderer M_Brick_Cut_Stone as finished
[2017.03.24-01.55.45:593][494]LogTemp:Display: Marking material as finished 0x0000027BEEEE6500
[2017.03.24-01.55.45:597][494]LogTemp:Display: Finished compile of shader map 0x0000027BF05E7200
[2017.03.24-01.55.45:597][494]LogTemp:Display: Shader map FLightmassMaterialRenderer M_Basic_Floor complete, GameThreadShaderMap 0x0000027BF05E7200, marking material FLightmassMaterialRenderer M_Basic_Floor as finished
[2017.03.24-01.55.45:597][494]LogTemp:Display: Marking material as finished 0x0000027BEEEE5300
[2017.03.24-01.55.45:601][494]LogTemp:Display: Finished compile of shader map 0x0000027BF003B580
[2017.03.24-01.55.45:601][494]LogTemp:Display: Shader map FLightmassMaterialRenderer MaterialInstanceDynamic_1 complete, GameThreadShaderMap 0x0000027BF003B580, marking material FLightmassMaterialRenderer MaterialInstanceDynamic_1 as finished
[2017.03.24-01.55.45:601][494]LogTemp:Display: Marking material as finished 0x0000027BF0834400
[2017.03.24-01.55.45:603][494]LogTemp:Display: Finished compile of shader map 0x0000027B948F2080
[2017.03.24-01.55.45:603][494]LogTemp:Display: Shader map FLightmassMaterialRenderer MaterialInstanceDynamic_1 complete, GameThreadShaderMap 0x0000027B948F2080, marking material FLightmassMaterialRenderer MaterialInstanceDynamic_1 as finished
[2017.03.24-01.55.45:603][494]LogTemp:Display: Marking material as finished 0x0000027BF0834D00
[2017.03.24-01.55.45:606][494]LogTemp:Display: Finished compile of shader map 0x0000027BEF7A8480
[2017.03.24-01.55.45:606][494]LogTemp:Display: Shader map FLightmassMaterialRenderer M_Wood_Walnut complete, GameThreadShaderMap 0x0000027BEF7A8480, marking material FLightmassMaterialRenderer M_Wood_Walnut as finished
[2017.03.24-01.55.45:606][494]LogTemp:Display: Marking material as finished 0x0000027BEF359C00
[2017.03.24-01.55.45:611][494]LogTemp:Display: Finished compile of shader map 0x0000027BCEE96E80
[2017.03.24-01.55.45:611][494]LogTemp:Display: Shader map FLightmassMaterialRenderer WorldGridMaterial complete, GameThreadShaderMap 0x0000027BCEE96E80, marking material FLightmassMaterialRenderer WorldGridMaterial as finished
[2017.03.24-01.55.45:611][494]LogTemp:Display: Marking material as finished 0x0000027BEF7AD600
[2017.03.24-01.55.45:615][494]LogTemp:Display: Finished compile of shader map 0x0000027BCEE95600
[2017.03.24-01.55.45:615][494]LogTemp:Display: Shader map FLightmassMaterialRenderer WorldGridMaterial complete, GameThreadShaderMap 0x0000027BCEE95600, marking material FLightmassMaterialRenderer WorldGridMaterial as finished
[2017.03.24-01.55.45:615][494]LogTemp:Display: Marking material as finished 0x0000027BEF7ADC00
[2017.03.24-01.55.45:618][494]LogTemp:Display: Finished compile of shader map 0x0000027BF05E5980
[2017.03.24-01.55.45:618][494]LogTemp:Display: Shader map FLightmassMaterialRenderer M_Basic_Floor complete, GameThreadShaderMap 0x0000027BF05E5980, marking material FLightmassMaterialRenderer M_Basic_Floor as finished
[2017.03.24-01.55.45:618][494]LogTemp:Display: Marking material as finished 0x0000027BDA509600
[2017.03.24-01.55.45:621][494]LogTemp:Display: Finished compile of shader map 0x0000027BF05E4480
[2017.03.24-01.55.45:621][494]LogTemp:Display: Shader map FLightmassMaterialRenderer M_Basic_Wall complete, GameThreadShaderMap 0x0000027BF05E4480, marking material FLightmassMaterialRenderer M_Basic_Wall as finished
[2017.03.24-01.55.45:621][494]LogTemp:Display: Marking material as finished 0x0000027BCEF40700
[2017.03.24-01.55.45:625][494]LogTemp:Display: Finished compile of shader map 0x0000027BEF382E80
[2017.03.24-01.55.45:625][494]LogTemp:Display: Shader map FLightmassMaterialRenderer M_Basic_Wall complete, GameThreadShaderMap 0x0000027BEF382E80, marking material FLightmassMaterialRenderer M_Basic_Wall as finished
[2017.03.24-01.55.45:625][494]LogTemp:Display: Marking material as finished 0x0000027BCEF41300
[2017.03.24-01.55.45:628][494]LogTemp:Display: Finished compile of shader map 0x0000027BEF381980
[2017.03.24-01.55.45:628][494]LogTemp:Display: Shader map FLightmassMaterialRenderer BasicShapeMaterial complete, GameThreadShaderMap 0x0000027BEF381980, marking material FLightmassMaterialRenderer BasicShapeMaterial as finished
[2017.03.24-01.55.45:628][494]LogTemp:Display: Marking material as finished 0x0000027BEF35B400
[2017.03.24-01.55.45:632][494]LogTemp:Display: Finished compile of shader map 0x0000027BEF380480
[2017.03.24-01.55.45:632][494]LogTemp:Display: Shader map FLightmassMaterialRenderer BasicShapeMaterial complete, GameThreadShaderMap 0x0000027BEF380480, marking material FLightmassMaterialRenderer BasicShapeMaterial as finished
[2017.03.24-01.55.45:632][494]LogTemp:Display: Marking material as finished 0x0000027BEF35AE00
[2017.03.24-01.55.45:635][494]LogTemp:Display: Finished compile of shader map 0x0000027BEE3B2E80
[2017.03.24-01.55.45:635][494]LogTemp:Display: Shader map FLightmassMaterialRenderer black complete, GameThreadShaderMap 0x0000027BEE3B2E80, marking material FLightmassMaterialRenderer black as finished
[2017.03.24-01.55.45:635][494]LogTemp:Display: Marking material as finished 0x0000027BEEEE4700
[2017.03.24-01.55.45:639][494]LogTemp:Display: Finished compile of shader map 0x0000027BEE3B1980
[2017.03.24-01.55.45:639][494]LogTemp:Display: Shader map FLightmassMaterialRenderer black complete, GameThreadShaderMap 0x0000027BEE3B1980, marking material FLightmassMaterialRenderer black as finished
[2017.03.24-01.55.45:639][494]LogTemp:Display: Marking material as finished 0x0000027BEEEE4100
[2017.03.24-01.55.45:643][494]LogTemp:Display: Finished compile of shader map 0x0000027BEE3B0480
[2017.03.24-01.55.45:643][494]LogTemp:Display: Shader map FLightmassMaterialRenderer M_Concrete_Grime complete, GameThreadShaderMap 0x0000027BEE3B0480, marking material FLightmassMaterialRenderer M_Concrete_Grime as finished
[2017.03.24-01.55.45:643][494]LogTemp:Display: Marking material as finished 0x0000027BEF7AFD00
[2017.03.24-01.55.45:646][494]LogTemp:Display: Finished compile of shader map 0x0000027BEF7AAE80
[2017.03.24-01.55.45:646][494]LogTemp:Display: Shader map FLightmassMaterialRenderer M_Concrete_Grime complete, GameThreadShaderMap 0x0000027BEF7AAE80, marking material FLightmassMaterialRenderer M_Concrete_Grime as finished
[2017.03.24-01.55.45:646][494]LogTemp:Display: Marking material as finished 0x0000027BEF7AFA00
[2017.03.24-01.55.45:651][494]LogTemp:Display: Finished compile of shader map 0x0000027BEF7A9980
[2017.03.24-01.55.45:651][494]LogTemp:Display: Shader map FLightmassMaterialRenderer M_Wood_Walnut complete, GameThreadShaderMap 0x0000027BEF7A9980, marking material FLightmassMaterialRenderer M_Wood_Walnut as finished
[2017.03.24-01.55.45:651][494]LogTemp:Display: Marking material as finished 0x0000027BEF35A500
[2017.03.24-01.56.03:297][260]Job is a success!
[2017.03.24-01.56.04:971][261]LogTexture:Display: Building textures: HQ_Lightmap1_1 (AutoDXT)
[2017.03.24-01.56.04:971][261]LogTexture:Display: Building textures: LQ_Lightmap_1_1 (DXT1)
[2017.03.24-01.56.04:971][261]LogTexture:Display: Building textures: HQ_Lightmap1_2 (AutoDXT)
[2017.03.24-01.56.04:971][261]LogTexture:Display: Building textures: LQ_Lightmap_1_2 (DXT1)
[2017.03.24-01.56.04:971][261]LogTexture:Display: Building textures: HQ_Lightmap1_3 (AutoDXT)
[2017.03.24-01.56.04:971][261]LogTexture:Display: Building textures: LQ_Lightmap_1_3 (DXT1)
[2017.03.24-01.56.04:971][261]LogTexture:Display: Building textures: HQ_Lightmap0_4 (AutoDXT)
[2017.03.24-01.56.04:971][261]LogTexture:Display: Building textures: LQ_Lightmap_0_4 (DXT1)
[2017.03.24-01.56.05:171][261]LogTexture:Display: Building textures: ShadowMapTexture2D_5 (G8)
[2017.03.24-01.56.05:171][261]LogTexture:Display: Building textures: ShadowMapTexture2D_4 (BGRA8)
[2017.03.24-01.56.05:370][261]LogTexture:Display: Building textures: ShadowMapTexture2D_3 (BGRA8)
[2017.03.24-01.56.05:400][261]Lightmass on BLACKFURY: 17.6 sec total, 186 ms importing, 70 ms setup, 2.89 sec photons, 14.4 sec processing, 0 ms extra exporting [132/132 mappings]. Threads: 1:41 min total, 1:12 min processing.
[2017.03.24-01.56.05:476][261]LogStaticLightingSystem: Illumination: 32.3 sec (1.29 sec encoding lightmaps, 395 ms encoding shadowmaps)
[2017.03.24-01.56.05:476][261]LogStaticLightingSystem: Lightmap texture memory:  6.0 MB (6.0 MB streaming, 0.0 MB non-streaming), 8 textures
[2017.03.24-01.56.05:476][261]LogStaticLightingSystem: Shadowmap texture memory: 8.0 MB (8.0 MB streaming, 0.0 MB non-streaming), 3 textures
[2017.03.24-01.56.05:576][261]DumpUnbuiltLightIteractions
[2017.03.24-01.56.05:576][261]Lights with unbuilt interactions: 0
[2017.03.24-01.56.05:576][261]
[2017.03.24-01.56.05:576][261]Primitives with unbuilt interactions: 0
[2017.03.24-01.56.05:603][262]Cmd: MAP CHECK NOTIFYRESULTS
[2017.03.24-01.56.05:603][262]MapCheck: New page: Minimal_Default - Mar 23, 2017, 1:56:05 PM
[2017.03.24-01.56.05:888][262]MapCheck: Info Map check complete: 0 Error(s), 0 Warning(s), took 285.804ms to complete.
[2017.03.24-01.57.28:313][578]LogSavePackage: Save=855.49ms
[2017.03.24-01.57.28:313][578]LogSavePackage: Moving '../../../../../../Derek/Documents/GitHub/NoStoneUnturned/Saved/Minimal_Default_Auto1DCC5E17346EACA1D7B588A954BE7522B.tmp' to '../../../../../../Derek/Documents/GitHub/NoStoneUnturned/Saved/Autosaves/Game/Minimal_Default_Auto1.umap'
[2017.03.24-01.57.28:327][578]LogSavePackage:Display: Finished SavePackage ../../../../../../Derek/Documents/GitHub/NoStoneUnturned/Saved/Autosaves/Game/Minimal_Default_Auto1.umap
[2017.03.24-01.57.28:385][578]LogFileHelpers: Editor autosave (incl. sublevels) for '/Game/Minimal_Default' took 1.057
[2017.03.24-01.57.28:385][578]LogFileHelpers: Editor autosave (incl. sublevels) for all levels took 1.057
[2017.03.24-01.57.28:387][578]OBJ SavePackage: Generating thumbnails for [0] asset(s) in package [/Game/Minimal_Default_BuiltData] ([1] browsable assets)...
[2017.03.24-01.57.28:387][578]OBJ SavePackage: Finished generating thumbnails for package [/Game/Minimal_Default_BuiltData]
[2017.03.24-01.57.28:459][578]LogSavePackage: Save=34.33ms
[2017.03.24-01.57.28:459][578]LogSavePackage: Moving '../../../../../../Derek/Documents/GitHub/NoStoneUnturned/Saved/Minimal_Default_BuiltData_Auto1A5658ADB42E87BCA5767C7BA8F0C2212.tmp' to '../../../../../../Derek/Documents/GitHub/NoStoneUnturned/Saved/Autosaves/Game/Minimal_Default_BuiltData_Auto1.uasset'
[2017.03.24-01.57.28:464][578]LogSavePackage:Display: Finished SavePackage ../../../../../../Derek/Documents/GitHub/NoStoneUnturned/Saved/Autosaves/Game/Minimal_Default_BuiltData_Auto1.uasset
[2017.03.24-01.57.28:464][578]LogFileHelpers: Auto-saving content packages took 0.079
[2017.03.24-01.59.38:067][ 58]LogEditorViewport: Clicking on Actor (LMB): StaticMeshActor (wallz5)
[2017.03.24-01.59.38:986][112]LogEditorViewport: Clicking on Actor (LMB): StaticMeshActor (wallz3)
[2017.03.24-01.59.47:200][598]LogEditorViewport: Clicking on Actor (LMB): StaticMeshActor (slide)
[2017.03.24-01.59.48:501][671]LogEditorViewport: Clicking on Actor (LMB): StaticMeshActor (wallz3)
[2017.03.24-02.01.18:473][476]LogEditorViewport: Clicking on Actor (LMB): StaticMeshActor (wallz3)
[2017.03.24-02.01.37:762][578]LogEditorViewport: Clicking on Actor (LMB): StaticMeshActor (wallz4)
[2017.03.24-02.02.45:126][638]LogEditorViewport: Clicking on Actor (LMB): StaticMeshActor (Cube)
[2017.03.24-02.02.50:703][965]LogEditorViewport: Clicking on Actor (LMB): StaticMeshActor (Cube3)
[2017.03.24-02.02.51:651][ 16]LogEditorViewport: Clicking on Actor (LMB): StaticMeshActor (Wall_500x505)
[2017.03.24-02.02.58:918][286]Cmd: QUIT_EDITOR
[2017.03.24-02.02.59:343][286]LogWindowsTextInputMethodSystem:Display: IME system now deactivated.
[2017.03.24-02.02.59:426][286]LogExit: Preparing to exit.
[2017.03.24-02.03.00:213][286]LogActorComponent: UnregisterComponent: (None.None) Not registered. Aborting.
[2017.03.24-02.03.00:213][286]LogActorComponent: UnregisterComponent: (None.None) Not registered. Aborting.
[2017.03.24-02.03.00:213][286]LogActorComponent: UnregisterComponent: (None.None) Not registered. Aborting.
[2017.03.24-02.03.00:307][286]LogDirectoryWatcher: A directory notification for 'D:/Derek/Documents/GitHub/NoStoneUnturned/Content/' was aborted.
[2017.03.24-02.03.00:583][286]LogExit: Editor shut down
[2017.03.24-02.03.00:584][286]LogExit: Transaction tracking system shut down
[2017.03.24-02.03.02:539][286]LogObj: Freed 0b from 0 cluster array pools.
[2017.03.24-02.03.02:540][286]LogExit: Object subsystem successfully closed.
[2017.03.24-02.03.02:832][286]LogD3D11RHI: Shutdown
[2017.03.24-02.03.02:832][286]LogD3D11RHI: CleanupD3DDevice
[2017.03.24-02.03.02:976][286]LogD3D11RHI: ~FD3D11DynamicRHI
[2017.03.24-02.03.04:048][286]LogModuleManager: Shutting down and abandoning module StatsViewer (496)
[2017.03.24-02.03.04:060][286]LogModuleManager: Shutting down and abandoning module HierarchicalLODOutliner (494)
[2017.03.24-02.03.04:081][286]LogModuleManager: Shutting down and abandoning module CrashTracker (492)
[2017.03.24-02.03.04:081][286]LogModuleManager: Shutting down and abandoning module SceneOutliner (490)
[2017.03.24-02.03.04:081][286]LogModuleManager: Shutting down and abandoning module AddContentDialog (488)
[2017.03.24-02.03.04:100][286]LogDirectoryWatcher: A directory notification for 'D:/Program Files/Epic Games/UE_4.15/FeaturePacks/' was aborted.
[2017.03.24-02.03.04:122][286]LogModuleManager: Shutting down and abandoning module WidgetCarousel (487)
[2017.03.24-02.03.04:122][286]LogModuleManager: Shutting down and abandoning module EditorWidgets (484)
[2017.03.24-02.03.04:122][286]LogModuleManager: Shutting down and abandoning module CollectionManager (482)
[2017.03.24-02.03.04:156][286]LogDirectoryWatcher: A directory notification for 'D:/Derek/Documents/GitHub/NoStoneUnturned/Content/Collections/' was aborted.
[2017.03.24-02.03.04:156][286]LogDirectoryWatcher: A directory notification for 'D:/Derek/Documents/GitHub/NoStoneUnturned/Content/Developers/Derek/Collections/' was aborted.
[2017.03.24-02.03.04:156][286]LogDirectoryWatcher: A directory notification for 'D:/Derek/Documents/GitHub/NoStoneUnturned/Saved/Collections/' was aborted.
[2017.03.24-02.03.04:156][286]LogModuleManager: Shutting down and abandoning module FoliageEdit (480)
[2017.03.24-02.03.04:156][286]LogModuleManager: Shutting down and abandoning module LandscapeEditor (478)
[2017.03.24-02.03.04:186][286]LogModuleManager: Shutting down and abandoning module SceneDepthPickerMode (476)
[2017.03.24-02.03.04:186][286]LogModuleManager: Shutting down and abandoning module ActorPickerMode (474)
[2017.03.24-02.03.04:186][286]LogModuleManager: Shutting down and abandoning module GeometryMode (472)
[2017.03.24-02.03.04:186][286]LogModuleManager: Shutting down and abandoning module TextureAlignMode (470)
[2017.03.24-02.03.04:186][286]LogModuleManager: Shutting down and abandoning module BspMode (468)
[2017.03.24-02.03.04:208][286]LogModuleManager: Shutting down and abandoning module HardwareSurvey (466)
[2017.03.24-02.03.04:208][286]LogModuleManager: Shutting down and abandoning module SequenceRecorderSections (464)
[2017.03.24-02.03.04:208][286]LogModuleManager: Shutting down and abandoning module AutomationWorker (462)
[2017.03.24-02.03.04:211][286]LogModuleManager: Shutting down and abandoning module MatineeToLevelSequence (460)
[2017.03.24-02.03.04:211][286]LogModuleManager: Shutting down and abandoning module LevelSequenceEditor (458)
[2017.03.24-02.03.04:289][286]LogModuleManager: Shutting down and abandoning module PlacementMode (457)
[2017.03.24-02.03.04:289][286]LogModuleManager: Shutting down and abandoning module WmfMediaFactory (454)
[2017.03.24-02.03.04:289][286]LogModuleManager: Shutting down and abandoning module WmfMediaEditor (452)
[2017.03.24-02.03.04:289][286]LogModuleManager: Shutting down and abandoning module MfMediaFactory (450)
[2017.03.24-02.03.04:289][286]LogModuleManager: Shutting down and abandoning module MfMediaEditor (448)
[2017.03.24-02.03.04:289][286]LogModuleManager: Shutting down and abandoning module AvfMediaFactory (446)
[2017.03.24-02.03.04:289][286]LogModuleManager: Shutting down and abandoning module AvfMediaEditor (444)
[2017.03.24-02.03.04:289][286]LogModuleManager: Shutting down and abandoning module AndroidMediaFactory (442)
[2017.03.24-02.03.04:289][286]LogModuleManager: Shutting down and abandoning module Media (441)
[2017.03.24-02.03.04:289][286]LogModuleManager: Shutting down and abandoning module AndroidMediaEditor (438)
[2017.03.24-02.03.04:289][286]LogModuleManager: Shutting down and abandoning module CharacterAI (436)
[2017.03.24-02.03.04:289][286]LogModuleManager: Shutting down and abandoning module AudioCapture (434)
[2017.03.24-02.03.04:289][286]LogModuleManager: Shutting down and abandoning module SequenceRecorder (433)
[2017.03.24-02.03.04:333][286]LogModuleManager: Shutting down and abandoning module SmartSnapping (430)
[2017.03.24-02.03.04:333][286]LogModuleManager: Shutting down and abandoning module SessionServices (428)
[2017.03.24-02.03.04:333][286]LogModuleManager: Shutting down and abandoning module ViewportSnapping (426)
[2017.03.24-02.03.04:333][286]LogModuleManager: Shutting down and abandoning module ViewportInteraction (424)
[2017.03.24-02.03.04:333][286]LogModuleManager: Shutting down and abandoning module LogVisualizer (422)
[2017.03.24-02.03.04:347][286]LogModuleManager: Shutting down and abandoning module IntroTutorials (420)
[2017.03.24-02.03.04:356][286]LogModuleManager: Shutting down and abandoning module GameProjectGeneration (419)
[2017.03.24-02.03.04:382][286]LogModuleManager: Shutting down and abandoning module EditorLiveStreaming (416)
[2017.03.24-02.03.04:382][286]LogModuleManager: Shutting down and abandoning module IOSPlatformEditor (414)
[2017.03.24-02.03.04:382][286]LogModuleManager: Shutting down and abandoning module HTML5PlatformEditor (412)
[2017.03.24-02.03.04:382][286]LogModuleManager: Shutting down and abandoning module AndroidPlatformEditor (410)
[2017.03.24-02.03.04:398][286]LogModuleManager: Shutting down and abandoning module AndroidDeviceDetection (409)
[2017.03.24-02.03.04:803][286]LogModuleManager: Shutting down and abandoning module IOSRuntimeSettings (406)
[2017.03.24-02.03.04:803][286]LogModuleManager: Shutting down and abandoning module AndroidRuntimeSettings (404)
[2017.03.24-02.03.04:803][286]LogModuleManager: Shutting down and abandoning module InputBindingEditor (402)
[2017.03.24-02.03.04:803][286]LogModuleManager: Shutting down and abandoning module NiagaraEditor (400)
[2017.03.24-02.03.04:852][286]LogModuleManager: Shutting down and abandoning module MergeActors (398)
[2017.03.24-02.03.04:864][286]LogModuleManager: Shutting down and abandoning module SizeMap (396)
[2017.03.24-02.03.04:864][286]LogModuleManager: Shutting down and abandoning module TreeMap (394)
[2017.03.24-02.03.04:877][286]LogModuleManager: Shutting down and abandoning module ReferenceViewer (392)
[2017.03.24-02.03.04:877][286]LogModuleManager: Shutting down and abandoning module LocalizationDashboard (390)
[2017.03.24-02.03.04:892][286]LogModuleManager: Shutting down and abandoning module LocalizationService (389)
[2017.03.24-02.03.04:907][286]LogModuleManager: Shutting down and abandoning module HardwareTargeting (386)
[2017.03.24-02.03.04:924][286]LogModuleManager: Shutting down and abandoning module DeviceProfileEditor (384)
[2017.03.24-02.03.04:944][286]LogModuleManager: Shutting down and abandoning module UndoHistory (382)
[2017.03.24-02.03.04:957][286]LogModuleManager: Shutting down and abandoning module UserFeedback (380)
[2017.03.24-02.03.04:957][286]LogModuleManager: Shutting down and abandoning module XmlParser (378)
[2017.03.24-02.03.04:957][286]LogModuleManager: Shutting down and abandoning module Blutility (376)
[2017.03.24-02.03.04:976][286]LogModuleManager: Shutting down and abandoning module ProjectSettingsViewer (374)
[2017.03.24-02.03.04:976][286]LogModuleManager: Shutting down and abandoning module ProjectTargetPlatformEditor (373)
[2017.03.24-02.03.04:976][286]LogModuleManager: Shutting down and abandoning module EditorSettingsViewer (370)
[2017.03.24-02.03.04:976][286]LogModuleManager: Shutting down and abandoning module SettingsEditor (368)
[2017.03.24-02.03.04:976][286]LogModuleManager: Shutting down and abandoning module ProjectLauncher (366)
[2017.03.24-02.03.04:988][286]LogModuleManager: Shutting down and abandoning module SessionFrontend (364)
[2017.03.24-02.03.05:003][286]LogModuleManager: Shutting down and abandoning module ProfilerClient (362)
[2017.03.24-02.03.05:016][286]LogModuleManager: Shutting down and abandoning module DeviceManager (360)
[2017.03.24-02.03.05:037][286]LogModuleManager: Shutting down and abandoning module TargetDeviceServices (359)
[2017.03.24-02.03.05:090][286]LogModuleManager: Shutting down and abandoning module AutomationController (356)
[2017.03.24-02.03.05:114][286]LogModuleManager: Shutting down and abandoning module AutomationWindow (354)
[2017.03.24-02.03.05:151][286]LogModuleManager: Shutting down and abandoning module Layers (352)
[2017.03.24-02.03.05:183][286]LogModuleManager: Shutting down and abandoning module ComponentVisualizers (350)
[2017.03.24-02.03.05:183][286]LogModuleManager: Shutting down and abandoning module DetailCustomizations (348)
[2017.03.24-02.03.05:216][286]LogModuleManager: Shutting down and abandoning module PackagesDialog (346)
[2017.03.24-02.03.05:216][286]LogModuleManager: Shutting down and abandoning module Persona (344)
[2017.03.24-02.03.05:242][286]LogModuleManager: Shutting down and abandoning module AnimGraph (343)
[2017.03.24-02.03.05:242][286]LogModuleManager: Shutting down and abandoning module Kismet (340)
[2017.03.24-02.03.05:269][286]LogModuleManager: Shutting down and abandoning module GraphEditor (338)
[2017.03.24-02.03.05:346][286]LogModuleManager: Shutting down and abandoning module ClassViewer (336)
[2017.03.24-02.03.05:361][286]LogModuleManager: Shutting down and abandoning module Toolbox (334)
[2017.03.24-02.03.05:361][286]LogModuleManager: Shutting down and abandoning module ModuleUI (332)
[2017.03.24-02.03.05:386][286]LogModuleManager: Shutting down and abandoning module MovieSceneTools (330)
[2017.03.24-02.03.05:393][286]LogModuleManager: Shutting down and abandoning module OutputLog (328)
[2017.03.24-02.03.05:410][286]LogModuleManager: Shutting down and abandoning module GammaUI (326)
[2017.03.24-02.03.05:433][286]LogModuleManager: Shutting down and abandoning module Documentation (324)
[2017.03.24-02.03.05:433][286]LogModuleManager: Shutting down and abandoning module Niagara (322)
[2017.03.24-02.03.05:433][286]LogModuleManager: Shutting down and abandoning module StreamingPauseRendering (320)
[2017.03.24-02.03.05:433][286]LogModuleManager: Shutting down and abandoning module AnalyticsET (318)
[2017.03.24-02.03.05:433][286]LogModuleManager: Shutting down and abandoning module PortalServices (316)
[2017.03.24-02.03.05:433][286]LogModuleManager: Shutting down and abandoning module PortalRpc (314)
[2017.03.24-02.03.05:433][286]LogModuleManager: Shutting down and abandoning module MessagingRpc (312)
[2017.03.24-02.03.05:433][286]LogModuleManager: Shutting down and abandoning module AIModule (310)
[2017.03.24-02.03.05:433][286]LogModuleManager: Shutting down and abandoning module GameplayDebugger (309)
[2017.03.24-02.03.05:454][286]LogModuleManager: Shutting down and abandoning module AITestSuite (307)
[2017.03.24-02.03.05:454][286]LogModuleManager: Shutting down and abandoning module ProfilerService (304)
[2017.03.24-02.03.05:651][286]LogModuleManager: Shutting down and abandoning module TaskGraph (302)
[2017.03.24-02.03.05:682][286]LogModuleManager: Shutting down and abandoning module SteamVRController (300)
[2017.03.24-02.03.05:682][286]LogModuleManager: Shutting down and abandoning module SteamVR (298)
[2017.03.24-02.03.05:683][286]LogModuleManager: Shutting down and abandoning module ProceduralMeshComponentEditor (296)
[2017.03.24-02.03.05:683][286]LogModuleManager: Shutting down and abandoning module ProceduralMeshComponent (294)
[2017.03.24-02.03.05:698][286]LogModuleManager: Shutting down and abandoning module OculusLibrary (292)
[2017.03.24-02.03.05:698][286]LogModuleManager: Shutting down and abandoning module OculusInput (290)
[2017.03.24-02.03.05:698][286]LogModuleManager: Shutting down and abandoning module MobilePatchingUtils (288)
[2017.03.24-02.03.05:698][286]LogModuleManager: Shutting down and abandoning module CustomMeshComponent (286)
[2017.03.24-02.03.05:698][286]LogModuleManager: Shutting down and abandoning module CableComponent (284)
[2017.03.24-02.03.05:698][286]LogModuleManager: Shutting down and abandoning module ArchVisCharacter (282)
[2017.03.24-02.03.05:698][286]LogModuleManager: Shutting down and abandoning module MediaPlayerEditor (278)
[2017.03.24-02.03.05:729][286]LogModuleManager: Shutting down and abandoning module HTML5Networking (276)
[2017.03.24-02.03.05:729][286]LogModuleManager: Shutting down and abandoning module AlembicImporter (274)
[2017.03.24-02.03.05:750][286]LogModuleManager: Shutting down and abandoning module AlembicLibrary (273)
[2017.03.24-02.03.05:750][286]LogModuleManager: Shutting down and abandoning module GeometryCache (272)
[2017.03.24-02.03.05:751][286]LogModuleManager: Shutting down and abandoning module GeometryCacheEd (271)
[2017.03.24-02.03.05:751][286]LogModuleManager: Shutting down and abandoning module SuperSearchEditor (266)
[2017.03.24-02.03.05:751][286]LogModuleManager: Shutting down and abandoning module SuperSearch (265)
[2017.03.24-02.03.05:751][286]LogModuleManager: Shutting down and abandoning module SpeedTreeImporter (262)
[2017.03.24-02.03.05:751][286]LogModuleManager: Shutting down and abandoning module PluginBrowser (260)
[2017.03.24-02.03.05:784][286]LogModuleManager: Shutting down and abandoning module MobileLauncherProfileWizard (258)
[2017.03.24-02.03.05:802][286]LogModuleManager: Shutting down and abandoning module EpicSurvey (256)
[2017.03.24-02.03.05:802][286]LogModuleManager: Shutting down and abandoning module VisualStudioSourceCodeAccess (254)
[2017.03.24-02.03.05:802][286]LogModuleManager: Shutting down and abandoning module DesktopPlatform (253)
[2017.03.24-02.03.05:802][286]LogModuleManager: Shutting down and abandoning module UObjectPlugin (250)
[2017.03.24-02.03.05:802][286]LogModuleManager: Shutting down and abandoning module SubversionSourceControl (248)
[2017.03.24-02.03.05:824][286]LogModuleManager: Shutting down and abandoning module PerforceSourceControl (246)
[2017.03.24-02.03.05:833][286]LogModuleManager: Shutting down and abandoning module GitSourceControl (244)
[2017.03.24-02.03.05:842][286]LogModuleManager: Shutting down and abandoning module SourceControl (243)
[2017.03.24-02.03.05:850][286]LogModuleManager: Shutting down and abandoning module LightPropagationVolumeEditor (240)
[2017.03.24-02.03.05:850][286]LogModuleManager: Shutting down and abandoning module PaperTiledImporter (238)
[2017.03.24-02.03.05:850][286]LogModuleManager: Shutting down and abandoning module PaperSpriteSheetImporter (236)
[2017.03.24-02.03.05:850][286]LogModuleManager: Shutting down and abandoning module Paper2DEditor (234)
[2017.03.24-02.03.05:860][286]LogModuleManager: Shutting down and abandoning module MeshPaint (233)
[2017.03.24-02.03.05:872][286]LogModuleManager: Shutting down and abandoning module LevelEditor (231)
[2017.03.24-02.03.05:905][286]LogModuleManager: Shutting down and abandoning module PixelInspectorModule (230)
[2017.03.24-02.03.05:926][286]LogModuleManager: Shutting down and abandoning module MainFrame (228)
[2017.03.24-02.03.05:926][286]LogModuleManager: Shutting down and abandoning module HotReload (227)
[2017.03.24-02.03.05:938][286]LogModuleManager: Shutting down and abandoning module ContentBrowser (223)
[2017.03.24-02.03.05:940][286]LogModuleManager: Shutting down and abandoning module PhysXVehiclesEditor (220)
[2017.03.24-02.03.05:950][286]LogModuleManager: Shutting down and abandoning module PhysXVehicles (218)
[2017.03.24-02.03.05:950][286]LogModuleManager: Shutting down and abandoning module LocationServicesBPLibrary (216)
[2017.03.24-02.03.05:950][286]LogModuleManager: Shutting down and abandoning module UdpMessaging (214)
[2017.03.24-02.03.06:050][286]LogModuleManager: Shutting down and abandoning module TcpMessaging (212)
[2017.03.24-02.03.06:165][286]LogModuleManager: Shutting down and abandoning module GameplayTagsEditor (210)
[2017.03.24-02.03.06:184][286]LogModuleManager: Shutting down and abandoning module FacialAnimationEditor (208)
[2017.03.24-02.03.06:201][286]LogModuleManager: Shutting down and abandoning module FacialAnimation (206)
[2017.03.24-02.03.06:201][286]LogModuleManager: Shutting down and abandoning module LightPropagationVolumeRuntime (204)
[2017.03.24-02.03.06:202][286]LogModuleManager: Shutting down and abandoning module Paper2D (202)
[2017.03.24-02.03.06:210][286]LogModuleManager: Shutting down and abandoning module WindowsMoviePlayer (200)
[2017.03.24-02.03.06:210][286]LogModuleManager: Shutting down and abandoning module WmfMedia (198)
[2017.03.24-02.03.06:210][286]LogModuleManager: Shutting down and abandoning module MfMedia (196)
[2017.03.24-02.03.06:210][286]LogModuleManager: Shutting down and abandoning module MediaAssets (194)
[2017.03.24-02.03.06:210][286]LogModuleManager: Shutting down and abandoning module GameLiveStreaming (192)
[2017.03.24-02.03.06:231][286]LogModuleManager: Shutting down and abandoning module VREditor (190)
[2017.03.24-02.03.06:231][286]LogModuleManager: Shutting down and abandoning module GameplayTasksEditor (188)
[2017.03.24-02.03.06:231][286]LogModuleManager: Shutting down and abandoning module BehaviorTreeEditor (186)
[2017.03.24-02.03.06:280][286]LogModuleManager: Shutting down and abandoning module FunctionalTesting (184)
[2017.03.24-02.03.06:283][286]LogModuleManager: Shutting down and abandoning module CollisionAnalyzer (182)
[2017.03.24-02.03.06:309][286]LogModuleManager: Shutting down and abandoning module UMG (180)
[2017.03.24-02.03.06:321][286]LogModuleManager: Shutting down and abandoning module UMGEditor (179)
[2017.03.24-02.03.06:353][286]LogModuleManager: Shutting down and abandoning module Sequencer (178)
[2017.03.24-02.03.06:396][286]LogModuleManager: Shutting down and abandoning module AssetTools (176)
[2017.03.24-02.03.06:438][286]LogModuleManager: Shutting down and abandoning module MessageLog (175)
[2017.03.24-02.03.06:438][286]LogModuleManager: Shutting down and abandoning module WorkspaceMenuStructure (174)
[2017.03.24-02.03.06:438][286]LogModuleManager: Shutting down and abandoning module SlateReflector (168)
[2017.03.24-02.03.06:489][286]LogModuleManager: Shutting down and abandoning module Slate (166)
[2017.03.24-02.03.06:489][286]LogModuleManager: Shutting down and abandoning module EditorStyle (164)
[2017.03.24-02.03.06:496][286]LogModuleManager: Shutting down and abandoning module SourceCodeAccess (162)
[2017.03.24-02.03.06:507][286]LogModuleManager: Shutting down and abandoning module HeadMountedDisplay (160)
[2017.03.24-02.03.06:507][286]LogModuleManager: Shutting down and abandoning module XAudio2 (158)
[2017.03.24-02.03.06:507][286]LogModuleManager: Shutting down and abandoning module Networking (156)
[2017.03.24-02.03.06:507][286]LogModuleManager: Shutting down and abandoning module Core (152)
[2017.03.24-02.03.06:507][286]LogModuleManager: Shutting down and abandoning module AssetRegistry (150)
[2017.03.24-02.03.06:663][286]LogDirectoryWatcher: A directory notification for '../../../Engine/Content/' was aborted.
[2017.03.24-02.03.06:663][286]LogDirectoryWatcher: A directory notification for '../../../../../../Derek/Documents/GitHub/NoStoneUnturned/Content/' was aborted.
[2017.03.24-02.03.06:664][286]LogDirectoryWatcher: A directory notification for '../../../Engine/Plugins/2D/Paper2D/Content/' was aborted.
[2017.03.24-02.03.06:670][286]LogModuleManager: Shutting down and abandoning module DirectoryWatcher (149)
[2017.03.24-02.03.06:675][286]LogModuleManager: Shutting down and abandoning module KismetCompiler (146)
[2017.03.24-02.03.06:675][286]LogModuleManager: Shutting down and abandoning module PhysXFormats (144)
[2017.03.24-02.03.06:675][286]LogModuleManager: Shutting down and abandoning module MeshUtilities (142)
[2017.03.24-02.03.06:687][286]LogModuleManager: Shutting down and abandoning module SimplygonSwarm (141)
[2017.03.24-02.03.06:693][286]LogModuleManager: Shutting down and abandoning module SimplygonMeshReduction (139)
[2017.03.24-02.03.06:693][286]LogModuleManager: Shutting down and abandoning module QuadricMeshReduction (137)
[2017.03.24-02.03.06:693][286]LogModuleManager: Shutting down and abandoning module PropertyEditor (135)
[2017.03.24-02.03.06:693][286]LogModuleManager: Shutting down and abandoning module DerivedDataCache (132)
[2017.03.24-02.03.06:772][286]LogDerivedDataCache: Shutdown
[2017.03.24-02.03.06:772][286]LogModuleManager: Shutting down and abandoning module TargetPlatform (130)
[2017.03.24-02.03.06:772][286]LogModuleManager: Shutting down and abandoning module VulkanShaderFormat (129)
[2017.03.24-02.03.06:787][286]LogModuleManager: Shutting down and abandoning module ShaderFormatOpenGL (127)
[2017.03.24-02.03.06:814][286]LogModuleManager: Shutting down and abandoning module ShaderFormatD3D (125)
[2017.03.24-02.03.06:814][286]LogModuleManager: Shutting down and abandoning module MetalShaderFormat (123)
[2017.03.24-02.03.06:835][286]LogModuleManager: Shutting down and abandoning module TextureFormatUncompressed (121)
[2017.03.24-02.03.06:835][286]LogModuleManager: Shutting down and abandoning module TextureFormatPVR (119)
[2017.03.24-02.03.06:835][286]LogModuleManager: Shutting down and abandoning module TextureFormatDXT (117)
[2017.03.24-02.03.06:835][286]LogModuleManager: Shutting down and abandoning module TextureFormatIntelISPCTexComp (115)
[2017.03.24-02.03.06:841][286]LogModuleManager: Shutting down and abandoning module TextureFormatASTC (113)
[2017.03.24-02.03.06:841][286]LogModuleManager: Shutting down and abandoning module ImageWrapper (112)
[2017.03.24-02.03.06:841][286]LogModuleManager: Shutting down and abandoning module TextureFormatAndroid (109)
[2017.03.24-02.03.06:841][286]LogModuleManager: Shutting down and abandoning module AudioFormatOpus (107)
[2017.03.24-02.03.06:908][286]LogModuleManager: Shutting down and abandoning module AudioFormatOgg (105)
[2017.03.24-02.03.06:908][286]LogModuleManager: Shutting down and abandoning module AudioFormatADPCM (103)
[2017.03.24-02.03.06:908][286]LogModuleManager: Shutting down and abandoning module LinuxTargetPlatform (101)
[2017.03.24-02.03.06:908][286]LogModuleManager: Shutting down and abandoning module LinuxServerTargetPlatform (99)
[2017.03.24-02.03.06:908][286]LogModuleManager: Shutting down and abandoning module LinuxNoEditorTargetPlatform (97)
[2017.03.24-02.03.06:908][286]LogModuleManager: Shutting down and abandoning module LinuxClientTargetPlatform (95)
[2017.03.24-02.03.06:908][286]LogModuleManager: Shutting down and abandoning module TVOSTargetPlatform (93)
[2017.03.24-02.03.06:908][286]LogModuleManager: Shutting down and abandoning module Messaging (91)
[2017.03.24-02.03.06:908][286]LogModuleManager: Shutting down and abandoning module IOSTargetPlatform (89)
[2017.03.24-02.03.06:909][286]LogModuleManager: Shutting down and abandoning module HTML5TargetPlatform (87)
[2017.03.24-02.03.06:909][286]LogModuleManager: Shutting down and abandoning module Android_PVRTCTargetPlatform (85)
[2017.03.24-02.03.06:909][286]LogModuleManager: Shutting down and abandoning module Android_MultiTargetPlatform (83)
[2017.03.24-02.03.06:909][286]LogModuleManager: Shutting down and abandoning module Android_ETC2TargetPlatform (81)
[2017.03.24-02.03.06:909][286]LogModuleManager: Shutting down and abandoning module Android_ETC1TargetPlatform (79)
[2017.03.24-02.03.06:909][286]LogModuleManager: Shutting down and abandoning module Android_DXTTargetPlatform (77)
[2017.03.24-02.03.06:909][286]LogModuleManager: Shutting down and abandoning module Android_ATCTargetPlatform (75)
[2017.03.24-02.03.06:909][286]LogModuleManager: Shutting down and abandoning module Android_ASTCTargetPlatform (73)
[2017.03.24-02.03.06:909][286]LogModuleManager: Shutting down and abandoning module AndroidTargetPlatform (71)
[2017.03.24-02.03.06:909][286]LogModuleManager: Shutting down and abandoning module WindowsTargetPlatform (69)
[2017.03.24-02.03.06:909][286]LogModuleManager: Shutting down and abandoning module WindowsServerTargetPlatform (67)
[2017.03.24-02.03.06:909][286]LogModuleManager: Shutting down and abandoning module WindowsNoEditorTargetPlatform (65)
[2017.03.24-02.03.06:909][286]LogModuleManager: Shutting down and abandoning module WindowsClientTargetPlatform (63)
[2017.03.24-02.03.06:909][286]LogModuleManager: Shutting down and abandoning module MacTargetPlatform (61)
[2017.03.24-02.03.06:909][286]LogModuleManager: Shutting down and abandoning module MacServerTargetPlatform (59)
[2017.03.24-02.03.06:909][286]LogModuleManager: Shutting down and abandoning module MacNoEditorTargetPlatform (57)
[2017.03.24-02.03.06:909][286]LogModuleManager: Shutting down and abandoning module MacClientTargetPlatform (55)
[2017.03.24-02.03.06:909][286]LogModuleManager: Shutting down and abandoning module AllDesktopTargetPlatform (53)
[2017.03.24-02.03.06:909][286]LogModuleManager: Shutting down and abandoning module InputCore (50)
[2017.03.24-02.03.06:909][286]LogModuleManager: Shutting down and abandoning module Settings (48)
[2017.03.24-02.03.06:909][286]LogModuleManager: Shutting down and abandoning module OculusRift (46)
[2017.03.24-02.03.06:909][286]LogModuleManager: Shutting down and abandoning module ExampleDeviceProfileSelector (44)
[2017.03.24-02.03.06:909][286]LogModuleManager: Shutting down and abandoning module OnlineBlueprintSupport (42)
[2017.03.24-02.03.06:909][286]LogModuleManager: Shutting down and abandoning module OnlineSubsystem (38)
[2017.03.24-02.03.06:909][286]LogOnline:Display: Unloading online subsystem: NULL
[2017.03.24-02.03.06:945][286]LogModuleManager: Shutting down and abandoning module XMPP (37)
[2017.03.24-02.03.06:953][286]LogModuleManager: Shutting down and abandoning module HTTP (35)
[2017.03.24-02.03.06:960][286]LogHttp:Display: Http module shutting down, but needs to wait on 1 outstanding Http requests:
[2017.03.24-02.03.06:960][286]LogHttp:Display: 	verb=[POST] url=[https://datarouter.ol.epicgames.com/datarouter/api/v1/public/data?SessionID=%7B7FF873D7-4D3A-227A-E7AD-2990AC5D921E%7D&AppID=UEEditor.Rocket.Release&AppVersion=4.15.0-3299760%2B%2B%2BUE4%2BRelease-4.15&UserID=21a4670d4887f2e908b0869363bc286f%7Ca9b5e1c85729472e8ad06cf0f2d4985d%7Cc3994d90-b32e-49b8-aff5-bb8cb22feaa3&AppEnvironment=datacollector-binary&UploadType=eteventstream] status=Processing
[2017.03.24-02.03.06:973][286]LogModuleManager: Shutting down and abandoning module SSL (34)
[2017.03.24-02.03.07:010][286]LogModuleManager: Shutting down and abandoning module AudioEditor (30)
[2017.03.24-02.03.07:026][286]LogModuleManager: Shutting down and abandoning module TextureCompressor (28)
[2017.03.24-02.03.07:026][286]LogModuleManager: Shutting down and abandoning module ShaderCore (26)
[2017.03.24-02.03.07:026][286]LogModuleManager: Shutting down and abandoning module Landscape (24)
[2017.03.24-02.03.07:026][286]LogModuleManager: Shutting down and abandoning module SlateRHIRenderer (22)
[2017.03.24-02.03.07:047][286]LogModuleManager: Shutting down and abandoning module OpenGLDrv (20)
[2017.03.24-02.03.07:071][286]LogModuleManager: Shutting down and abandoning module D3D11RHI (18)
[2017.03.24-02.03.07:071][286]LogModuleManager: Shutting down and abandoning module AnimGraphRuntime (16)
[2017.03.24-02.03.07:083][286]LogModuleManager: Shutting down and abandoning module Renderer (14)
[2017.03.24-02.03.07:083][286]LogModuleManager: Shutting down and abandoning module Engine (12)
[2017.03.24-02.03.07:083][286]LogModuleManager: Shutting down and abandoning module CoreUObject (10)
[2017.03.24-02.03.07:083][286]LogModuleManager: Shutting down and abandoning module NetworkFile (8)
[2017.03.24-02.03.07:084][286]LogModuleManager: Shutting down and abandoning module StreamingFile (6)
[2017.03.24-02.03.07:084][286]LogModuleManager: Shutting down and abandoning module SandboxFile (4)
[2017.03.24-02.03.07:084][286]LogModuleManager: Shutting down and abandoning module PakFile (2)
[2017.03.24-02.03.07:106][286]LogExit: Exiting.
[2017.03.24-02.03.07:134][286]Log file closed, 03/23/17 20:03:07
