Log file open, 03/21/17 16:40:41
LogInit:Display: Running engine for game: Templeint
LogPlatformFile: Not using cached read wrapper
LogInit:Display: RandInit(-2091810453) SRandInit(-2091810453).
LogTaskGraph: Started task graph with 5 named threads and 8 total threads with 1 sets of task threads.
LogStats: Stats thread started at 0.073912
LogInit: Using libcurl 7.47.1
LogInit:  - built for x86_64-pc-win32
LogInit:  - supports SSL with OpenSSL/1.0.2g
LogInit:  - supports HTTP deflate (compression) using libz 1.2.8
LogInit:  - other features:
LogInit:      CURL_VERSION_SSL
LogInit:      CURL_VERSION_LIBZ
LogInit:      CURL_VERSION_IPV6
LogInit:      CURL_VERSION_ASYNCHDNS
LogInit:      CURL_VERSION_LARGEFILE
LogInit:      CURL_VERSION_IDN
LogInit:  CurlRequestOptions (configurable via config and command line):
LogInit:  - bVerifyPeer = false  - Libcurl will NOT verify peer certificate
LogInit:  - bUseHttpProxy = false  - Libcurl will NOT use HTTP proxy
LogInit:  - bDontReuseConnections = false  - Libcurl will reuse connections
LogInit:  - CertBundlePath = nullptr  - Libcurl will use whatever was configured at build time.
LogInit: Build: ++UE4+Release-4.15-CL-3299760
LogInit: Engine Version: 4.15.0-3299760+++UE4+Release-4.15
LogInit: Compatible Engine Version: 4.15.0-3299760+++UE4+Release-4.15
LogInit: Net CL: 3299760
LogDevObjectVersion: Number of dev versions registered: 14
LogDevObjectVersion:   Dev-Blueprints (B0D832E4-1F89-4F0D-ACCF-7EB736FD4AA2): 8
LogDevObjectVersion:   Dev-Build (E1C64328-A22C-4D53-A36C-8E866417BD8C): 0
LogDevObjectVersion:   Dev-Core (375EC13C-06E4-48FB-B500-84F0262A717E): 2
LogDevObjectVersion:   Dev-Editor (E4B068ED-F494-42E9-A231-DA0B2E46BB41): 14
LogDevObjectVersion:   Dev-Framework (CFFC743F-43B0-4480-9391-14DF171D2073): 22
LogDevObjectVersion:   Dev-Mobile (B02B49B5-BB20-44E9-A304-32B752E40360): 0
LogDevObjectVersion:   Dev-Networking (A4E4105C-59A1-49B5-A7C5-40C4547EDFEE): 0
LogDevObjectVersion:   Dev-Online (39C831C9-5AE6-47DC-9A44-9C173E1C8E7C): 0
LogDevObjectVersion:   Dev-Physics (78F01B33-EBEA-4F98-B9B4-84EACCB95AA2): 0
LogDevObjectVersion:   Dev-Platform (6631380F-2D4D-43E0-8009-CF276956A95A): 0
LogDevObjectVersion:   Dev-Rendering (12F88B9F-8875-4AFC-A67C-D90C383ABD29): 12
LogDevObjectVersion:   Dev-Sequencer (7B5AE74C-D270-4C10-A958-57980B212A5A): 3
LogDevObjectVersion:   Dev-VR (D7296918-1DD6-4BDD-9DE2-64A83CC13884): 0
LogDevObjectVersion:   Dev-LoadTimes (C2A15278-BFE7-4AFE-6C17-90FF531DF755): 1
LogInit: Compiled (64-bit): Feb 14 2017 02:04:14
LogInit: Compiled with Visual C++: 19.00.23026.00
LogInit: Build Configuration: Development
LogInit: Branch Name: ++UE4+Release-4.15
LogInit: Command line: -EpicPortal 
LogInit: Base directory: C:/Program Files/Epic Games/UE_4.15/Engine/Binaries/Win64/
LogInit: Installed Engine Build: 1
LogInit: Presizing for max 8388607 objects, including 0 objects not considered by GC, pre-allocating 0 bytes for permanent pool.
LogInit: Object subsystem initialized
[2017.03.21-22.40.42:341][  0]LogInit: Selected Device Profile: [Windows]
[2017.03.21-22.40.42:341][  0]LogInit: Applying CVar settings loaded from the selected device profile: [Windows]
[2017.03.21-22.40.42:351][  0]LogInit: Computer: eae-d-004
[2017.03.21-22.40.42:351][  0]LogInit: User: u0950276
[2017.03.21-22.40.42:351][  0]LogInit: CPU Page size=65536, Cores=4
[2017.03.21-22.40.42:351][  0]LogInit: High frequency timer resolution =3.513590 MHz
[2017.03.21-22.40.42:351][  0]LogMemory: Memory total: Physical=31.9GB (32GB approx)
[2017.03.21-22.40.42:351][  0]LogMemory: Platform Memory Stats for Windows
[2017.03.21-22.40.42:351][  0]LogMemory: Process Physical Memory: 262.29 MB used, 262.29 MB peak
[2017.03.21-22.40.42:351][  0]LogMemory: Process Virtual Memory: 262.60 MB used, 262.60 MB peak
[2017.03.21-22.40.42:351][  0]LogMemory: Physical Memory: 7369.74 MB used,  25274.91 MB free, 32644.64 MB total
[2017.03.21-22.40.42:351][  0]LogMemory: Virtual Memory: 644.46 MB used,  25274.91 MB free, 134217728.00 MB total
[2017.03.21-22.40.42:413][  0]LogTextLocalizationManager: No specific translations for ('en-US') exist, so ('en') translations will be used.
[2017.03.21-22.40.42:921][  0]LogD3D11RHI: D3D11 adapters:
[2017.03.21-22.40.42:950][  0]LogD3D11RHI:    0. 'NVIDIA GeForce GTX 1070' (Feature Level 11_0)
[2017.03.21-22.40.42:950][  0]LogD3D11RHI:       8145/0/16322 MB DedicatedVideo/DedicatedSystem/SharedSystem, Outputs:1, VendorId:0x10de
[2017.03.21-22.40.42:955][  0]LogD3D11RHI:    1. 'Intel(R) HD Graphics 4600' (Feature Level 11_0)
[2017.03.21-22.40.42:955][  0]LogD3D11RHI:       112/0/2048 MB DedicatedVideo/DedicatedSystem/SharedSystem, Outputs:0, VendorId:0x8086
[2017.03.21-22.40.42:956][  0]LogD3D11RHI:    2. 'Microsoft Basic Render Driver' (Feature Level 11_0)
[2017.03.21-22.40.42:956][  0]LogD3D11RHI:       0/0/16322 MB DedicatedVideo/DedicatedSystem/SharedSystem, Outputs:0, VendorId:0x1414
[2017.03.21-22.40.42:956][  0]LogD3D11RHI: Chosen D3D11 Adapter: 0
[2017.03.21-22.40.42:960][  0]LogD3D11RHI: Creating new Direct3DDevice
[2017.03.21-22.40.42:960][  0]LogD3D11RHI:     GPU DeviceId: 0x1b81 (for the marketing name, search the web for "GPU Device Id")
[2017.03.21-22.40.42:960][  0]LogWindows: EnumDisplayDevices:
[2017.03.21-22.40.42:960][  0]LogWindows:    0. 'NVIDIA GeForce GTX 1070' (P:1 D:1)
[2017.03.21-22.40.42:960][  0]LogWindows:    1. 'NVIDIA GeForce GTX 1070' (P:0 D:0)
[2017.03.21-22.40.42:960][  0]LogWindows:    2. 'NVIDIA GeForce GTX 1070' (P:0 D:0)
[2017.03.21-22.40.42:960][  0]LogWindows:    3. 'NVIDIA GeForce GTX 1070' (P:0 D:0)
[2017.03.21-22.40.42:960][  0]LogWindows:    4. 'Intel(R) HD Graphics 4600' (P:0 D:0)
[2017.03.21-22.40.42:961][  0]LogWindows:    5. 'Intel(R) HD Graphics 4600' (P:0 D:0)
[2017.03.21-22.40.42:961][  0]LogWindows:    6. 'Intel(R) HD Graphics 4600' (P:0 D:0)
[2017.03.21-22.40.42:961][  0]LogWindows: DebugString: PrimaryIsNotTheChoosenAdapter PrimaryIsNotTheChoosenAdapter PrimaryIsNotTheChoosenAdapter FoundDriverCount:4 
[2017.03.21-22.40.42:961][  0]LogD3D11RHI:     Adapter Name: NVIDIA GeForce GTX 1070
[2017.03.21-22.40.42:961][  0]LogD3D11RHI:   Driver Version: 376.53 (internal:21.21.13.7653, unified:376.53)
[2017.03.21-22.40.42:961][  0]LogD3D11RHI:      Driver Date: 12-29-2016
[2017.03.21-22.40.42:961][  0]LogRHI: Texture pool is 1361 MB (70% of 1945 MB)
[2017.03.21-22.40.42:972][  0]LogD3D11RHI: Async texture creation enabled
[2017.03.21-22.40.42:982][  0]LogD3D11RHI: GPU Timing Frequency: 1000.000000 (Debug: 2 1)
[2017.03.21-22.40.43:031][  0]LogShaderCompilers: Guid format shader working directory is -1 characters bigger than the processId version (../../../../../../Users/u0950276/Desktop/Templeint/Intermediate/Shaders/WorkingDirectory/6208/).
[2017.03.21-22.40.43:031][  0]LogShaderCompilers: Cleaned the shader compiler working directory 'C:/Users/u0950276/AppData/Local/Temp/UnrealShaderWorkingDir/71CC408E48FAEFADC1F370B6321D83A0/'.
[2017.03.21-22.40.43:031][  0]LogShaderCompilers:Display: Using Local Shader Compiler.
[2017.03.21-22.40.43:925][  0]LogTemp:Display: Loaded TP AllDesktopTargetPlatform
[2017.03.21-22.40.43:969][  0]LogTemp:Display: Loaded TP MacClientTargetPlatform
[2017.03.21-22.40.44:013][  0]LogTemp:Display: Loaded TP MacNoEditorTargetPlatform
[2017.03.21-22.40.44:057][  0]LogTemp:Display: Loaded TP MacServerTargetPlatform
[2017.03.21-22.40.44:102][  0]LogTemp:Display: Loaded TP MacTargetPlatform
[2017.03.21-22.40.44:147][  0]LogTemp:Display: Loaded TP WindowsClientTargetPlatform
[2017.03.21-22.40.44:191][  0]LogTemp:Display: Loaded TP WindowsNoEditorTargetPlatform
[2017.03.21-22.40.44:235][  0]LogTemp:Display: Loaded TP WindowsServerTargetPlatform
[2017.03.21-22.40.44:270][  0]LogTemp:Display: Loaded TP WindowsTargetPlatform
[2017.03.21-22.40.44:313][  0]LogTemp:Display: Loaded TP AndroidTargetPlatform
[2017.03.21-22.40.44:355][  0]LogTemp:Display: Loaded TP Android_ASTCTargetPlatform
[2017.03.21-22.40.44:398][  0]LogTemp:Display: Loaded TP Android_ATCTargetPlatform
[2017.03.21-22.40.44:441][  0]LogTemp:Display: Loaded TP Android_DXTTargetPlatform
[2017.03.21-22.40.44:485][  0]LogTemp:Display: Loaded TP Android_ETC1TargetPlatform
[2017.03.21-22.40.44:530][  0]LogTemp:Display: Loaded TP Android_ETC2TargetPlatform
[2017.03.21-22.40.44:617][  0]LogTemp:Display: Loaded TP Android_MultiTargetPlatform
[2017.03.21-22.40.44:617][  0]LogTemp:Display: Loaded TP Android_PVRTCTargetPlatform
[2017.03.21-22.40.44:658][  0]LogTemp:Display: Loaded TP HTML5TargetPlatform
[2017.03.21-22.40.44:740][  0]LogTemp:Display: Loaded TP IOSTargetPlatform
[2017.03.21-22.40.44:768][  0]LogTemp:Display: Loaded TP TVOSTargetPlatform
[2017.03.21-22.40.44:811][  0]LogTemp:Display: Loaded TP LinuxClientTargetPlatform
[2017.03.21-22.40.44:853][  0]LogTemp:Display: Loaded TP LinuxNoEditorTargetPlatform
[2017.03.21-22.40.44:897][  0]LogTemp:Display: Loaded TP LinuxServerTargetPlatform
[2017.03.21-22.40.44:939][  0]LogTemp:Display: Loaded TP LinuxTargetPlatform
[2017.03.21-22.40.44:939][  0]LogTargetPlatformManager:Display: Building Assets For Windows
[2017.03.21-22.40.45:285][  0]LogDerivedDataCache:Display: Max Cache Size: 512 MB
[2017.03.21-22.40.45:329][  0]LogDerivedDataCache: Loaded boot cache 0.04s 50MB C:/Users/u0950276/AppData/Local/UnrealEngine/4.15/DerivedDataCache/Boot.ddc.
[2017.03.21-22.40.45:329][  0]LogDerivedDataCache:Display: Loaded Boot cache: C:/Users/u0950276/AppData/Local/UnrealEngine/4.15/DerivedDataCache/Boot.ddc
[2017.03.21-22.40.45:330][  0]LogDerivedDataCache: FDerivedDataBackendGraph:  Pak pak cache file ../../../../../../Users/u0950276/Desktop/Templeint/DerivedDataCache/DDC.ddp not found, will not use a pak cache.
[2017.03.21-22.40.45:330][  0]LogDerivedDataCache: Unable to find inner node Pak for hierarchical cache Hierarchy.
[2017.03.21-22.40.45:330][  0]LogDerivedDataCache: FDerivedDataBackendGraph:  CompressedPak pak cache file ../../../../../../Users/u0950276/Desktop/Templeint/DerivedDataCache/Compressed.ddp not found, will not use a pak cache.
[2017.03.21-22.40.45:330][  0]LogDerivedDataCache: Unable to find inner node CompressedPak for hierarchical cache Hierarchy.
[2017.03.21-22.40.45:345][  0]LogDerivedDataCache:Display: Pak cache opened for reading ../../../Engine/DerivedDataCache/Compressed.ddp.
[2017.03.21-22.40.45:357][  0]LogDerivedDataCache: Using Local data cache path C:/Users/u0950276/AppData/Local/UnrealEngine/Common/DerivedDataCache: Writable
[2017.03.21-22.40.45:364][  0]LogSlate: Using Freetype 2.6.0
[2017.03.21-22.40.45:364][  0]LogSlate: SlateFontCache - WITH_FREETYPE: 1, WITH_HARFBUZZ: 1
[2017.03.21-22.40.45:364][  0]LogSlate: SlateFontCache - WITH_FREETYPE: 1, WITH_HARFBUZZ: 1
[2017.03.21-22.40.45:564][  0]LogInit: Selected Device Profile: [Windows]
[2017.03.21-22.40.45:566][  0]LogContentStreaming: Texture pool size is 0.00 MB
[2017.03.21-22.40.45:733][  0]LogMeshUtilities: Using QuadricMeshReduction for automatic static mesh reduction
[2017.03.21-22.40.45:766][  0]LogSimplygon: Simplygon DLL not present - disabling.
[2017.03.21-22.40.45:803][  0]LogMeshUtilities: Using SimplygonSwarm for distributed automatic mesh merging
[2017.03.21-22.40.45:803][  0]LogMeshUtilities: No automatic skeletal mesh reduction module available
[2017.03.21-22.40.45:803][  0]LogMeshUtilities: No automatic mesh merging module available
[2017.03.21-22.40.46:238][  0]LogNetVersion: GetLocalNetworkVersion: CL: 3299760, ProjectName: templeint, ProjectVersion: , EngineNetworkVersion: 2, GameNetworkVersion: 0, NetworkChecksum: 4162902586
[2017.03.21-22.40.46:280][  0]LogAssetRegistry: FAssetRegistry took 0.0219 seconds to start up
[2017.03.21-22.40.46:323][  0]LogPackageLocalizationCache: Processed 3 localized package path(s) for 2 prioritized culture(s) in 0.024918 seconds
[2017.03.21-22.40.46:327][  0]LogUObjectArray: 32475 objects as part of root set at end of initial load.
[2017.03.21-22.40.46:327][  0]LogUObjectAllocator: 7073360 out of 0 bytes used by permanent object pool.
[2017.03.21-22.40.46:327][  0]LogUObjectArray: CloseDisregardForGC: 0/0 objects in disregard for GC pool
[2017.03.21-22.40.46:377][  0]LogInit: WinSock: version 1.1 (2.2), MaxSocks=32767, MaxUdp=65467
[2017.03.21-22.40.47:643][  0]LogTcpMessaging: Initializing TcpMessaging bridge
[2017.03.21-22.40.47:677][  0]LogUdpMessaging: Initializing bridge on interface 0.0.0.0:0 to multicast group 230.0.0.1:6666.
[2017.03.21-22.40.48:044][  0]LogMaterial: Uniform references updated for custom material expression Custom.
[2017.03.21-22.40.48:337][  0]SourceControl: Info Source control is disabled
[2017.03.21-22.40.48:366][  0]SourceControl: Info Source control is disabled
[2017.03.21-22.40.48:402][  0]SourceControl: Info Source control is disabled
[2017.03.21-22.40.48:437][  0]SourceControl: Info Source control is disabled
[2017.03.21-22.40.49:401][  0]LogEngine: Initializing Engine...
[2017.03.21-22.40.49:402][  0]LogHMD: Failed to initialize OpenVR with code 110
[2017.03.21-22.40.49:583][  0]LogAIModule: Creating AISystem for world Untitled
[2017.03.21-22.40.49:592][  0]LogInit: XAudio2 using 'DELL UZ2315H-4 (NVIDIA High Definition Audio)' : 2 channels at 48 kHz using 16 bits per sample (channel mask 0x3)
[2017.03.21-22.40.49:604][  0]LogInit: FAudioDevice initialized.
[2017.03.21-22.40.49:627][  0]LogDerivedDataCache: Saved boot cache 0.02s 50MB C:/Users/u0950276/AppData/Local/UnrealEngine/4.15/DerivedDataCache/Boot.ddc.
[2017.03.21-22.40.49:634][  0]LogInit: Texture streaming: Enabled
[2017.03.21-22.40.49:709][  0]LogEngineSessionManager: EngineSessionManager initialized
[2017.03.21-22.40.49:778][  0]LogInit: Transaction tracking system initialized
[2017.03.21-22.40.50:046][  0]BlueprintLog: New page: Editor Load
[2017.03.21-22.40.50:732][  0]LocalizationService: Info Localization service is disabled
[2017.03.21-22.40.51:256][  0]LogConsoleResponse:Display: 
[2017.03.21-22.40.51:355][  0]LogCook:Display: Max memory allowance for cook 16384mb min free memory 0mb
[2017.03.21-22.40.51:355][  0]LogCook:Display: Mobile HDR setting 1
[2017.03.21-22.40.52:134][  0]LogFileCache: Scanning file cache for directory 'C:/Users/u0950276/Desktop/Templeint/Content/' took 0.01s
[2017.03.21-22.40.52:169][  0]SourceControl: Info Source control is disabled
[2017.03.21-22.40.52:214][  0]LogWindowsTextInputMethodSystem:Display: IME system now deactivated.
[2017.03.21-22.40.52:236][  0]LogSlate: Took 0.000180 seconds to synchronously load lazily loaded font '../../../Engine/Content/Slate/Fonts/Roboto-Regular.ttf' (155K)
[2017.03.21-22.40.59:833][  0]LogWindowsTextInputMethodSystem:Display: IME system now deactivated.
[2017.03.21-22.40.59:835][  0]LogWindowsTextInputMethodSystem:Display: IME system now deactivated.
[2017.03.21-22.41.01:063][  0]LogWindowsTextInputMethodSystem:Display: IME system now deactivated.
[2017.03.21-22.41.01:065][  0]LogWindowsTextInputMethodSystem:Display: IME system now deactivated.
[2017.03.21-22.41.01:098][  0]Cmd: MAP LOAD FILE="../../../../../../Users/u0950276/Desktop/Templeint/Content/StarterContent/Maps/Minimal_Default.umap" TEMPLATE=0 SHOWPROGRESS=1 FEATURELEVEL=3
[2017.03.21-22.41.01:099][  0]LightingResults: New page: Lighting Build
[2017.03.21-22.41.01:135][  0]MapCheck: New page: Map Check
[2017.03.21-22.41.01:135][  0]LightingResults: New page: Lighting Build
[2017.03.21-22.41.01:396][  0]LogAIModule: Creating AISystem for world Minimal_Default
[2017.03.21-22.41.01:402][  0]LogEditorServer: Finished looking for orphan Actors (0.000 secs)
[2017.03.21-22.41.01:403][  0]Cmd: MAP CHECKDEP NOCLEARLOG
[2017.03.21-22.41.01:440][  0]MapCheck: Info Map check complete: 0 Error(s), 0 Warning(s), took 36.008ms to complete.
[2017.03.21-22.41.01:440][  0]LogFileHelpers: Loading map 'Minimal_Default' took 0.341
[2017.03.21-22.41.01:545][  0]LogStats:Warning: MetaData mismatch. Did you assign a stat to two groups? New //STATGROUP_Threads//SplashScreenThread///Thread_1fec_0///####STATCAT_Advanced#### old //STATGROUP_Threads//SplashScreenThread///Thread_2808_0///####STATCAT_Advanced####
[2017.03.21-22.41.01:545][  0]LogCollectionManager: Loaded 0 collections in 0.001649 seconds
[2017.03.21-22.41.01:616][  0]LogFileCache: Scanning file cache for directory 'C:/Users/u0950276/Desktop/Templeint/Saved/Collections/' took 0.01s
[2017.03.21-22.41.01:616][  0]LogFileCache: Scanning file cache for directory 'C:/Users/u0950276/Desktop/Templeint/Content/Developers/u0950276/Collections/' took 0.01s
[2017.03.21-22.41.01:616][  0]LogFileCache: Scanning file cache for directory 'C:/Users/u0950276/Desktop/Templeint/Content/Collections/' took 0.01s
[2017.03.21-22.41.01:616][  0]LogCollectionManager: Rebuilt the GUID cache for 0 collections in 0.000001 seconds
[2017.03.21-22.41.01:624][  0]LogContentBrowser: Native class hierarchy populated in 0.0079 seconds. Added 2244 classes and 450 folders.
[2017.03.21-22.41.01:627][  0]LogStats: UGameplayTagsManager::ConstructGameplayTagTree: Construct from data asset -  0.000 s
[2017.03.21-22.41.01:627][  0]LogStats: UGameplayTagsManager::ConstructGameplayTagTree: GameplayTagTreeChangedEvent.Broadcast -  0.000 s
[2017.03.21-22.41.01:681][  0]LogContentBrowser: Native class hierarchy updated for 'WidgetCarousel' in 0.0005 seconds. Added 0 classes and 0 folders.
[2017.03.21-22.41.01:716][  0]LogContentBrowser: Native class hierarchy updated for 'AddContentDialog' in 0.0006 seconds. Added 0 classes and 0 folders.
[2017.03.21-22.41.01:751][  0]LogContentBrowser: Native class hierarchy updated for 'SceneOutliner' in 0.0004 seconds. Added 1 classes and 2 folders.
[2017.03.21-22.41.01:793][  0]LogCrashTracker: Crashtracker disabled due to settings.
[2017.03.21-22.41.01:872][  0]LogContentBrowser: Native class hierarchy updated for 'HierarchicalLODOutliner' in 0.0005 seconds. Added 1 classes and 2 folders.
[2017.03.21-22.41.01:872][  0]LogLoad: (Engine Initialization) Total time: 21.16 seconds
[2017.03.21-22.41.01:872][  0]LogLoad: (Engine Initialization) Total Blueprint compile time: 0.08 seconds
[2017.03.21-22.41.01:872][  0]LogExternalProfiler: Found external profiler: VSPerf
[2017.03.21-22.41.01:872][  0]LogExternalProfiler: Using external profiler: VSPerf
[2017.03.21-22.41.01:881][  0]LogOcInput: OculusInput pre-init called
[2017.03.21-22.41.01:902][  0]LogContentStreaming: Texture pool size now 1000 MB
[2017.03.21-22.41.01:905][  0]LogSlate: Took 0.000316 seconds to synchronously load lazily loaded font '../../../Engine/Content/Slate/Fonts/Roboto-Bold.ttf' (160K)
[2017.03.21-22.41.01:911][  0]LogSlate: Took 0.000270 seconds to synchronously load lazily loaded font '../../../Engine/Content/Editor/Slate/Fonts/FontAwesome.ttf' (139K)
[2017.03.21-22.41.02:008][  0]LogSlate: Took 0.000217 seconds to synchronously load lazily loaded font '../../../Engine/Content/Slate/Fonts/Roboto-Light.ttf' (159K)
[2017.03.21-22.41.02:041][  1]LogAssetRegistry: Asset discovery search completed in 15.7829 seconds
[2017.03.21-22.41.02:041][  1]LogCollectionManager: Rebuilt the object cache for 0 collections in 0.000005 seconds (found 0 objects)
[2017.03.21-22.41.02:041][  1]LogCollectionManager: Fixed up redirectors for 0 collections in 0.000016 seconds (updated 0 objects)
[2017.03.21-22.41.02:062][  2]LogRenderer: Reallocating scene render targets to support 548x224 NumSamples 1 (Frame:2).
[2017.03.21-22.41.02:894][ 90]LogSlate: Took 0.000170 seconds to synchronously load lazily loaded font '../../../Engine/Content/Slate/Fonts/Roboto-Light.ttf' (159K)
[2017.03.21-22.41.04:203][179]LogRenderer: Reallocating scene render targets to support 1208x576 NumSamples 1 (Frame:182).
[2017.03.21-22.41.08:797][724]LogSlate: Took 0.000206 seconds to synchronously load lazily loaded font '../../../Engine/Content/Slate/Fonts/Roboto-Light.ttf' (159K)
[2017.03.21-22.41.08:837][724]LogContentBrowser: Native class hierarchy updated for 'Cascade' in 0.0005 seconds. Added 2 classes and 2 folders.
[2017.03.21-22.41.16:474][560]LogCascade: Quitting Cascade. FXSystem=0x00000248DD00EE80
[2017.03.21-22.41.19:753][920]LogAIModule: Creating AISystem for world Minimal_Default
[2017.03.21-22.41.19:775][920]Cmd: MAP LOAD FILE="../../../../../../Users/u0950276/Desktop/Templeint/Content/Minimal_Default.umap" TEMPLATE=0 SHOWPROGRESS=1 FEATURELEVEL=3
[2017.03.21-22.41.19:775][920]LightingResults: New page: Lighting Build
[2017.03.21-22.41.19:777][920]LoadErrors: New page: Loading map: Minimal_Default.umap
[2017.03.21-22.41.19:777][920]MapCheck: New page: Map Check
[2017.03.21-22.41.19:777][920]LightingResults: New page: Lighting Build
[2017.03.21-22.41.19:793][920]LogEditorServer: Finished looking for orphan Actors (0.000 secs)
[2017.03.21-22.41.19:812][920]Cmd: MAP CHECKDEP NOCLEARLOG
[2017.03.21-22.41.19:852][920]MapCheck: Info Map check complete: 0 Error(s), 0 Warning(s), took 40.125ms to complete.
[2017.03.21-22.41.19:852][920]LogFileHelpers: Loading map 'Minimal_Default' took 0.078
[2017.03.21-22.41.38:094][ 62]Cmd: DELETE
[2017.03.21-22.41.38:094][ 62]Cmd: ACTOR DELETE
[2017.03.21-22.41.38:095][ 62]LogEditorActor: Deleted Actor: Emitter
[2017.03.21-22.41.38:102][ 62]LogEditorActor: Deleted 1 Actors (0.008 secs)
[2017.03.21-22.41.59:661][514]LogEditorViewport: Clicking on Actor (LMB): StaticMeshActor (wallz4)
[2017.03.21-22.42.20:006][914]LogEditorViewport: Clicking on Actor (LMB): Emitter (firetest)
[2017.03.21-22.42.20:837][995]LogEditorViewport: Clicking on Actor (LMB): Emitter (P_Fire3)
[2017.03.21-22.42.22:090][139]Cmd: DELETE
[2017.03.21-22.42.22:090][139]Cmd: ACTOR DELETE
[2017.03.21-22.42.22:091][139]LogEditorActor: Deleted Actor: Emitter
[2017.03.21-22.42.22:100][139]LogEditorActor: Deleted 1 Actors (0.010 secs)
[2017.03.21-22.42.24:294][402]LogEditorViewport: Clicking on Actor (LMB): Emitter (firetest)
[2017.03.21-22.42.37:350][873]LogEditorViewport: Clicking on Actor (LMB): Emitter (P_Fire4)
[2017.03.21-22.42.38:158][959]Cmd: DELETE
[2017.03.21-22.42.38:159][959]Cmd: ACTOR DELETE
[2017.03.21-22.42.38:159][959]LogEditorActor: Deleted Actor: Emitter
[2017.03.21-22.42.38:175][959]LogEditorActor: Deleted 1 Actors (0.016 secs)
[2017.03.21-22.42.40:423][228]LogEditorViewport: Clicking on Actor (LMB): Emitter (firetest)
[2017.03.21-22.43.25:869][240]LogEditorViewport: Clicking on Actor (LMB): Emitter (P_Fire2)
[2017.03.21-22.43.26:656][324]Cmd: DELETE
[2017.03.21-22.43.26:656][324]Cmd: ACTOR DELETE
[2017.03.21-22.43.26:657][324]LogEditorActor: Deleted Actor: Emitter
[2017.03.21-22.43.26:667][324]LogEditorActor: Deleted 1 Actors (0.011 secs)
[2017.03.21-22.43.27:587][433]LogEditorViewport: Clicking on Actor (LMB): Emitter (P_Fire)
[2017.03.21-22.43.27:700][439]Cmd: DELETE
[2017.03.21-22.43.27:700][439]Cmd: ACTOR DELETE
[2017.03.21-22.43.27:701][439]LogEditorActor: Deleted Actor: Emitter
[2017.03.21-22.43.27:711][439]LogEditorActor: Deleted 1 Actors (0.011 secs)
[2017.03.21-22.43.28:999][593]LogEditorViewport: Clicking on Actor (LMB): Emitter (firetest)
[2017.03.21-22.43.47:745][697]LogEditorViewport: Clicking on Actor (LMB): Emitter (P_Fire6)
[2017.03.21-22.43.48:792][815]Cmd: DELETE
[2017.03.21-22.43.48:792][815]Cmd: ACTOR DELETE
[2017.03.21-22.43.48:793][815]LogEditorActor: Deleted Actor: Emitter
[2017.03.21-22.43.48:802][815]LogEditorActor: Deleted 1 Actors (0.011 secs)
[2017.03.21-22.43.54:802][487]LogEditorViewport: Clicking on Actor (LMB): Emitter (P_Fire7)
[2017.03.21-22.43.55:535][569]Cmd: DELETE
[2017.03.21-22.43.55:535][569]Cmd: ACTOR DELETE
[2017.03.21-22.43.55:536][569]LogEditorActor: Deleted Actor: Emitter
[2017.03.21-22.43.55:545][569]LogEditorActor: Deleted 1 Actors (0.010 secs)
[2017.03.21-22.43.58:156][867]LogEditorViewport: Clicking on Actor (LMB): Emitter (firetest5)
[2017.03.21-22.46.41:340][838]LogEditorViewport: Clicking on Actor (LMB): Emitter (coins)
[2017.03.21-22.46.41:436][847]LogEditorViewport: Clicking on Component (LMB): ParticleSystemComponent (ParticleSystemComponent0)
[2017.03.21-22.48.40:615][645]LogFactory: FactoryCreateFile: StaticMesh with FbxFactory (0 0 C:\Users\u0950276\Desktop\coin.fbx)
[2017.03.21-22.48.40:632][645]LogFbx: ItemName: GlobalSettings, ItemCount : 1
[2017.03.21-22.48.40:632][645]LogFbx: ItemName: AnimationStack, ItemCount : 1
[2017.03.21-22.48.40:632][645]LogFbx: ItemName: AnimationLayer, ItemCount : 1
[2017.03.21-22.48.40:632][645]LogFbx: ItemName: Geometry, ItemCount : 1
[2017.03.21-22.48.40:632][645]LogFbx: ItemName: Material, ItemCount : 1
[2017.03.21-22.48.40:632][645]LogFbx: ItemName: Model, ItemCount : 1
[2017.03.21-22.48.40:639][645]LogFbx: Loading FBX Scene from C:\Users\u0950276\Desktop\coin.fbx
[2017.03.21-22.48.40:646][645]LogFbx: FBX Scene Loaded Succesfully
[2017.03.21-22.48.42:178][645]LogFbx: Loading FBX Scene from C:\Users\u0950276\Desktop\coin.fbx
[2017.03.21-22.48.42:182][645]LogFbx: FBX Scene Loaded Succesfully
[2017.03.21-22.48.42:185][645]LogLinker: Can't find file '/Game/stuff/lambert1'
[2017.03.21-22.48.42:186][645]LogLinker: Can't find file '/Game/stuff/lambert1'
[2017.03.21-22.48.42:191][645]LogMaterial: Missing cached shader map for material lambert1, compiling. 
[2017.03.21-22.48.42:191][645]LogTemp:Display: Added material ShaderMap 0x00000248FC9DC480 with Material 0x00000248CE5B8B80 to ShaderMapsBeingCompiled
[2017.03.21-22.48.42:211][645]LogTemp:Display: Kicking off shader compilation for lambert1, GameThreadShaderMap 0x00000248FC9DC480
[2017.03.21-22.48.42:213][645]LogFbx:Warning: Triangulating static mesh pCylinder1
[2017.03.21-22.48.42:221][645]LogStaticMesh: Building static mesh coin...
[2017.03.21-22.48.42:224][645]LogStaticMesh: Built static mesh [0.00s] /Game/stuff/coin.coin
[2017.03.21-22.48.42:231][645]FBXImport:Warning: Warning No smoothing group information was found in this FBX scene.  Please make sure to enable the 'Export Smoothing Groups' option in the FBX Exporter plug-in before exporting the file.  Even for tools that don't support smoothing groups, the FBX Exporter will generate appropriate smoothing data at export-time so that correct vertex normals can be inferred while importing. 
[2017.03.21-22.48.42:231][645]FBXImport:Warning: Warning Warning: The imported mesh is very small. This is most likely an issue with the units used when exporting to FBX. 
[2017.03.21-22.48.43:800][818]LogTemp:Display: Finished compile of shader map 0x00000248FC9DC480
[2017.03.21-22.48.43:800][818]LogTemp:Display: Shader map lambert1 complete, GameThreadShaderMap 0x00000248FC9DC480, marking material lambert1 as finished
[2017.03.21-22.48.43:800][818]LogTemp:Display: Marking material as finished 0x00000248CE5B8B80
[2017.03.21-22.48.56:182][804]LogActorFactory: Actor Factory created coin
[2017.03.21-22.48.58:013][991]LogActorFactory: Actor Factory created coin
[2017.03.21-22.49.08:191][ 68]LogEditorViewport: Clicking on Actor (LMB): Emitter (coins)
[2017.03.21-22.49.15:940][797]LogActorFactory: Actor Factory created coin
[2017.03.21-22.49.29:778][ 44]Cmd: OBJ SAVEPACKAGE PACKAGE="/Game/stuff/coin" FILE="../../../../../../Users/u0950276/Desktop/Templeint/Content/stuff/coin.uasset" SILENT=true
[2017.03.21-22.49.29:791][ 44]LogSavePackage: Save=11.48ms
[2017.03.21-22.49.29:791][ 44]LogSavePackage: Moving '../../../../../../Users/u0950276/Desktop/Templeint/Saved/coin225C28D2416025145C3617996B2BF379.tmp' to '../../../../../../Users/u0950276/Desktop/Templeint/Content/stuff/coin.uasset'
[2017.03.21-22.49.29:794][ 44]LogSavePackage:Display: Finished SavePackage ../../../../../../Users/u0950276/Desktop/Templeint/Content/stuff/coin.uasset
[2017.03.21-22.49.31:975][236]LogCascade: Quitting Cascade. FXSystem=0x00000248FC9F2E80
[2017.03.21-22.49.40:703][ 37]LogActorFactory: Actor Factory created coin
[2017.03.21-22.50.04:003][197]LogActorFactory: Actor Factory created coin
[2017.03.21-22.51.27:101][370]Cmd: OBJ SAVEPACKAGE PACKAGE="/Game/Minimal_Default" FILE="../../../../../../Users/u0950276/Desktop/Templeint/Saved/Autosaves/Game/Minimal_Default_Auto1.umap" SILENT=true AUTOSAVING=true KEEPDIRTY=false
[2017.03.21-22.51.27:266][370]LogSavePackage: Save=157.68ms
[2017.03.21-22.51.27:266][370]LogSavePackage: Moving '../../../../../../Users/u0950276/Desktop/Templeint/Saved/Minimal_Default_Auto1B20A4E0348EB57844D5182801D29D4FB.tmp' to '../../../../../../Users/u0950276/Desktop/Templeint/Saved/Autosaves/Game/Minimal_Default_Auto1.umap'
[2017.03.21-22.51.27:267][370]LogSavePackage:Display: Finished SavePackage ../../../../../../Users/u0950276/Desktop/Templeint/Saved/Autosaves/Game/Minimal_Default_Auto1.umap
[2017.03.21-22.51.27:271][370]LogFileHelpers: Editor autosave (incl. sublevels) for '/Game/Minimal_Default' took 0.180
[2017.03.21-22.51.27:271][370]LogFileHelpers: Editor autosave (incl. sublevels) for all levels took 0.180
[2017.03.21-22.51.27:273][370]OBJ SavePackage: Generating thumbnails for [1] asset(s) in package [/Game/StarterContent/Particles/coins] ([1] browsable assets)...
[2017.03.21-22.51.27:278][370]OBJ SavePackage:     Rendered thumbnail for [ParticleSystem /Game/StarterContent/Particles/coins.coins]
[2017.03.21-22.51.27:278][370]OBJ SavePackage: Finished generating thumbnails for package [/Game/StarterContent/Particles/coins]
[2017.03.21-22.51.27:288][370]LogSavePackage: Save=8.00ms
[2017.03.21-22.51.27:288][370]LogSavePackage: Moving '../../../../../../Users/u0950276/Desktop/Templeint/Saved/coins_Auto14FA3682346716C025789CBB6CF4EF51B.tmp' to '../../../../../../Users/u0950276/Desktop/Templeint/Saved/Autosaves/Game/StarterContent/Particles/coins_Auto1.uasset'
[2017.03.21-22.51.27:288][370]LogSavePackage:Display: Finished SavePackage ../../../../../../Users/u0950276/Desktop/Templeint/Saved/Autosaves/Game/StarterContent/Particles/coins_Auto1.uasset
[2017.03.21-22.51.27:289][370]OBJ SavePackage: Generating thumbnails for [1] asset(s) in package [/Game/stuff/lambert1] ([1] browsable assets)...
[2017.03.21-22.51.27:304][370]OBJ SavePackage:     Rendered thumbnail for [Material /Game/stuff/lambert1.lambert1]
[2017.03.21-22.51.27:304][370]OBJ SavePackage: Finished generating thumbnails for package [/Game/stuff/lambert1]
[2017.03.21-22.51.27:304][370]Cmd: OBJ SAVEPACKAGE PACKAGE="/Game/stuff/lambert1" FILE="../../../../../../Users/u0950276/Desktop/Templeint/Saved/Autosaves/Game/stuff/lambert1_Auto1.uasset" SILENT=false AUTOSAVING=true
[2017.03.21-22.51.27:318][370]LogSavePackage: Save=11.95ms
[2017.03.21-22.51.27:318][370]LogSavePackage: Moving '../../../../../../Users/u0950276/Desktop/Templeint/Saved/lambert1_Auto1F8454A53443B2EBB54BEDFB8A8520C84.tmp' to '../../../../../../Users/u0950276/Desktop/Templeint/Saved/Autosaves/Game/stuff/lambert1_Auto1.uasset'
[2017.03.21-22.51.27:318][370]LogSavePackage:Display: Finished SavePackage ../../../../../../Users/u0950276/Desktop/Templeint/Saved/Autosaves/Game/stuff/lambert1_Auto1.uasset
[2017.03.21-22.51.27:318][370]LogFileHelpers: Auto-saving content packages took 0.046
[2017.03.21-22.53.44:968][245]LogTexture:Display: Building textures: ThumbnailTexture (BGRA8)
[2017.03.21-22.56.33:861][489]LogMaterial:Warning: Material /Game/stuff/initialShadingGroup.initialShadingGroup needed to have new flag set bUsedWithParticleSprites !
[2017.03.21-22.56.33:864][489]LogMaterial: Missing cached shader map for material initialShadingGroup, compiling. 
[2017.03.21-22.56.33:864][489]LogTemp:Display: Added material ShaderMap 0x00000249092E1980 with Material 0x00000248EDC68400 to ShaderMapsBeingCompiled
[2017.03.21-22.56.33:899][489]LogTemp:Display: Kicking off shader compilation for initialShadingGroup, GameThreadShaderMap 0x00000249092E1980
[2017.03.21-22.56.33:901][489]LogMaterial: 0.00 seconds spent updating 1 materials, 1 interfaces, 0 instances, 0 with static permutations.
[2017.03.21-22.56.37:705][718]LogTemp:Display: Finished compile of shader map 0x00000249092E1980
[2017.03.21-22.56.37:705][718]LogTemp:Display: Shader map initialShadingGroup complete, GameThreadShaderMap 0x00000249092E1980, marking material initialShadingGroup as finished
[2017.03.21-22.56.37:705][718]LogTemp:Display: Marking material as finished 0x00000248EDC68400
[2017.03.21-22.56.37:916][736]LogMaterial:Warning: Material /Game/StarterContent/Materials/M_Basic_Floor.M_Basic_Floor needed to have new flag set bUsedWithParticleSprites !
[2017.03.21-22.56.37:919][736]LogMaterial: Missing cached shader map for material M_Basic_Floor, compiling. 
[2017.03.21-22.56.37:919][736]LogTemp:Display: Added material ShaderMap 0x000002488C2F9280 with Material 0x00000248CE71D900 to ShaderMapsBeingCompiled
[2017.03.21-22.56.37:948][736]LogTemp:Display: Kicking off shader compilation for M_Basic_Floor, GameThreadShaderMap 0x000002488C2F9280
[2017.03.21-22.56.37:950][736]LogMaterial: 0.00 seconds spent updating 1 materials, 1 interfaces, 0 instances, 0 with static permutations.
[2017.03.21-22.56.41:593][968]LogTemp:Display: Finished compile of shader map 0x000002488C2F9280
[2017.03.21-22.56.41:593][968]LogTemp:Display: Shader map M_Basic_Floor complete, GameThreadShaderMap 0x000002488C2F9280, marking material M_Basic_Floor as finished
[2017.03.21-22.56.41:593][968]LogTemp:Display: Marking material as finished 0x00000248CE71D900
[2017.03.21-22.56.44:622][245]LogCascade: Quitting Cascade. FXSystem=0x00000248833B2A20
[2017.03.21-22.57.13:708][262]LogCascade: Insert New Emitter Before 0
[2017.03.21-22.58.07:012][103]LogCascade: Quitting Cascade. FXSystem=0x000002490938CF40
[2017.03.21-22.58.07:109][103]LogCascade: Quitting Cascade. FXSystem=0x00000248D5EDBEC0
[2017.03.21-22.58.07:120][103]LogActorComponent: UnregisterComponent: (/Engine/Transient.FloorComponent) Not registered. Aborting.
[2017.03.21-22.58.07:202][103]LogCascade: Quitting Cascade. FXSystem=0x00000248FC9F05E0
[2017.03.21-22.58.07:221][103]LogActorComponent: UnregisterComponent: (/Engine/Transient.FloorComponent) Not registered. Aborting.
[2017.03.21-22.58.12:315][166]Cmd: QUIT_EDITOR
[2017.03.21-22.58.12:353][166]LogWindowsTextInputMethodSystem:Display: IME system now deactivated.
[2017.03.21-22.58.12:374][166]LogExit: Preparing to exit.
[2017.03.21-22.58.12:984][166]LogDirectoryWatcher: A directory notification for 'C:/Users/u0950276/Desktop/Templeint/Content/' was aborted.
[2017.03.21-22.58.13:004][166]LogExit: Editor shut down
[2017.03.21-22.58.13:004][166]LogExit: Transaction tracking system shut down
[2017.03.21-22.58.13:053][166]LogObj: Freed 0b from 0 cluster array pools.
[2017.03.21-22.58.13:053][166]LogExit: Object subsystem successfully closed.
[2017.03.21-22.58.13:075][166]LogD3D11RHI: Shutdown
[2017.03.21-22.58.13:075][166]LogD3D11RHI: CleanupD3DDevice
[2017.03.21-22.58.13:159][166]LogD3D11RHI: ~FD3D11DynamicRHI
[2017.03.21-22.58.13:169][166]LogModuleManager: Shutting down and abandoning module StaticMeshEditor (502)
[2017.03.21-22.58.13:169][166]LogModuleManager: Shutting down and abandoning module DistCurveEditor (500)
[2017.03.21-22.58.13:169][166]LogModuleManager: Shutting down and abandoning module Cascade (498)
[2017.03.21-22.58.13:170][166]LogModuleManager: Shutting down and abandoning module HierarchicalLODOutliner (496)
[2017.03.21-22.58.13:170][166]LogModuleManager: Shutting down and abandoning module CrashTracker (494)
[2017.03.21-22.58.13:170][166]LogModuleManager: Shutting down and abandoning module SceneOutliner (492)
[2017.03.21-22.58.13:170][166]LogModuleManager: Shutting down and abandoning module AddContentDialog (490)
[2017.03.21-22.58.13:170][166]LogDirectoryWatcher: A directory notification for 'C:/Program Files/Epic Games/UE_4.15/FeaturePacks/' was aborted.
[2017.03.21-22.58.13:172][166]LogModuleManager: Shutting down and abandoning module WidgetCarousel (489)
[2017.03.21-22.58.13:172][166]LogModuleManager: Shutting down and abandoning module EditorWidgets (486)
[2017.03.21-22.58.13:172][166]LogModuleManager: Shutting down and abandoning module CollectionManager (484)
[2017.03.21-22.58.13:172][166]LogDirectoryWatcher: A directory notification for 'C:/Users/u0950276/Desktop/Templeint/Content/Collections/' was aborted.
[2017.03.21-22.58.13:172][166]LogDirectoryWatcher: A directory notification for 'C:/Users/u0950276/Desktop/Templeint/Content/Developers/u0950276/Collections/' was aborted.
[2017.03.21-22.58.13:172][166]LogDirectoryWatcher: A directory notification for 'C:/Users/u0950276/Desktop/Templeint/Saved/Collections/' was aborted.
[2017.03.21-22.58.13:172][166]LogModuleManager: Shutting down and abandoning module StatsViewer (482)
[2017.03.21-22.58.13:172][166]LogModuleManager: Shutting down and abandoning module FoliageEdit (480)
[2017.03.21-22.58.13:172][166]LogModuleManager: Shutting down and abandoning module LandscapeEditor (478)
[2017.03.21-22.58.13:172][166]LogModuleManager: Shutting down and abandoning module SceneDepthPickerMode (476)
[2017.03.21-22.58.13:172][166]LogModuleManager: Shutting down and abandoning module ActorPickerMode (474)
[2017.03.21-22.58.13:172][166]LogModuleManager: Shutting down and abandoning module GeometryMode (472)
[2017.03.21-22.58.13:172][166]LogModuleManager: Shutting down and abandoning module TextureAlignMode (470)
[2017.03.21-22.58.13:172][166]LogModuleManager: Shutting down and abandoning module BspMode (468)
[2017.03.21-22.58.13:172][166]LogModuleManager: Shutting down and abandoning module HardwareSurvey (466)
[2017.03.21-22.58.13:172][166]LogModuleManager: Shutting down and abandoning module SequenceRecorderSections (464)
[2017.03.21-22.58.13:172][166]LogModuleManager: Shutting down and abandoning module AutomationWorker (462)
[2017.03.21-22.58.13:172][166]LogModuleManager: Shutting down and abandoning module MatineeToLevelSequence (460)
[2017.03.21-22.58.13:172][166]LogModuleManager: Shutting down and abandoning module LevelSequenceEditor (458)
[2017.03.21-22.58.13:172][166]LogModuleManager: Shutting down and abandoning module PlacementMode (457)
[2017.03.21-22.58.13:172][166]LogModuleManager: Shutting down and abandoning module WmfMediaFactory (454)
[2017.03.21-22.58.13:172][166]LogModuleManager: Shutting down and abandoning module WmfMediaEditor (452)
[2017.03.21-22.58.13:172][166]LogModuleManager: Shutting down and abandoning module MfMediaFactory (450)
[2017.03.21-22.58.13:172][166]LogModuleManager: Shutting down and abandoning module MfMediaEditor (448)
[2017.03.21-22.58.13:172][166]LogModuleManager: Shutting down and abandoning module AvfMediaFactory (446)
[2017.03.21-22.58.13:172][166]LogModuleManager: Shutting down and abandoning module AvfMediaEditor (444)
[2017.03.21-22.58.13:172][166]LogModuleManager: Shutting down and abandoning module AndroidMediaFactory (442)
[2017.03.21-22.58.13:172][166]LogModuleManager: Shutting down and abandoning module Media (441)
[2017.03.21-22.58.13:172][166]LogModuleManager: Shutting down and abandoning module AndroidMediaEditor (438)
[2017.03.21-22.58.13:172][166]LogModuleManager: Shutting down and abandoning module CharacterAI (436)
[2017.03.21-22.58.13:172][166]LogModuleManager: Shutting down and abandoning module AudioCapture (434)
[2017.03.21-22.58.13:172][166]LogModuleManager: Shutting down and abandoning module SequenceRecorder (433)
[2017.03.21-22.58.13:172][166]LogModuleManager: Shutting down and abandoning module SmartSnapping (430)
[2017.03.21-22.58.13:172][166]LogModuleManager: Shutting down and abandoning module SessionServices (428)
[2017.03.21-22.58.13:172][166]LogModuleManager: Shutting down and abandoning module ViewportSnapping (426)
[2017.03.21-22.58.13:172][166]LogModuleManager: Shutting down and abandoning module ViewportInteraction (424)
[2017.03.21-22.58.13:172][166]LogModuleManager: Shutting down and abandoning module LogVisualizer (422)
[2017.03.21-22.58.13:172][166]LogModuleManager: Shutting down and abandoning module IntroTutorials (420)
[2017.03.21-22.58.13:172][166]LogModuleManager: Shutting down and abandoning module GameProjectGeneration (419)
[2017.03.21-22.58.13:172][166]LogModuleManager: Shutting down and abandoning module EditorLiveStreaming (416)
[2017.03.21-22.58.13:172][166]LogModuleManager: Shutting down and abandoning module IOSPlatformEditor (414)
[2017.03.21-22.58.13:172][166]LogModuleManager: Shutting down and abandoning module HTML5PlatformEditor (412)
[2017.03.21-22.58.13:173][166]LogModuleManager: Shutting down and abandoning module AndroidPlatformEditor (410)
[2017.03.21-22.58.13:173][166]LogModuleManager: Shutting down and abandoning module AndroidDeviceDetection (409)
[2017.03.21-22.58.13:258][166]LogModuleManager: Shutting down and abandoning module IOSRuntimeSettings (406)
[2017.03.21-22.58.13:258][166]LogModuleManager: Shutting down and abandoning module AndroidRuntimeSettings (404)
[2017.03.21-22.58.13:258][166]LogModuleManager: Shutting down and abandoning module InputBindingEditor (402)
[2017.03.21-22.58.13:258][166]LogModuleManager: Shutting down and abandoning module NiagaraEditor (400)
[2017.03.21-22.58.13:258][166]LogModuleManager: Shutting down and abandoning module MergeActors (398)
[2017.03.21-22.58.13:258][166]LogModuleManager: Shutting down and abandoning module SizeMap (396)
[2017.03.21-22.58.13:258][166]LogModuleManager: Shutting down and abandoning module TreeMap (394)
[2017.03.21-22.58.13:258][166]LogModuleManager: Shutting down and abandoning module ReferenceViewer (392)
[2017.03.21-22.58.13:258][166]LogModuleManager: Shutting down and abandoning module LocalizationDashboard (390)
[2017.03.21-22.58.13:258][166]LogModuleManager: Shutting down and abandoning module LocalizationService (389)
[2017.03.21-22.58.13:258][166]LogModuleManager: Shutting down and abandoning module HardwareTargeting (386)
[2017.03.21-22.58.13:258][166]LogModuleManager: Shutting down and abandoning module DeviceProfileEditor (384)
[2017.03.21-22.58.13:258][166]LogModuleManager: Shutting down and abandoning module UndoHistory (382)
[2017.03.21-22.58.13:258][166]LogModuleManager: Shutting down and abandoning module UserFeedback (380)
[2017.03.21-22.58.13:258][166]LogModuleManager: Shutting down and abandoning module XmlParser (378)
[2017.03.21-22.58.13:258][166]LogModuleManager: Shutting down and abandoning module Blutility (376)
[2017.03.21-22.58.13:258][166]LogModuleManager: Shutting down and abandoning module ProjectSettingsViewer (374)
[2017.03.21-22.58.13:258][166]LogModuleManager: Shutting down and abandoning module ProjectTargetPlatformEditor (373)
[2017.03.21-22.58.13:259][166]LogModuleManager: Shutting down and abandoning module EditorSettingsViewer (370)
[2017.03.21-22.58.13:259][166]LogModuleManager: Shutting down and abandoning module SettingsEditor (368)
[2017.03.21-22.58.13:259][166]LogModuleManager: Shutting down and abandoning module ProjectLauncher (366)
[2017.03.21-22.58.13:259][166]LogModuleManager: Shutting down and abandoning module SessionFrontend (364)
[2017.03.21-22.58.13:259][166]LogModuleManager: Shutting down and abandoning module ProfilerClient (362)
[2017.03.21-22.58.13:259][166]LogModuleManager: Shutting down and abandoning module DeviceManager (360)
[2017.03.21-22.58.13:259][166]LogModuleManager: Shutting down and abandoning module TargetDeviceServices (359)
[2017.03.21-22.58.13:315][166]LogModuleManager: Shutting down and abandoning module AutomationController (356)
[2017.03.21-22.58.13:315][166]LogModuleManager: Shutting down and abandoning module AutomationWindow (354)
[2017.03.21-22.58.13:315][166]LogModuleManager: Shutting down and abandoning module Layers (352)
[2017.03.21-22.58.13:315][166]LogModuleManager: Shutting down and abandoning module ComponentVisualizers (350)
[2017.03.21-22.58.13:315][166]LogModuleManager: Shutting down and abandoning module DetailCustomizations (348)
[2017.03.21-22.58.13:315][166]LogModuleManager: Shutting down and abandoning module PackagesDialog (346)
[2017.03.21-22.58.13:315][166]LogModuleManager: Shutting down and abandoning module Persona (344)
[2017.03.21-22.58.13:315][166]LogModuleManager: Shutting down and abandoning module AnimGraph (343)
[2017.03.21-22.58.13:315][166]LogModuleManager: Shutting down and abandoning module Kismet (340)
[2017.03.21-22.58.13:315][166]LogModuleManager: Shutting down and abandoning module GraphEditor (338)
[2017.03.21-22.58.13:315][166]LogModuleManager: Shutting down and abandoning module ClassViewer (336)
[2017.03.21-22.58.13:315][166]LogModuleManager: Shutting down and abandoning module Toolbox (334)
[2017.03.21-22.58.13:315][166]LogModuleManager: Shutting down and abandoning module ModuleUI (332)
[2017.03.21-22.58.13:316][166]LogModuleManager: Shutting down and abandoning module MovieSceneTools (330)
[2017.03.21-22.58.13:316][166]LogModuleManager: Shutting down and abandoning module OutputLog (328)
[2017.03.21-22.58.13:316][166]LogModuleManager: Shutting down and abandoning module GammaUI (326)
[2017.03.21-22.58.13:316][166]LogModuleManager: Shutting down and abandoning module Documentation (324)
[2017.03.21-22.58.13:316][166]LogModuleManager: Shutting down and abandoning module Niagara (322)
[2017.03.21-22.58.13:316][166]LogModuleManager: Shutting down and abandoning module StreamingPauseRendering (320)
[2017.03.21-22.58.13:316][166]LogModuleManager: Shutting down and abandoning module AnalyticsET (318)
[2017.03.21-22.58.13:316][166]LogModuleManager: Shutting down and abandoning module PortalServices (316)
[2017.03.21-22.58.13:316][166]LogModuleManager: Shutting down and abandoning module PortalRpc (314)
[2017.03.21-22.58.13:316][166]LogModuleManager: Shutting down and abandoning module MessagingRpc (312)
[2017.03.21-22.58.13:316][166]LogModuleManager: Shutting down and abandoning module AIModule (310)
[2017.03.21-22.58.13:316][166]LogModuleManager: Shutting down and abandoning module GameplayDebugger (309)
[2017.03.21-22.58.13:316][166]LogModuleManager: Shutting down and abandoning module AITestSuite (307)
[2017.03.21-22.58.13:316][166]LogModuleManager: Shutting down and abandoning module ProfilerService (304)
[2017.03.21-22.58.13:330][166]LogModuleManager: Shutting down and abandoning module TaskGraph (302)
[2017.03.21-22.58.13:330][166]LogModuleManager: Shutting down and abandoning module SteamVRController (300)
[2017.03.21-22.58.13:330][166]LogModuleManager: Shutting down and abandoning module SteamVR (298)
[2017.03.21-22.58.13:330][166]LogModuleManager: Shutting down and abandoning module ProceduralMeshComponentEditor (296)
[2017.03.21-22.58.13:330][166]LogModuleManager: Shutting down and abandoning module ProceduralMeshComponent (294)
[2017.03.21-22.58.13:330][166]LogModuleManager: Shutting down and abandoning module OculusLibrary (292)
[2017.03.21-22.58.13:330][166]LogModuleManager: Shutting down and abandoning module OculusInput (290)
[2017.03.21-22.58.13:330][166]LogModuleManager: Shutting down and abandoning module MobilePatchingUtils (288)
[2017.03.21-22.58.13:330][166]LogModuleManager: Shutting down and abandoning module CustomMeshComponent (286)
[2017.03.21-22.58.13:330][166]LogModuleManager: Shutting down and abandoning module CableComponent (284)
[2017.03.21-22.58.13:330][166]LogModuleManager: Shutting down and abandoning module ArchVisCharacter (282)
[2017.03.21-22.58.13:330][166]LogModuleManager: Shutting down and abandoning module MediaPlayerEditor (278)
[2017.03.21-22.58.13:330][166]LogModuleManager: Shutting down and abandoning module HTML5Networking (276)
[2017.03.21-22.58.13:330][166]LogModuleManager: Shutting down and abandoning module AlembicImporter (274)
[2017.03.21-22.58.13:330][166]LogModuleManager: Shutting down and abandoning module AlembicLibrary (273)
[2017.03.21-22.58.13:330][166]LogModuleManager: Shutting down and abandoning module GeometryCache (272)
[2017.03.21-22.58.13:330][166]LogModuleManager: Shutting down and abandoning module GeometryCacheEd (271)
[2017.03.21-22.58.13:330][166]LogModuleManager: Shutting down and abandoning module SuperSearchEditor (266)
[2017.03.21-22.58.13:330][166]LogModuleManager: Shutting down and abandoning module SuperSearch (265)
[2017.03.21-22.58.13:330][166]LogModuleManager: Shutting down and abandoning module SpeedTreeImporter (262)
[2017.03.21-22.58.13:330][166]LogModuleManager: Shutting down and abandoning module PluginBrowser (260)
[2017.03.21-22.58.13:330][166]LogModuleManager: Shutting down and abandoning module MobileLauncherProfileWizard (258)
[2017.03.21-22.58.13:330][166]LogModuleManager: Shutting down and abandoning module EpicSurvey (256)
[2017.03.21-22.58.13:330][166]LogModuleManager: Shutting down and abandoning module VisualStudioSourceCodeAccess (254)
[2017.03.21-22.58.13:330][166]LogModuleManager: Shutting down and abandoning module DesktopPlatform (253)
[2017.03.21-22.58.13:330][166]LogModuleManager: Shutting down and abandoning module UObjectPlugin (250)
[2017.03.21-22.58.13:330][166]LogModuleManager: Shutting down and abandoning module SubversionSourceControl (248)
[2017.03.21-22.58.13:330][166]LogModuleManager: Shutting down and abandoning module PerforceSourceControl (246)
[2017.03.21-22.58.13:330][166]LogModuleManager: Shutting down and abandoning module GitSourceControl (244)
[2017.03.21-22.58.13:330][166]LogModuleManager: Shutting down and abandoning module SourceControl (243)
[2017.03.21-22.58.13:330][166]LogModuleManager: Shutting down and abandoning module LightPropagationVolumeEditor (240)
[2017.03.21-22.58.13:330][166]LogModuleManager: Shutting down and abandoning module PaperTiledImporter (238)
[2017.03.21-22.58.13:330][166]LogModuleManager: Shutting down and abandoning module PaperSpriteSheetImporter (236)
[2017.03.21-22.58.13:330][166]LogModuleManager: Shutting down and abandoning module Paper2DEditor (234)
[2017.03.21-22.58.13:330][166]LogModuleManager: Shutting down and abandoning module MeshPaint (233)
[2017.03.21-22.58.13:330][166]LogModuleManager: Shutting down and abandoning module LevelEditor (231)
[2017.03.21-22.58.13:331][166]LogModuleManager: Shutting down and abandoning module PixelInspectorModule (230)
[2017.03.21-22.58.13:331][166]LogModuleManager: Shutting down and abandoning module MainFrame (228)
[2017.03.21-22.58.13:331][166]LogModuleManager: Shutting down and abandoning module HotReload (227)
[2017.03.21-22.58.13:332][166]LogModuleManager: Shutting down and abandoning module ContentBrowser (223)
[2017.03.21-22.58.13:332][166]LogModuleManager: Shutting down and abandoning module PhysXVehiclesEditor (220)
[2017.03.21-22.58.13:332][166]LogModuleManager: Shutting down and abandoning module PhysXVehicles (218)
[2017.03.21-22.58.13:332][166]LogModuleManager: Shutting down and abandoning module LocationServicesBPLibrary (216)
[2017.03.21-22.58.13:332][166]LogModuleManager: Shutting down and abandoning module UdpMessaging (214)
[2017.03.21-22.58.13:433][166]LogModuleManager: Shutting down and abandoning module TcpMessaging (212)
[2017.03.21-22.58.13:533][166]LogModuleManager: Shutting down and abandoning module GameplayTagsEditor (210)
[2017.03.21-22.58.13:533][166]LogModuleManager: Shutting down and abandoning module FacialAnimationEditor (208)
[2017.03.21-22.58.13:533][166]LogModuleManager: Shutting down and abandoning module FacialAnimation (206)
[2017.03.21-22.58.13:533][166]LogModuleManager: Shutting down and abandoning module LightPropagationVolumeRuntime (204)
[2017.03.21-22.58.13:533][166]LogModuleManager: Shutting down and abandoning module Paper2D (202)
[2017.03.21-22.58.13:533][166]LogModuleManager: Shutting down and abandoning module WindowsMoviePlayer (200)
[2017.03.21-22.58.13:533][166]LogModuleManager: Shutting down and abandoning module WmfMedia (198)
[2017.03.21-22.58.13:533][166]LogModuleManager: Shutting down and abandoning module MfMedia (196)
[2017.03.21-22.58.13:533][166]LogModuleManager: Shutting down and abandoning module MediaAssets (194)
[2017.03.21-22.58.13:533][166]LogModuleManager: Shutting down and abandoning module GameLiveStreaming (192)
[2017.03.21-22.58.13:533][166]LogModuleManager: Shutting down and abandoning module VREditor (190)
[2017.03.21-22.58.13:533][166]LogModuleManager: Shutting down and abandoning module GameplayTasksEditor (188)
[2017.03.21-22.58.13:533][166]LogModuleManager: Shutting down and abandoning module BehaviorTreeEditor (186)
[2017.03.21-22.58.13:533][166]LogModuleManager: Shutting down and abandoning module FunctionalTesting (184)
[2017.03.21-22.58.13:533][166]LogModuleManager: Shutting down and abandoning module CollisionAnalyzer (182)
[2017.03.21-22.58.13:533][166]LogModuleManager: Shutting down and abandoning module UMG (180)
[2017.03.21-22.58.13:533][166]LogModuleManager: Shutting down and abandoning module UMGEditor (179)
[2017.03.21-22.58.13:533][166]LogModuleManager: Shutting down and abandoning module Sequencer (178)
[2017.03.21-22.58.13:533][166]LogModuleManager: Shutting down and abandoning module AssetTools (176)
[2017.03.21-22.58.13:533][166]LogModuleManager: Shutting down and abandoning module MessageLog (175)
[2017.03.21-22.58.13:533][166]LogModuleManager: Shutting down and abandoning module WorkspaceMenuStructure (174)
[2017.03.21-22.58.13:533][166]LogModuleManager: Shutting down and abandoning module SlateReflector (168)
[2017.03.21-22.58.13:533][166]LogModuleManager: Shutting down and abandoning module Slate (166)
[2017.03.21-22.58.13:533][166]LogModuleManager: Shutting down and abandoning module EditorStyle (164)
[2017.03.21-22.58.13:535][166]LogModuleManager: Shutting down and abandoning module SourceCodeAccess (162)
[2017.03.21-22.58.13:535][166]LogModuleManager: Shutting down and abandoning module HeadMountedDisplay (160)
[2017.03.21-22.58.13:535][166]LogModuleManager: Shutting down and abandoning module XAudio2 (158)
[2017.03.21-22.58.13:535][166]LogModuleManager: Shutting down and abandoning module Networking (156)
[2017.03.21-22.58.13:535][166]LogModuleManager: Shutting down and abandoning module Core (152)
[2017.03.21-22.58.13:535][166]LogModuleManager: Shutting down and abandoning module AssetRegistry (150)
[2017.03.21-22.58.13:716][166]LogDirectoryWatcher: A directory notification for '../../../Engine/Content/' was aborted.
[2017.03.21-22.58.13:716][166]LogDirectoryWatcher: A directory notification for '../../../../../../Users/u0950276/Desktop/Templeint/Content/' was aborted.
[2017.03.21-22.58.13:716][166]LogDirectoryWatcher: A directory notification for '../../../Engine/Plugins/2D/Paper2D/Content/' was aborted.
[2017.03.21-22.58.13:716][166]LogModuleManager: Shutting down and abandoning module DirectoryWatcher (149)
[2017.03.21-22.58.13:717][166]LogModuleManager: Shutting down and abandoning module KismetCompiler (146)
[2017.03.21-22.58.13:717][166]LogModuleManager: Shutting down and abandoning module PhysXFormats (144)
[2017.03.21-22.58.13:717][166]LogModuleManager: Shutting down and abandoning module MeshUtilities (142)
[2017.03.21-22.58.13:717][166]LogModuleManager: Shutting down and abandoning module SimplygonSwarm (141)
[2017.03.21-22.58.13:717][166]LogModuleManager: Shutting down and abandoning module SimplygonMeshReduction (139)
[2017.03.21-22.58.13:717][166]LogModuleManager: Shutting down and abandoning module QuadricMeshReduction (137)
[2017.03.21-22.58.13:717][166]LogModuleManager: Shutting down and abandoning module PropertyEditor (135)
[2017.03.21-22.58.13:717][166]LogModuleManager: Shutting down and abandoning module DerivedDataCache (132)
[2017.03.21-22.58.13:726][166]LogDerivedDataCache: Shutdown
[2017.03.21-22.58.13:726][166]LogModuleManager: Shutting down and abandoning module TargetPlatform (130)
[2017.03.21-22.58.13:726][166]LogModuleManager: Shutting down and abandoning module VulkanShaderFormat (129)
[2017.03.21-22.58.13:726][166]LogModuleManager: Shutting down and abandoning module ShaderFormatOpenGL (127)
[2017.03.21-22.58.13:726][166]LogModuleManager: Shutting down and abandoning module ShaderFormatD3D (125)
[2017.03.21-22.58.13:726][166]LogModuleManager: Shutting down and abandoning module MetalShaderFormat (123)
[2017.03.21-22.58.13:726][166]LogModuleManager: Shutting down and abandoning module TextureFormatUncompressed (121)
[2017.03.21-22.58.13:726][166]LogModuleManager: Shutting down and abandoning module TextureFormatPVR (119)
[2017.03.21-22.58.13:726][166]LogModuleManager: Shutting down and abandoning module TextureFormatDXT (117)
[2017.03.21-22.58.13:726][166]LogModuleManager: Shutting down and abandoning module TextureFormatIntelISPCTexComp (115)
[2017.03.21-22.58.13:726][166]LogModuleManager: Shutting down and abandoning module TextureFormatASTC (113)
[2017.03.21-22.58.13:726][166]LogModuleManager: Shutting down and abandoning module ImageWrapper (112)
[2017.03.21-22.58.13:726][166]LogModuleManager: Shutting down and abandoning module TextureFormatAndroid (109)
[2017.03.21-22.58.13:726][166]LogModuleManager: Shutting down and abandoning module AudioFormatOpus (107)
[2017.03.21-22.58.13:726][166]LogModuleManager: Shutting down and abandoning module AudioFormatOgg (105)
[2017.03.21-22.58.13:726][166]LogModuleManager: Shutting down and abandoning module AudioFormatADPCM (103)
[2017.03.21-22.58.13:726][166]LogModuleManager: Shutting down and abandoning module LinuxTargetPlatform (101)
[2017.03.21-22.58.13:726][166]LogModuleManager: Shutting down and abandoning module LinuxServerTargetPlatform (99)
[2017.03.21-22.58.13:726][166]LogModuleManager: Shutting down and abandoning module LinuxNoEditorTargetPlatform (97)
[2017.03.21-22.58.13:726][166]LogModuleManager: Shutting down and abandoning module LinuxClientTargetPlatform (95)
[2017.03.21-22.58.13:726][166]LogModuleManager: Shutting down and abandoning module TVOSTargetPlatform (93)
[2017.03.21-22.58.13:726][166]LogModuleManager: Shutting down and abandoning module Messaging (91)
[2017.03.21-22.58.13:726][166]LogModuleManager: Shutting down and abandoning module IOSTargetPlatform (89)
[2017.03.21-22.58.13:726][166]LogModuleManager: Shutting down and abandoning module HTML5TargetPlatform (87)
[2017.03.21-22.58.13:726][166]LogModuleManager: Shutting down and abandoning module Android_PVRTCTargetPlatform (85)
[2017.03.21-22.58.13:726][166]LogModuleManager: Shutting down and abandoning module Android_MultiTargetPlatform (83)
[2017.03.21-22.58.13:726][166]LogModuleManager: Shutting down and abandoning module Android_ETC2TargetPlatform (81)
[2017.03.21-22.58.13:726][166]LogModuleManager: Shutting down and abandoning module Android_ETC1TargetPlatform (79)
[2017.03.21-22.58.13:726][166]LogModuleManager: Shutting down and abandoning module Android_DXTTargetPlatform (77)
[2017.03.21-22.58.13:726][166]LogModuleManager: Shutting down and abandoning module Android_ATCTargetPlatform (75)
[2017.03.21-22.58.13:726][166]LogModuleManager: Shutting down and abandoning module Android_ASTCTargetPlatform (73)
[2017.03.21-22.58.13:726][166]LogModuleManager: Shutting down and abandoning module AndroidTargetPlatform (71)
[2017.03.21-22.58.13:726][166]LogModuleManager: Shutting down and abandoning module WindowsTargetPlatform (69)
[2017.03.21-22.58.13:726][166]LogModuleManager: Shutting down and abandoning module WindowsServerTargetPlatform (67)
[2017.03.21-22.58.13:727][166]LogModuleManager: Shutting down and abandoning module WindowsNoEditorTargetPlatform (65)
[2017.03.21-22.58.13:727][166]LogModuleManager: Shutting down and abandoning module WindowsClientTargetPlatform (63)
[2017.03.21-22.58.13:727][166]LogModuleManager: Shutting down and abandoning module MacTargetPlatform (61)
[2017.03.21-22.58.13:727][166]LogModuleManager: Shutting down and abandoning module MacServerTargetPlatform (59)
[2017.03.21-22.58.13:727][166]LogModuleManager: Shutting down and abandoning module MacNoEditorTargetPlatform (57)
[2017.03.21-22.58.13:727][166]LogModuleManager: Shutting down and abandoning module MacClientTargetPlatform (55)
[2017.03.21-22.58.13:727][166]LogModuleManager: Shutting down and abandoning module AllDesktopTargetPlatform (53)
[2017.03.21-22.58.13:727][166]LogModuleManager: Shutting down and abandoning module InputCore (50)
[2017.03.21-22.58.13:727][166]LogModuleManager: Shutting down and abandoning module Settings (48)
[2017.03.21-22.58.13:727][166]LogModuleManager: Shutting down and abandoning module OculusRift (46)
[2017.03.21-22.58.13:727][166]LogModuleManager: Shutting down and abandoning module ExampleDeviceProfileSelector (44)
[2017.03.21-22.58.13:727][166]LogModuleManager: Shutting down and abandoning module OnlineBlueprintSupport (42)
[2017.03.21-22.58.13:727][166]LogModuleManager: Shutting down and abandoning module OnlineSubsystem (38)
[2017.03.21-22.58.13:727][166]LogOnline:Display: Unloading online subsystem: NULL
[2017.03.21-22.58.13:727][166]LogModuleManager: Shutting down and abandoning module XMPP (37)
[2017.03.21-22.58.13:727][166]LogModuleManager: Shutting down and abandoning module HTTP (35)
[2017.03.21-22.58.13:727][166]LogHttp:Display: Http module shutting down, but needs to wait on 1 outstanding Http requests:
[2017.03.21-22.58.13:727][166]LogHttp:Display: 	verb=[POST] url=[https://datarouter.ol.epicgames.com/datarouter/api/v1/public/data?SessionID=%7B140011FB-42DF-5251-B270-DA82B2CBB603%7D&AppID=UEEditor.Rocket.Release&AppVersion=4.15.0-3299760%2B%2B%2BUE4%2BRelease-4.15&UserID=ad38a33f4d6d13f8a1e3ed820b2e2f5a%7C2daded6627a14036bce93fd683b49afb%7Ccacb3eb9-9498-414b-a7bd-2044d5071582&AppEnvironment=datacollector-binary&UploadType=eteventstream] status=Processing
[2017.03.21-22.58.13:744][166]LogModuleManager: Shutting down and abandoning module SSL (34)
[2017.03.21-22.58.13:745][166]LogModuleManager: Shutting down and abandoning module AudioEditor (30)
[2017.03.21-22.58.13:745][166]LogModuleManager: Shutting down and abandoning module TextureCompressor (28)
[2017.03.21-22.58.13:745][166]LogModuleManager: Shutting down and abandoning module ShaderCore (26)
[2017.03.21-22.58.13:745][166]LogModuleManager: Shutting down and abandoning module Landscape (24)
[2017.03.21-22.58.13:745][166]LogModuleManager: Shutting down and abandoning module SlateRHIRenderer (22)
[2017.03.21-22.58.13:746][166]LogModuleManager: Shutting down and abandoning module OpenGLDrv (20)
[2017.03.21-22.58.13:746][166]LogModuleManager: Shutting down and abandoning module D3D11RHI (18)
[2017.03.21-22.58.13:746][166]LogModuleManager: Shutting down and abandoning module AnimGraphRuntime (16)
[2017.03.21-22.58.13:746][166]LogModuleManager: Shutting down and abandoning module Renderer (14)
[2017.03.21-22.58.13:746][166]LogModuleManager: Shutting down and abandoning module Engine (12)
[2017.03.21-22.58.13:746][166]LogModuleManager: Shutting down and abandoning module CoreUObject (10)
[2017.03.21-22.58.13:746][166]LogModuleManager: Shutting down and abandoning module NetworkFile (8)
[2017.03.21-22.58.13:746][166]LogModuleManager: Shutting down and abandoning module StreamingFile (6)
[2017.03.21-22.58.13:746][166]LogModuleManager: Shutting down and abandoning module SandboxFile (4)
[2017.03.21-22.58.13:746][166]LogModuleManager: Shutting down and abandoning module PakFile (2)
[2017.03.21-22.58.13:748][166]LogExit: Exiting.
[2017.03.21-22.58.13:758][166]Log file closed, 03/21/17 16:58:13
